<?xml version="1.0" encoding="UTF-8"?>
<coverage generated="1745227941939" clover="3.2.0">
  <project timestamp="1745227941939" name="All files">
    <metrics statements="525" coveredstatements="500" conditionals="293" coveredconditionals="241" methods="88" coveredmethods="83" elements="906" coveredelements="824" complexity="0" loc="525" ncloc="525" packages="24" files="51" classes="51"/>
    <package name="config">
      <metrics statements="5" coveredstatements="5" conditionals="4" coveredconditionals="2" methods="0" coveredmethods="0"/>
      <file name="db.js" path="C:\PROYECTOS\INNOVA_PRO+\INNOVA_PRO+\backend\src\config\db.js">
        <metrics statements="5" coveredstatements="5" conditionals="4" coveredconditionals="2" methods="0" coveredmethods="0"/>
        <line num="1" count="15" type="stmt"/>
        <line num="2" count="15" type="stmt"/>
        <line num="5" count="15" type="stmt"/>
        <line num="8" count="15" type="stmt"/>
        <line num="29" count="15" type="stmt"/>
      </file>
    </package>
    <package name="models">
      <metrics statements="86" coveredstatements="82" conditionals="20" coveredconditionals="10" methods="16" coveredmethods="14"/>
      <file name="contacto_clientes.js" path="C:\PROYECTOS\INNOVA_PRO+\INNOVA_PRO+\backend\src\models\contacto_clientes.js">
        <metrics statements="6" coveredstatements="4" conditionals="0" coveredconditionals="0" methods="2" coveredmethods="1"/>
        <line num="1" count="8" type="stmt"/>
        <line num="2" count="8" type="stmt"/>
        <line num="19" count="8" type="stmt"/>
        <line num="20" count="0" type="stmt"/>
        <line num="21" count="0" type="stmt"/>
        <line num="24" count="8" type="stmt"/>
      </file>
      <file name="contacto_obras.js" path="C:\PROYECTOS\INNOVA_PRO+\INNOVA_PRO+\backend\src\models\contacto_obras.js">
        <metrics statements="6" coveredstatements="4" conditionals="0" coveredconditionals="0" methods="2" coveredmethods="1"/>
        <line num="1" count="8" type="stmt"/>
        <line num="2" count="8" type="stmt"/>
        <line num="19" count="8" type="stmt"/>
        <line num="20" count="0" type="stmt"/>
        <line num="21" count="0" type="stmt"/>
        <line num="24" count="8" type="stmt"/>
      </file>
      <file name="contrisunat.js" path="C:\PROYECTOS\INNOVA_PRO+\INNOVA_PRO+\backend\src\models\contrisunat.js">
        <metrics statements="3" coveredstatements="3" conditionals="0" coveredconditionals="0" methods="1" coveredmethods="1"/>
        <line num="1" count="8" type="stmt"/>
        <line num="2" count="8" type="stmt"/>
        <line num="23" count="8" type="stmt"/>
      </file>
      <file name="cotizacion_detalles.js" path="C:\PROYECTOS\INNOVA_PRO+\INNOVA_PRO+\backend\src\models\cotizacion_detalles.js">
        <metrics statements="3" coveredstatements="3" conditionals="0" coveredconditionals="0" methods="1" coveredmethods="1"/>
        <line num="2" count="8" type="stmt"/>
        <line num="3" count="8" type="stmt"/>
        <line num="60" count="8" type="stmt"/>
      </file>
      <file name="cotizaciones.js" path="C:\PROYECTOS\INNOVA_PRO+\INNOVA_PRO+\backend\src\models\cotizaciones.js">
        <metrics statements="7" coveredstatements="7" conditionals="0" coveredconditionals="0" methods="2" coveredmethods="2"/>
        <line num="2" count="8" type="stmt"/>
        <line num="3" count="8" type="stmt"/>
        <line num="80" count="8" type="stmt"/>
        <line num="81" count="8" type="stmt"/>
        <line num="85" count="8" type="stmt"/>
        <line num="89" count="8" type="stmt"/>
        <line num="95" count="8" type="stmt"/>
      </file>
      <file name="empresa_producto.js" path="C:\PROYECTOS\INNOVA_PRO+\INNOVA_PRO+\backend\src\models\empresa_producto.js">
        <metrics statements="3" coveredstatements="3" conditionals="0" coveredconditionals="0" methods="1" coveredmethods="1"/>
        <line num="1" count="8" type="stmt"/>
        <line num="2" count="8" type="stmt"/>
        <line num="29" count="8" type="stmt"/>
      </file>
      <file name="index.js" path="C:\PROYECTOS\INNOVA_PRO+\INNOVA_PRO+\backend\src\models\index.js">
        <metrics statements="36" coveredstatements="36" conditionals="20" coveredconditionals="10" methods="0" coveredmethods="0"/>
        <line num="3" count="8" type="stmt"/>
        <line num="4" count="8" type="stmt"/>
        <line num="5" count="8" type="stmt"/>
        <line num="7" count="8" type="stmt"/>
        <line num="8" count="8" type="stmt"/>
        <line num="10" count="8" type="stmt"/>
        <line num="11" count="8" type="stmt"/>
        <line num="13" count="8" type="stmt"/>
        <line num="14" count="8" type="stmt"/>
        <line num="16" count="8" type="stmt"/>
        <line num="17" count="8" type="stmt"/>
        <line num="21" count="8" type="stmt"/>
        <line num="22" count="8" type="stmt"/>
        <line num="26" count="8" type="stmt"/>
        <line num="27" count="8" type="stmt"/>
        <line num="30" count="8" type="stmt"/>
        <line num="31" count="8" type="stmt"/>
        <line num="34" count="8" type="stmt"/>
        <line num="37" count="8" type="stmt"/>
        <line num="40" count="8" type="stmt"/>
        <line num="41" count="8" type="stmt"/>
        <line num="44" count="8" type="stmt"/>
        <line num="45" count="8" type="stmt"/>
        <line num="48" count="8" type="cond" truecount="1" falsecount="1"/>
        <line num="49" count="8" type="cond" truecount="1" falsecount="1"/>
        <line num="50" count="8" type="cond" truecount="1" falsecount="1"/>
        <line num="51" count="8" type="cond" truecount="1" falsecount="1"/>
        <line num="52" count="8" type="cond" truecount="1" falsecount="1"/>
        <line num="53" count="8" type="cond" truecount="1" falsecount="1"/>
        <line num="54" count="8" type="cond" truecount="1" falsecount="1"/>
        <line num="55" count="8" type="cond" truecount="1" falsecount="1"/>
        <line num="56" count="8" type="cond" truecount="1" falsecount="1"/>
        <line num="57" count="8" type="cond" truecount="1" falsecount="1"/>
        <line num="60" count="8" type="stmt"/>
        <line num="61" count="8" type="stmt"/>
        <line num="63" count="8" type="stmt"/>
      </file>
      <file name="notificacion.js" path="C:\PROYECTOS\INNOVA_PRO+\INNOVA_PRO+\backend\src\models\notificacion.js">
        <metrics statements="5" coveredstatements="5" conditionals="0" coveredconditionals="0" methods="2" coveredmethods="2"/>
        <line num="1" count="8" type="stmt"/>
        <line num="2" count="8" type="stmt"/>
        <line num="22" count="8" type="stmt"/>
        <line num="23" count="8" type="stmt"/>
        <line num="28" count="8" type="stmt"/>
      </file>
      <file name="productos_servicios.js" path="C:\PROYECTOS\INNOVA_PRO+\INNOVA_PRO+\backend\src\models\productos_servicios.js">
        <metrics statements="5" coveredstatements="5" conditionals="0" coveredconditionals="0" methods="2" coveredmethods="2"/>
        <line num="1" count="8" type="stmt"/>
        <line num="2" count="8" type="stmt"/>
        <line num="30" count="8" type="stmt"/>
        <line num="31" count="8" type="stmt"/>
        <line num="39" count="8" type="stmt"/>
      </file>
      <file name="tareas.js" path="C:\PROYECTOS\INNOVA_PRO+\INNOVA_PRO+\backend\src\models\tareas.js">
        <metrics statements="9" coveredstatements="9" conditionals="0" coveredconditionals="0" methods="2" coveredmethods="2"/>
        <line num="1" count="8" type="stmt"/>
        <line num="2" count="8" type="stmt"/>
        <line num="79" count="8" type="stmt"/>
        <line num="80" count="8" type="stmt"/>
        <line num="84" count="8" type="stmt"/>
        <line num="88" count="8" type="stmt"/>
        <line num="92" count="8" type="stmt"/>
        <line num="96" count="8" type="stmt"/>
        <line num="102" count="8" type="stmt"/>
      </file>
      <file name="ubigeos.js" path="C:\PROYECTOS\INNOVA_PRO+\INNOVA_PRO+\backend\src\models\ubigeos.js">
        <metrics statements="3" coveredstatements="3" conditionals="0" coveredconditionals="0" methods="1" coveredmethods="1"/>
        <line num="1" count="8" type="stmt"/>
        <line num="2" count="8" type="stmt"/>
        <line num="15" count="8" type="stmt"/>
      </file>
    </package>
    <package name="modules.clientes.application.useCases">
      <metrics statements="32" coveredstatements="32" conditionals="16" coveredconditionals="9" methods="4" coveredmethods="4"/>
      <file name="actualizarCliente.js" path="C:\PROYECTOS\INNOVA_PRO+\INNOVA_PRO+\backend\src\modules\clientes\application\useCases\actualizarCliente.js">
        <metrics statements="13" coveredstatements="13" conditionals="8" coveredconditionals="4" methods="1" coveredmethods="1"/>
        <line num="1" count="1" type="stmt"/>
        <line num="3" count="1" type="stmt"/>
        <line num="4" count="1" type="stmt"/>
        <line num="5" count="1" type="cond" truecount="1" falsecount="1"/>
        <line num="7" count="1" type="stmt"/>
        <line num="8" count="1" type="cond" truecount="1" falsecount="1"/>
        <line num="10" count="1" type="stmt"/>
        <line num="11" count="1" type="cond" truecount="1" falsecount="1"/>
        <line num="13" count="1" type="stmt"/>
        <line num="14" count="1" type="cond" truecount="1" falsecount="1"/>
        <line num="16" count="1" type="stmt"/>
        <line num="17" count="1" type="stmt"/>
        <line num="19" count="1" type="stmt"/>
      </file>
      <file name="crearCliente.js" path="C:\PROYECTOS\INNOVA_PRO+\INNOVA_PRO+\backend\src\modules\clientes\application\useCases\crearCliente.js">
        <metrics statements="11" coveredstatements="11" conditionals="6" coveredconditionals="4" methods="1" coveredmethods="1"/>
        <line num="1" count="3" type="stmt"/>
        <line num="3" count="3" type="stmt"/>
        <line num="4" count="4" type="stmt"/>
        <line num="5" count="4" type="cond" truecount="2" falsecount="0"/>
        <line num="7" count="3" type="stmt"/>
        <line num="8" count="3" type="cond" truecount="1" falsecount="1"/>
        <line num="10" count="3" type="stmt"/>
        <line num="11" count="3" type="cond" truecount="1" falsecount="1"/>
        <line num="13" count="3" type="stmt"/>
        <line num="14" count="3" type="stmt"/>
        <line num="16" count="3" type="stmt"/>
      </file>
      <file name="eliminarCliente.js" path="C:\PROYECTOS\INNOVA_PRO+\INNOVA_PRO+\backend\src\modules\clientes\application\useCases\eliminarCliente.js">
        <metrics statements="5" coveredstatements="5" conditionals="2" coveredconditionals="1" methods="1" coveredmethods="1"/>
        <line num="1" count="1" type="stmt"/>
        <line num="2" count="1" type="stmt"/>
        <line num="3" count="1" type="cond" truecount="1" falsecount="1"/>
        <line num="5" count="1" type="stmt"/>
        <line num="6" count="1" type="stmt"/>
      </file>
      <file name="obtenerClientes.js" path="C:\PROYECTOS\INNOVA_PRO+\INNOVA_PRO+\backend\src\modules\clientes\application\useCases\obtenerClientes.js">
        <metrics statements="3" coveredstatements="3" conditionals="0" coveredconditionals="0" methods="1" coveredmethods="1"/>
        <line num="1" count="1" type="stmt"/>
        <line num="2" count="1" type="stmt"/>
        <line num="3" count="1" type="stmt"/>
      </file>
    </package>
    <package name="modules.clientes.domain.entities">
      <metrics statements="41" coveredstatements="39" conditionals="40" coveredconditionals="35" methods="5" coveredmethods="5"/>
      <file name="cliente.js" path="C:\PROYECTOS\INNOVA_PRO+\INNOVA_PRO+\backend\src\modules\clientes\domain\entities\cliente.js">
        <metrics statements="41" coveredstatements="39" conditionals="40" coveredconditionals="35" methods="5" coveredmethods="5"/>
        <line num="3" count="1" type="stmt"/>
        <line num="4" count="1" type="stmt"/>
        <line num="5" count="1" type="stmt"/>
        <line num="6" count="1" type="stmt"/>
        <line num="7" count="1" type="stmt"/>
        <line num="8" count="1" type="stmt"/>
        <line num="9" count="1" type="stmt"/>
        <line num="10" count="1" type="stmt"/>
        <line num="11" count="1" type="stmt"/>
        <line num="12" count="1" type="stmt"/>
        <line num="16" count="9" type="stmt"/>
        <line num="20" count="9" type="stmt"/>
        <line num="21" count="9" type="cond" truecount="2" falsecount="0"/>
        <line num="22" count="6" type="cond" truecount="4" falsecount="0"/>
        <line num="23" count="2" type="stmt"/>
        <line num="24" count="2" type="stmt"/>
        <line num="26" count="4" type="cond" truecount="1" falsecount="1"/>
        <line num="27" count="0" type="stmt"/>
        <line num="31" count="7" type="cond" truecount="2" falsecount="0"/>
        <line num="32" count="3" type="stmt"/>
        <line num="33" count="16" type="cond" truecount="3" falsecount="0"/>
        <line num="36" count="3" type="cond" truecount="2" falsecount="0"/>
        <line num="37" count="1" type="stmt"/>
        <line num="41" count="6" type="stmt"/>
        <line num="45" count="9" type="stmt"/>
        <line num="47" count="9" type="cond" truecount="2" falsecount="0"/>
        <line num="48" count="6" type="cond" truecount="6" falsecount="0"/>
        <line num="49" count="1" type="stmt"/>
        <line num="51" count="3" type="cond" truecount="2" falsecount="0"/>
        <line num="52" count="2" type="cond" truecount="2" falsecount="0"/>
        <line num="53" count="1" type="stmt"/>
        <line num="56" count="1" type="stmt"/>
        <line num="59" count="6" type="stmt"/>
        <line num="63" count="6" type="stmt"/>
        <line num="71" count="6" type="cond" truecount="2" falsecount="0"/>
        <line num="73" count="6" type="cond" truecount="2" falsecount="0"/>
        <line num="74" count="5" type="stmt"/>
        <line num="84" count="1" type="cond" truecount="1" falsecount="1"/>
        <line num="85" count="1" type="stmt"/>
        <line num="95" count="0" type="stmt"/>
        <line num="99" count="4" type="stmt"/>
      </file>
    </package>
    <package name="modules.clientes.infrastructure.models">
      <metrics statements="6" coveredstatements="6" conditionals="0" coveredconditionals="0" methods="1" coveredmethods="1"/>
      <file name="clienteModel.js" path="C:\PROYECTOS\INNOVA_PRO+\INNOVA_PRO+\backend\src\modules\clientes\infrastructure\models\clienteModel.js">
        <metrics statements="6" coveredstatements="6" conditionals="0" coveredconditionals="0" methods="1" coveredmethods="1"/>
        <line num="1" count="8" type="stmt"/>
        <line num="2" count="8" type="stmt"/>
        <line num="4" count="8" type="stmt"/>
        <line num="57" count="8" type="stmt"/>
        <line num="58" count="8" type="stmt"/>
        <line num="66" count="8" type="stmt"/>
      </file>
    </package>
    <package name="modules.clientes.infrastructure.repositories">
      <metrics statements="16" coveredstatements="16" conditionals="4" coveredconditionals="4" methods="6" coveredmethods="6"/>
      <file name="sequelizeClienteRepository.js" path="C:\PROYECTOS\INNOVA_PRO+\INNOVA_PRO+\backend\src\modules\clientes\infrastructure\repositories\sequelizeClienteRepository.js">
        <metrics statements="16" coveredstatements="16" conditionals="4" coveredconditionals="4" methods="6" coveredmethods="6"/>
        <line num="1" count="5" type="stmt"/>
        <line num="2" count="5" type="stmt"/>
        <line num="6" count="4" type="stmt"/>
        <line num="10" count="4" type="stmt"/>
        <line num="15" count="2" type="stmt"/>
        <line num="31" count="4" type="stmt"/>
        <line num="35" count="3" type="stmt"/>
        <line num="36" count="3" type="cond" truecount="2" falsecount="0"/>
        <line num="37" count="1" type="stmt"/>
        <line num="38" count="1" type="stmt"/>
        <line num="40" count="2" type="stmt"/>
        <line num="41" count="2" type="stmt"/>
        <line num="45" count="3" type="stmt"/>
        <line num="46" count="3" type="cond" truecount="2" falsecount="0"/>
        <line num="47" count="2" type="stmt"/>
        <line num="51" count="5" type="stmt"/>
      </file>
    </package>
    <package name="modules.clientes.infrastructure.services">
      <metrics statements="26" coveredstatements="24" conditionals="44" coveredconditionals="37" methods="1" coveredmethods="1"/>
      <file name="entidadService.js" path="C:\PROYECTOS\INNOVA_PRO+\INNOVA_PRO+\backend\src\modules\clientes\infrastructure\services\entidadService.js">
        <metrics statements="26" coveredstatements="24" conditionals="44" coveredconditionals="37" methods="1" coveredmethods="1"/>
        <line num="1" count="4" type="stmt"/>
        <line num="5" count="10" type="cond" truecount="4" falsecount="0"/>
        <line num="6" count="1" type="stmt"/>
        <line num="9" count="9" type="stmt"/>
        <line num="11" count="9" type="cond" truecount="4" falsecount="0"/>
        <line num="12" count="9" type="cond" truecount="2" falsecount="2"/>
        <line num="13" count="9" type="cond" truecount="4" falsecount="0"/>
        <line num="14" count="9" type="cond" truecount="4" falsecount="0"/>
        <line num="17" count="9" type="cond" truecount="2" falsecount="0"/>
        <line num="18" count="1" type="stmt"/>
        <line num="21" count="8" type="stmt"/>
        <line num="22" count="8" type="cond" truecount="2" falsecount="0"/>
        <line num="23" count="2" type="stmt"/>
        <line num="26" count="8" type="stmt"/>
        <line num="27" count="8" type="cond" truecount="2" falsecount="0"/>
        <line num="29" count="2" type="stmt"/>
        <line num="31" count="2" type="cond" truecount="2" falsecount="2"/>
        <line num="32" count="0" type="stmt"/>
        <line num="34" count="2" type="cond" truecount="4" falsecount="0"/>
        <line num="35" count="1" type="stmt"/>
        <line num="37" count="2" type="cond" truecount="4" falsecount="0"/>
        <line num="38" count="1" type="stmt"/>
        <line num="40" count="2" type="cond" truecount="2" falsecount="2"/>
        <line num="41" count="0" type="stmt"/>
        <line num="43" count="2" type="stmt"/>
        <line num="46" count="4" type="stmt"/>
      </file>
    </package>
    <package name="modules.contactos.application.useCases">
      <metrics statements="24" coveredstatements="24" conditionals="8" coveredconditionals="7" methods="4" coveredmethods="4"/>
      <file name="actualizarContacto.js" path="C:\PROYECTOS\INNOVA_PRO+\INNOVA_PRO+\backend\src\modules\contactos\application\useCases\actualizarContacto.js">
        <metrics statements="9" coveredstatements="9" conditionals="4" coveredconditionals="3" methods="1" coveredmethods="1"/>
        <line num="1" count="1" type="stmt"/>
        <line num="3" count="1" type="stmt"/>
        <line num="4" count="2" type="stmt"/>
        <line num="5" count="2" type="cond" truecount="2" falsecount="0"/>
        <line num="7" count="1" type="stmt"/>
        <line num="8" count="1" type="cond" truecount="1" falsecount="1"/>
        <line num="10" count="1" type="stmt"/>
        <line num="11" count="1" type="stmt"/>
        <line num="14" count="1" type="stmt"/>
      </file>
      <file name="crearContacto.js" path="C:\PROYECTOS\INNOVA_PRO+\INNOVA_PRO+\backend\src\modules\contactos\application\useCases\crearContacto.js">
        <metrics statements="7" coveredstatements="7" conditionals="2" coveredconditionals="2" methods="1" coveredmethods="1"/>
        <line num="1" count="4" type="stmt"/>
        <line num="3" count="4" type="stmt"/>
        <line num="4" count="5" type="stmt"/>
        <line num="5" count="5" type="cond" truecount="2" falsecount="0"/>
        <line num="7" count="4" type="stmt"/>
        <line num="8" count="4" type="stmt"/>
        <line num="10" count="4" type="stmt"/>
      </file>
      <file name="eliminarContacto.js" path="C:\PROYECTOS\INNOVA_PRO+\INNOVA_PRO+\backend\src\modules\contactos\application\useCases\eliminarContacto.js">
        <metrics statements="5" coveredstatements="5" conditionals="2" coveredconditionals="2" methods="1" coveredmethods="1"/>
        <line num="1" count="1" type="stmt"/>
        <line num="2" count="2" type="stmt"/>
        <line num="3" count="2" type="cond" truecount="2" falsecount="0"/>
        <line num="5" count="1" type="stmt"/>
        <line num="6" count="1" type="stmt"/>
      </file>
      <file name="obtenerContactos.js" path="C:\PROYECTOS\INNOVA_PRO+\INNOVA_PRO+\backend\src\modules\contactos\application\useCases\obtenerContactos.js">
        <metrics statements="3" coveredstatements="3" conditionals="0" coveredconditionals="0" methods="1" coveredmethods="1"/>
        <line num="1" count="1" type="stmt"/>
        <line num="2" count="1" type="stmt"/>
        <line num="3" count="1" type="stmt"/>
      </file>
    </package>
    <package name="modules.contactos.domain.entities">
      <metrics statements="19" coveredstatements="19" conditionals="14" coveredconditionals="13" methods="4" coveredmethods="4"/>
      <file name="contacto.js" path="C:\PROYECTOS\INNOVA_PRO+\INNOVA_PRO+\backend\src\modules\contactos\domain\entities\contacto.js">
        <metrics statements="19" coveredstatements="19" conditionals="14" coveredconditionals="13" methods="4" coveredmethods="4"/>
        <line num="3" count="1" type="stmt"/>
        <line num="4" count="1" type="stmt"/>
        <line num="5" count="1" type="stmt"/>
        <line num="6" count="1" type="stmt"/>
        <line num="7" count="1" type="stmt"/>
        <line num="8" count="1" type="stmt"/>
        <line num="12" count="10" type="stmt"/>
        <line num="14" count="10" type="cond" truecount="2" falsecount="0"/>
        <line num="15" count="7" type="cond" truecount="4" falsecount="0"/>
        <line num="16" count="2" type="stmt"/>
        <line num="19" count="8" type="cond" truecount="2" falsecount="0"/>
        <line num="20" count="3" type="stmt"/>
        <line num="21" count="12" type="stmt"/>
        <line num="28" count="3" type="cond" truecount="2" falsecount="0"/>
        <line num="29" count="1" type="stmt"/>
        <line num="33" count="7" type="stmt"/>
        <line num="37" count="6" type="stmt"/>
        <line num="46" count="6" type="stmt"/>
        <line num="50" count="5" type="stmt"/>
      </file>
    </package>
    <package name="modules.contactos.infrastructure.models">
      <metrics statements="7" coveredstatements="7" conditionals="0" coveredconditionals="0" methods="1" coveredmethods="1"/>
      <file name="contactoModel.js" path="C:\PROYECTOS\INNOVA_PRO+\INNOVA_PRO+\backend\src\modules\contactos\infrastructure\models\contactoModel.js">
        <metrics statements="7" coveredstatements="7" conditionals="0" coveredconditionals="0" methods="1" coveredmethods="1"/>
        <line num="1" count="8" type="stmt"/>
        <line num="2" count="8" type="stmt"/>
        <line num="4" count="8" type="stmt"/>
        <line num="35" count="8" type="stmt"/>
        <line num="36" count="8" type="stmt"/>
        <line num="43" count="8" type="stmt"/>
        <line num="51" count="8" type="stmt"/>
      </file>
    </package>
    <package name="modules.contactos.infrastructure.repositories">
      <metrics statements="33" coveredstatements="30" conditionals="20" coveredconditionals="17" methods="8" coveredmethods="7"/>
      <file name="sequelizeContactoRepository.js" path="C:\PROYECTOS\INNOVA_PRO+\INNOVA_PRO+\backend\src\modules\contactos\infrastructure\repositories\sequelizeContactoRepository.js">
        <metrics statements="33" coveredstatements="30" conditionals="20" coveredconditionals="17" methods="8" coveredmethods="7"/>
        <line num="1" count="5" type="stmt"/>
        <line num="2" count="5" type="stmt"/>
        <line num="6" count="0" type="stmt"/>
        <line num="11" count="5" type="stmt"/>
        <line num="13" count="5" type="stmt"/>
        <line num="16" count="5" type="cond" truecount="4" falsecount="0"/>
        <line num="17" count="2" type="stmt"/>
        <line num="22" count="2" type="cond" truecount="1" falsecount="1"/>
        <line num="23" count="3" type="stmt"/>
        <line num="27" count="2" type="stmt"/>
        <line num="32" count="5" type="cond" truecount="4" falsecount="0"/>
        <line num="33" count="2" type="stmt"/>
        <line num="38" count="2" type="cond" truecount="1" falsecount="1"/>
        <line num="39" count="2" type="stmt"/>
        <line num="43" count="2" type="stmt"/>
        <line num="47" count="5" type="stmt"/>
        <line num="49" count="5" type="stmt"/>
        <line num="53" count="2" type="stmt"/>
        <line num="73" count="6" type="stmt"/>
        <line num="82" count="2" type="stmt"/>
        <line num="83" count="2" type="cond" truecount="1" falsecount="1"/>
        <line num="85" count="0" type="stmt"/>
        <line num="86" count="0" type="stmt"/>
        <line num="88" count="2" type="stmt"/>
        <line num="91" count="2" type="cond" truecount="2" falsecount="0"/>
        <line num="92" count="1" type="stmt"/>
        <line num="95" count="2" type="cond" truecount="2" falsecount="0"/>
        <line num="96" count="1" type="stmt"/>
        <line num="99" count="2" type="stmt"/>
        <line num="103" count="3" type="stmt"/>
        <line num="104" count="3" type="cond" truecount="2" falsecount="0"/>
        <line num="105" count="2" type="stmt"/>
        <line num="110" count="5" type="stmt"/>
      </file>
    </package>
    <package name="modules.filiales.application.useCases">
      <metrics statements="28" coveredstatements="28" conditionals="12" coveredconditionals="11" methods="4" coveredmethods="4"/>
      <file name="actualizarFilial.js" path="C:\PROYECTOS\INNOVA_PRO+\INNOVA_PRO+\backend\src\modules\filiales\application\useCases\actualizarFilial.js">
        <metrics statements="10" coveredstatements="10" conditionals="6" coveredconditionals="5" methods="1" coveredmethods="1"/>
        <line num="1" count="1" type="stmt"/>
        <line num="3" count="1" type="stmt"/>
        <line num="4" count="3" type="stmt"/>
        <line num="5" count="3" type="cond" truecount="2" falsecount="0"/>
        <line num="7" count="2" type="stmt"/>
        <line num="8" count="2" type="cond" truecount="2" falsecount="0"/>
        <line num="10" count="1" type="stmt"/>
        <line num="11" count="1" type="cond" truecount="1" falsecount="1"/>
        <line num="13" count="1" type="stmt"/>
        <line num="15" count="1" type="stmt"/>
      </file>
      <file name="crearFilial.js" path="C:\PROYECTOS\INNOVA_PRO+\INNOVA_PRO+\backend\src\modules\filiales\application\useCases\crearFilial.js">
        <metrics statements="10" coveredstatements="10" conditionals="4" coveredconditionals="4" methods="1" coveredmethods="1"/>
        <line num="1" count="1" type="stmt"/>
        <line num="3" count="1" type="stmt"/>
        <line num="4" count="4" type="stmt"/>
        <line num="5" count="4" type="cond" truecount="2" falsecount="0"/>
        <line num="7" count="3" type="stmt"/>
        <line num="8" count="3" type="cond" truecount="2" falsecount="0"/>
        <line num="10" count="2" type="stmt"/>
        <line num="12" count="2" type="stmt"/>
        <line num="13" count="2" type="stmt"/>
        <line num="15" count="2" type="stmt"/>
      </file>
      <file name="eliminarFilial.js" path="C:\PROYECTOS\INNOVA_PRO+\INNOVA_PRO+\backend\src\modules\filiales\application\useCases\eliminarFilial.js">
        <metrics statements="5" coveredstatements="5" conditionals="2" coveredconditionals="2" methods="1" coveredmethods="1"/>
        <line num="1" count="1" type="stmt"/>
        <line num="2" count="2" type="stmt"/>
        <line num="3" count="2" type="cond" truecount="2" falsecount="0"/>
        <line num="5" count="1" type="stmt"/>
        <line num="6" count="1" type="stmt"/>
      </file>
      <file name="obtenerFiliales.js" path="C:\PROYECTOS\INNOVA_PRO+\INNOVA_PRO+\backend\src\modules\filiales\application\useCases\obtenerFiliales.js">
        <metrics statements="3" coveredstatements="3" conditionals="0" coveredconditionals="0" methods="1" coveredmethods="1"/>
        <line num="1" count="1" type="stmt"/>
        <line num="2" count="1" type="stmt"/>
        <line num="3" count="1" type="stmt"/>
      </file>
    </package>
    <package name="modules.filiales.domain.entities">
      <metrics statements="22" coveredstatements="21" conditionals="18" coveredconditionals="16" methods="3" coveredmethods="3"/>
      <file name="filial.js" path="C:\PROYECTOS\INNOVA_PRO+\INNOVA_PRO+\backend\src\modules\filiales\domain\entities\filial.js">
        <metrics statements="22" coveredstatements="21" conditionals="18" coveredconditionals="16" methods="3" coveredmethods="3"/>
        <line num="1" count="2" type="stmt"/>
        <line num="25" count="2" type="stmt"/>
        <line num="26" count="2" type="stmt"/>
        <line num="27" count="2" type="stmt"/>
        <line num="28" count="2" type="stmt"/>
        <line num="29" count="2" type="stmt"/>
        <line num="30" count="2" type="stmt"/>
        <line num="31" count="2" type="stmt"/>
        <line num="32" count="2" type="stmt"/>
        <line num="33" count="2" type="stmt"/>
        <line num="37" count="6" type="cond" truecount="2" falsecount="0"/>
        <line num="38" count="4" type="cond" truecount="6" falsecount="0"/>
        <line num="39" count="1" type="stmt"/>
        <line num="42" count="3" type="cond" truecount="1" falsecount="1"/>
        <line num="43" count="0" type="stmt"/>
        <line num="47" count="5" type="cond" truecount="2" falsecount="0"/>
        <line num="48" count="2" type="stmt"/>
        <line num="50" count="12" type="cond" truecount="3" falsecount="0"/>
        <line num="55" count="2" type="cond" truecount="2" falsecount="0"/>
        <line num="56" count="1" type="stmt"/>
        <line num="60" count="4" type="stmt"/>
        <line num="65" count="2" type="stmt"/>
      </file>
    </package>
    <package name="modules.filiales.infrastructure.models">
      <metrics statements="4" coveredstatements="4" conditionals="0" coveredconditionals="0" methods="0" coveredmethods="0"/>
      <file name="filialModel.js" path="C:\PROYECTOS\INNOVA_PRO+\INNOVA_PRO+\backend\src\modules\filiales\infrastructure\models\filialModel.js">
        <metrics statements="4" coveredstatements="4" conditionals="0" coveredconditionals="0" methods="0" coveredmethods="0"/>
        <line num="1" count="11" type="stmt"/>
        <line num="2" count="11" type="stmt"/>
        <line num="4" count="11" type="stmt"/>
        <line num="57" count="11" type="stmt"/>
      </file>
    </package>
    <package name="modules.filiales.infrastructure.repositories">
      <metrics statements="19" coveredstatements="16" conditionals="6" coveredconditionals="4" methods="6" coveredmethods="6"/>
      <file name="sequelizeFilialRepository.js" path="C:\PROYECTOS\INNOVA_PRO+\INNOVA_PRO+\backend\src\modules\filiales\infrastructure\repositories\sequelizeFilialRepository.js">
        <metrics statements="19" coveredstatements="16" conditionals="6" coveredconditionals="4" methods="6" coveredmethods="6"/>
        <line num="1" count="4" type="stmt"/>
        <line num="5" count="3" type="stmt"/>
        <line num="9" count="4" type="stmt"/>
        <line num="10" count="4" type="stmt"/>
        <line num="12" count="0" type="stmt"/>
        <line num="13" count="0" type="cond" truecount="0" falsecount="2"/>
        <line num="14" count="0" type="stmt"/>
        <line num="21" count="2" type="stmt"/>
        <line num="25" count="4" type="stmt"/>
        <line num="29" count="2" type="stmt"/>
        <line num="30" count="2" type="cond" truecount="2" falsecount="0"/>
        <line num="31" count="1" type="stmt"/>
        <line num="32" count="1" type="stmt"/>
        <line num="34" count="1" type="stmt"/>
        <line num="35" count="1" type="stmt"/>
        <line num="39" count="3" type="stmt"/>
        <line num="40" count="3" type="cond" truecount="2" falsecount="0"/>
        <line num="41" count="2" type="stmt"/>
        <line num="45" count="4" type="stmt"/>
      </file>
    </package>
    <package name="modules.filiales.infrastructure.services">
      <metrics statements="8" coveredstatements="7" conditionals="10" coveredconditionals="7" methods="1" coveredmethods="1"/>
      <file name="entidadService.js" path="C:\PROYECTOS\INNOVA_PRO+\INNOVA_PRO+\backend\src\modules\filiales\infrastructure\services\entidadService.js">
        <metrics statements="8" coveredstatements="7" conditionals="10" coveredconditionals="7" methods="1" coveredmethods="1"/>
        <line num="1" count="1" type="stmt"/>
        <line num="5" count="3" type="cond" truecount="3" falsecount="1"/>
        <line num="6" count="0" type="stmt"/>
        <line num="9" count="3" type="cond" truecount="1" falsecount="1"/>
        <line num="11" count="3" type="stmt"/>
        <line num="18" count="3" type="cond" truecount="2" falsecount="0"/>
        <line num="20" count="1" type="stmt"/>
        <line num="24" count="1" type="stmt"/>
      </file>
    </package>
    <package name="modules.obras.application.useCases">
      <metrics statements="23" coveredstatements="23" conditionals="8" coveredconditionals="7" methods="4" coveredmethods="4"/>
      <file name="actualizarObra.js" path="C:\PROYECTOS\INNOVA_PRO+\INNOVA_PRO+\backend\src\modules\obras\application\useCases\actualizarObra.js">
        <metrics statements="8" coveredstatements="8" conditionals="4" coveredconditionals="3" methods="1" coveredmethods="1"/>
        <line num="1" count="1" type="stmt"/>
        <line num="3" count="1" type="stmt"/>
        <line num="4" count="2" type="stmt"/>
        <line num="5" count="2" type="cond" truecount="2" falsecount="0"/>
        <line num="7" count="1" type="stmt"/>
        <line num="8" count="1" type="cond" truecount="1" falsecount="1"/>
        <line num="10" count="1" type="stmt"/>
        <line num="12" count="1" type="stmt"/>
      </file>
      <file name="crearObra.js" path="C:\PROYECTOS\INNOVA_PRO+\INNOVA_PRO+\backend\src\modules\obras\application\useCases\crearObra.js">
        <metrics statements="7" coveredstatements="7" conditionals="2" coveredconditionals="2" methods="1" coveredmethods="1"/>
        <line num="1" count="4" type="stmt"/>
        <line num="3" count="4" type="stmt"/>
        <line num="4" count="5" type="stmt"/>
        <line num="5" count="5" type="cond" truecount="2" falsecount="0"/>
        <line num="7" count="4" type="stmt"/>
        <line num="8" count="4" type="stmt"/>
        <line num="10" count="4" type="stmt"/>
      </file>
      <file name="eliminarObra.js" path="C:\PROYECTOS\INNOVA_PRO+\INNOVA_PRO+\backend\src\modules\obras\application\useCases\eliminarObra.js">
        <metrics statements="5" coveredstatements="5" conditionals="2" coveredconditionals="2" methods="1" coveredmethods="1"/>
        <line num="1" count="1" type="stmt"/>
        <line num="2" count="2" type="stmt"/>
        <line num="3" count="2" type="cond" truecount="2" falsecount="0"/>
        <line num="5" count="1" type="stmt"/>
        <line num="6" count="1" type="stmt"/>
      </file>
      <file name="obtenerObras.js" path="C:\PROYECTOS\INNOVA_PRO+\INNOVA_PRO+\backend\src\modules\obras\application\useCases\obtenerObras.js">
        <metrics statements="3" coveredstatements="3" conditionals="0" coveredconditionals="0" methods="1" coveredmethods="1"/>
        <line num="1" count="1" type="stmt"/>
        <line num="2" count="1" type="stmt"/>
        <line num="3" count="1" type="stmt"/>
      </file>
    </package>
    <package name="modules.obras.domain.entities">
      <metrics statements="19" coveredstatements="17" conditionals="18" coveredconditionals="15" methods="3" coveredmethods="3"/>
      <file name="obra.js" path="C:\PROYECTOS\INNOVA_PRO+\INNOVA_PRO+\backend\src\modules\obras\domain\entities\obra.js">
        <metrics statements="19" coveredstatements="17" conditionals="18" coveredconditionals="15" methods="3" coveredmethods="3"/>
        <line num="11" count="4" type="stmt"/>
        <line num="12" count="4" type="stmt"/>
        <line num="13" count="4" type="stmt"/>
        <line num="14" count="4" type="stmt"/>
        <line num="15" count="4" type="stmt"/>
        <line num="16" count="4" type="stmt"/>
        <line num="17" count="4" type="stmt"/>
        <line num="21" count="6" type="cond" truecount="2" falsecount="0"/>
        <line num="22" count="5" type="cond" truecount="6" falsecount="0"/>
        <line num="23" count="1" type="stmt"/>
        <line num="26" count="4" type="cond" truecount="1" falsecount="1"/>
        <line num="27" count="0" type="stmt"/>
        <line num="31" count="5" type="cond" truecount="2" falsecount="0"/>
        <line num="32" count="1" type="stmt"/>
        <line num="34" count="3" type="cond" truecount="3" falsecount="0"/>
        <line num="39" count="1" type="cond" truecount="1" falsecount="1"/>
        <line num="40" count="0" type="stmt"/>
        <line num="44" count="5" type="stmt"/>
        <line num="49" count="4" type="stmt"/>
      </file>
    </package>
    <package name="modules.obras.infrastructure.models">
      <metrics statements="6" coveredstatements="6" conditionals="0" coveredconditionals="0" methods="1" coveredmethods="1"/>
      <file name="obraModel.js" path="C:\PROYECTOS\INNOVA_PRO+\INNOVA_PRO+\backend\src\modules\obras\infrastructure\models\obraModel.js">
        <metrics statements="6" coveredstatements="6" conditionals="0" coveredconditionals="0" methods="1" coveredmethods="1"/>
        <line num="1" count="12" type="stmt"/>
        <line num="2" count="12" type="stmt"/>
        <line num="4" count="12" type="stmt"/>
        <line num="56" count="12" type="stmt"/>
        <line num="57" count="8" type="stmt"/>
        <line num="65" count="12" type="stmt"/>
      </file>
    </package>
    <package name="modules.obras.infrastructure.repositories">
      <metrics statements="15" coveredstatements="14" conditionals="4" coveredconditionals="4" methods="6" coveredmethods="5"/>
      <file name="sequelizeObraRepository.js" path="C:\PROYECTOS\INNOVA_PRO+\INNOVA_PRO+\backend\src\modules\obras\infrastructure\repositories\sequelizeObraRepository.js">
        <metrics statements="15" coveredstatements="14" conditionals="4" coveredconditionals="4" methods="6" coveredmethods="5"/>
        <line num="1" count="5" type="stmt"/>
        <line num="5" count="0" type="stmt"/>
        <line num="9" count="5" type="stmt"/>
        <line num="13" count="2" type="stmt"/>
        <line num="17" count="6" type="stmt"/>
        <line num="21" count="3" type="stmt"/>
        <line num="22" count="3" type="cond" truecount="2" falsecount="0"/>
        <line num="23" count="1" type="stmt"/>
        <line num="24" count="1" type="stmt"/>
        <line num="26" count="2" type="stmt"/>
        <line num="27" count="2" type="stmt"/>
        <line num="31" count="3" type="stmt"/>
        <line num="32" count="3" type="cond" truecount="2" falsecount="0"/>
        <line num="33" count="2" type="stmt"/>
        <line num="37" count="5" type="stmt"/>
      </file>
    </package>
    <package name="modules.usuarios.application.useCases">
      <metrics statements="53" coveredstatements="52" conditionals="22" coveredconditionals="21" methods="6" coveredmethods="6"/>
      <file name="actualizarUsuario.js" path="C:\PROYECTOS\INNOVA_PRO+\INNOVA_PRO+\backend\src\modules\usuarios\application\useCases\actualizarUsuario.js">
        <metrics statements="11" coveredstatements="11" conditionals="6" coveredconditionals="6" methods="1" coveredmethods="1"/>
        <line num="1" count="1" type="stmt"/>
        <line num="3" count="1" type="stmt"/>
        <line num="4" count="6" type="stmt"/>
        <line num="5" count="6" type="cond" truecount="2" falsecount="0"/>
        <line num="7" count="5" type="stmt"/>
        <line num="8" count="5" type="cond" truecount="2" falsecount="0"/>
        <line num="11" count="2" type="stmt"/>
        <line num="12" count="2" type="cond" truecount="2" falsecount="0"/>
        <line num="13" count="1" type="stmt"/>
        <line num="16" count="1" type="stmt"/>
        <line num="18" count="1" type="stmt"/>
      </file>
      <file name="crearUsuario.js" path="C:\PROYECTOS\INNOVA_PRO+\INNOVA_PRO+\backend\src\modules\usuarios\application\useCases\crearUsuario.js">
        <metrics statements="11" coveredstatements="10" conditionals="4" coveredconditionals="3" methods="1" coveredmethods="1"/>
        <line num="1" count="1" type="stmt"/>
        <line num="2" count="1" type="stmt"/>
        <line num="4" count="1" type="stmt"/>
        <line num="6" count="3" type="stmt"/>
        <line num="7" count="3" type="cond" truecount="2" falsecount="0"/>
        <line num="10" count="1" type="stmt"/>
        <line num="11" count="1" type="cond" truecount="1" falsecount="1"/>
        <line num="12" count="0" type="stmt"/>
        <line num="15" count="1" type="stmt"/>
        <line num="16" count="1" type="stmt"/>
        <line num="18" count="1" type="stmt"/>
      </file>
      <file name="eliminarUsuario.js" path="C:\PROYECTOS\INNOVA_PRO+\INNOVA_PRO+\backend\src\modules\usuarios\application\useCases\eliminarUsuario.js">
        <metrics statements="5" coveredstatements="5" conditionals="2" coveredconditionals="2" methods="1" coveredmethods="1"/>
        <line num="1" count="1" type="stmt"/>
        <line num="2" count="2" type="stmt"/>
        <line num="3" count="2" type="cond" truecount="2" falsecount="0"/>
        <line num="5" count="1" type="stmt"/>
        <line num="6" count="1" type="stmt"/>
      </file>
      <file name="loginUsuario.js" path="C:\PROYECTOS\INNOVA_PRO+\INNOVA_PRO+\backend\src\modules\usuarios\application\useCases\loginUsuario.js">
        <metrics statements="19" coveredstatements="19" conditionals="8" coveredconditionals="8" methods="1" coveredmethods="1"/>
        <line num="1" count="1" type="stmt"/>
        <line num="2" count="1" type="stmt"/>
        <line num="3" count="1" type="stmt"/>
        <line num="4" count="1" type="stmt"/>
        <line num="6" count="1" type="stmt"/>
        <line num="7" count="5" type="stmt"/>
        <line num="8" count="5" type="cond" truecount="2" falsecount="0"/>
        <line num="10" count="4" type="stmt"/>
        <line num="12" count="4" type="stmt"/>
        <line num="13" count="4" type="cond" truecount="2" falsecount="0"/>
        <line num="14" count="1" type="stmt"/>
        <line num="17" count="3" type="stmt"/>
        <line num="18" count="3" type="cond" truecount="2" falsecount="0"/>
        <line num="19" count="1" type="stmt"/>
        <line num="22" count="2" type="stmt"/>
        <line num="23" count="2" type="cond" truecount="2" falsecount="0"/>
        <line num="24" count="1" type="stmt"/>
        <line num="27" count="1" type="stmt"/>
        <line num="33" count="1" type="stmt"/>
      </file>
      <file name="obtenerUsuarioPorId.js" path="C:\PROYECTOS\INNOVA_PRO+\INNOVA_PRO+\backend\src\modules\usuarios\application\useCases\obtenerUsuarioPorId.js">
        <metrics statements="4" coveredstatements="4" conditionals="2" coveredconditionals="2" methods="1" coveredmethods="1"/>
        <line num="1" count="1" type="stmt"/>
        <line num="2" count="2" type="stmt"/>
        <line num="3" count="2" type="cond" truecount="2" falsecount="0"/>
        <line num="5" count="1" type="stmt"/>
      </file>
      <file name="obtenerUsuarios.js" path="C:\PROYECTOS\INNOVA_PRO+\INNOVA_PRO+\backend\src\modules\usuarios\application\useCases\obtenerUsuarios.js">
        <metrics statements="3" coveredstatements="3" conditionals="0" coveredconditionals="0" methods="1" coveredmethods="1"/>
        <line num="1" count="1" type="stmt"/>
        <line num="2" count="2" type="stmt"/>
        <line num="3" count="2" type="stmt"/>
      </file>
    </package>
    <package name="modules.usuarios.domain.entities">
      <metrics statements="25" coveredstatements="20" conditionals="25" coveredconditionals="22" methods="3" coveredmethods="2"/>
      <file name="usuario.js" path="C:\PROYECTOS\INNOVA_PRO+\INNOVA_PRO+\backend\src\modules\usuarios\domain\entities\usuario.js">
        <metrics statements="25" coveredstatements="20" conditionals="25" coveredconditionals="22" methods="3" coveredmethods="2"/>
        <line num="3" count="0" type="stmt"/>
        <line num="4" count="0" type="stmt"/>
        <line num="5" count="0" type="stmt"/>
        <line num="6" count="0" type="stmt"/>
        <line num="10" count="8" type="stmt"/>
        <line num="12" count="8" type="cond" truecount="2" falsecount="0"/>
        <line num="13" count="3" type="cond" truecount="2" falsecount="0"/>
        <line num="15" count="2" type="stmt"/>
        <line num="16" count="2" type="cond" truecount="2" falsecount="0"/>
        <line num="17" count="1" type="stmt"/>
        <line num="21" count="6" type="cond" truecount="5" falsecount="0"/>
        <line num="23" count="5" type="stmt"/>
        <line num="24" count="5" type="cond" truecount="1" falsecount="1"/>
        <line num="26" count="5" type="stmt"/>
        <line num="27" count="5" type="cond" truecount="2" falsecount="0"/>
        <line num="29" count="4" type="stmt"/>
        <line num="38" count="4" type="cond" truecount="2" falsecount="0"/>
        <line num="40" count="3" type="stmt"/>
        <line num="44" count="5" type="cond" truecount="5" falsecount="0"/>
        <line num="45" count="1" type="stmt"/>
        <line num="48" count="4" type="stmt"/>
        <line num="49" count="4" type="cond" truecount="1" falsecount="1"/>
        <line num="50" count="0" type="stmt"/>
        <line num="53" count="4" type="stmt"/>
        <line num="57" count="3" type="stmt"/>
      </file>
    </package>
    <package name="modules.usuarios.infrastructure.models">
      <metrics statements="4" coveredstatements="4" conditionals="0" coveredconditionals="0" methods="0" coveredmethods="0"/>
      <file name="usuarioModel.js" path="C:\PROYECTOS\INNOVA_PRO+\INNOVA_PRO+\backend\src\modules\usuarios\infrastructure\models\usuarioModel.js">
        <metrics statements="4" coveredstatements="4" conditionals="0" coveredconditionals="0" methods="0" coveredmethods="0"/>
        <line num="1" count="8" type="stmt"/>
        <line num="2" count="8" type="stmt"/>
        <line num="4" count="8" type="stmt"/>
        <line num="43" count="8" type="stmt"/>
      </file>
    </package>
    <package name="modules.usuarios.infrastructure.services">
      <metrics statements="4" coveredstatements="4" conditionals="0" coveredconditionals="0" methods="1" coveredmethods="1"/>
      <file name="entidadService.js" path="C:\PROYECTOS\INNOVA_PRO+\INNOVA_PRO+\backend\src\modules\usuarios\infrastructure\services\entidadService.js">
        <metrics statements="4" coveredstatements="4" conditionals="0" coveredconditionals="0" methods="1" coveredmethods="1"/>
        <line num="1" count="1" type="stmt"/>
        <line num="8" count="1" type="stmt"/>
        <line num="9" count="1" type="stmt"/>
        <line num="17" count="1" type="stmt"/>
      </file>
    </package>
  </project>
</coverage>
