{"C:\\PROYECTOS\\INNOVA_PRO+\\INNOVA_PRO+\\backend\\src\\config\\db.js": {"path":"C:\\PROYECTOS\\INNOVA_PRO+\\INNOVA_PRO+\\backend\\src\\config\\db.js","statementMap":{"0":{"start":{"line":1,"column":0},"end":{"line":1,"column":27}},"1":{"start":{"line":2,"column":22},"end":{"line":2,"column":42}},"2":{"start":{"line":5,"column":21},"end":{"line":5,"column":57}},"3":{"start":{"line":8,"column":18},"end":{"line":27,"column":3}},"4":{"start":{"line":29,"column":0},"end":{"line":29,"column":27}}},"fnMap":{},"branchMap":{"0":{"loc":{"start":{"line":14,"column":15},"end":{"line":14,"column":48}},"type":"binary-expr","locations":[{"start":{"line":14,"column":15},"end":{"line":14,"column":37}},{"start":{"line":14,"column":41},"end":{"line":14,"column":48}}],"line":14},"1":{"loc":{"start":{"line":21,"column":17},"end":{"line":21,"column":37}},"type":"cond-expr","locations":[{"start":{"line":21,"column":32},"end":{"line":21,"column":33}},{"start":{"line":21,"column":36},"end":{"line":21,"column":37}}],"line":21}},"s":{"0":15,"1":15,"2":15,"3":15,"4":15},"f":{},"b":{"0":[15,0],"1":[0,15]},"_coverageSchema":"1a1c01bbd47fc00a2c39e90264f33305004495a9","hash":"78347ebc7333d1f385f08b8e1286fd11fca625c2"}
,"C:\\PROYECTOS\\INNOVA_PRO+\\INNOVA_PRO+\\backend\\src\\models\\contacto_clientes.js": {"path":"C:\\PROYECTOS\\INNOVA_PRO+\\INNOVA_PRO+\\backend\\src\\models\\contacto_clientes.js","statementMap":{"0":{"start":{"line":1,"column":0},"end":{"line":25,"column":2}},"1":{"start":{"line":2,"column":30},"end":{"line":17,"column":5}},"2":{"start":{"line":19,"column":4},"end":{"line":22,"column":6}},"3":{"start":{"line":20,"column":8},"end":{"line":20,"column":101}},"4":{"start":{"line":21,"column":8},"end":{"line":21,"column":98}},"5":{"start":{"line":24,"column":4},"end":{"line":24,"column":29}}},"fnMap":{"0":{"name":"(anonymous_0)","decl":{"start":{"line":1,"column":17},"end":{"line":1,"column":18}},"loc":{"start":{"line":1,"column":43},"end":{"line":25,"column":1}},"line":1},"1":{"name":"(anonymous_1)","decl":{"start":{"line":19,"column":34},"end":{"line":19,"column":35}},"loc":{"start":{"line":19,"column":46},"end":{"line":22,"column":5}},"line":19}},"branchMap":{},"s":{"0":8,"1":8,"2":8,"3":0,"4":0,"5":8},"f":{"0":8,"1":0},"b":{},"_coverageSchema":"1a1c01bbd47fc00a2c39e90264f33305004495a9","hash":"4f79df7de6a26b487532e9cbba56cd6f9369ec40"}
,"C:\\PROYECTOS\\INNOVA_PRO+\\INNOVA_PRO+\\backend\\src\\models\\contacto_obras.js": {"path":"C:\\PROYECTOS\\INNOVA_PRO+\\INNOVA_PRO+\\backend\\src\\models\\contacto_obras.js","statementMap":{"0":{"start":{"line":1,"column":0},"end":{"line":25,"column":2}},"1":{"start":{"line":2,"column":27},"end":{"line":17,"column":5}},"2":{"start":{"line":19,"column":4},"end":{"line":22,"column":6}},"3":{"start":{"line":20,"column":8},"end":{"line":20,"column":98}},"4":{"start":{"line":21,"column":8},"end":{"line":21,"column":86}},"5":{"start":{"line":24,"column":4},"end":{"line":24,"column":26}}},"fnMap":{"0":{"name":"(anonymous_0)","decl":{"start":{"line":1,"column":17},"end":{"line":1,"column":18}},"loc":{"start":{"line":1,"column":43},"end":{"line":25,"column":1}},"line":1},"1":{"name":"(anonymous_1)","decl":{"start":{"line":19,"column":31},"end":{"line":19,"column":32}},"loc":{"start":{"line":19,"column":43},"end":{"line":22,"column":5}},"line":19}},"branchMap":{},"s":{"0":8,"1":8,"2":8,"3":0,"4":0,"5":8},"f":{"0":8,"1":0},"b":{},"_coverageSchema":"1a1c01bbd47fc00a2c39e90264f33305004495a9","hash":"a431a667c12647396acc0acf32e6d9228e5bfe23"}
,"C:\\PROYECTOS\\INNOVA_PRO+\\INNOVA_PRO+\\backend\\src\\models\\contrisunat.js": {"path":"C:\\PROYECTOS\\INNOVA_PRO+\\INNOVA_PRO+\\backend\\src\\models\\contrisunat.js","statementMap":{"0":{"start":{"line":1,"column":0},"end":{"line":24,"column":4}},"1":{"start":{"line":2,"column":24},"end":{"line":21,"column":6}},"2":{"start":{"line":23,"column":4},"end":{"line":23,"column":23}}},"fnMap":{"0":{"name":"(anonymous_0)","decl":{"start":{"line":1,"column":17},"end":{"line":1,"column":18}},"loc":{"start":{"line":1,"column":43},"end":{"line":24,"column":3}},"line":1}},"branchMap":{},"s":{"0":8,"1":8,"2":8},"f":{"0":8},"b":{},"_coverageSchema":"1a1c01bbd47fc00a2c39e90264f33305004495a9","hash":"39ff6cf57d82dd17205c70a787934385da874552"}
,"C:\\PROYECTOS\\INNOVA_PRO+\\INNOVA_PRO+\\backend\\src\\models\\cotizacion_detalles.js": {"path":"C:\\PROYECTOS\\INNOVA_PRO+\\INNOVA_PRO+\\backend\\src\\models\\cotizacion_detalles.js","statementMap":{"0":{"start":{"line":2,"column":0},"end":{"line":61,"column":2}},"1":{"start":{"line":3,"column":32},"end":{"line":58,"column":5}},"2":{"start":{"line":60,"column":4},"end":{"line":60,"column":31}}},"fnMap":{"0":{"name":"(anonymous_0)","decl":{"start":{"line":2,"column":17},"end":{"line":2,"column":18}},"loc":{"start":{"line":2,"column":43},"end":{"line":61,"column":1}},"line":2}},"branchMap":{},"s":{"0":8,"1":8,"2":8},"f":{"0":8},"b":{},"_coverageSchema":"1a1c01bbd47fc00a2c39e90264f33305004495a9","hash":"f6d1ffe00dc8bd40c84984a813dc17c74a8009e2"}
,"C:\\PROYECTOS\\INNOVA_PRO+\\INNOVA_PRO+\\backend\\src\\models\\cotizaciones.js": {"path":"C:\\PROYECTOS\\INNOVA_PRO+\\INNOVA_PRO+\\backend\\src\\models\\cotizaciones.js","statementMap":{"0":{"start":{"line":2,"column":0},"end":{"line":96,"column":2}},"1":{"start":{"line":3,"column":25},"end":{"line":78,"column":5}},"2":{"start":{"line":80,"column":4},"end":{"line":93,"column":6}},"3":{"start":{"line":81,"column":8},"end":{"line":84,"column":11}},"4":{"start":{"line":85,"column":8},"end":{"line":88,"column":11}},"5":{"start":{"line":89,"column":8},"end":{"line":92,"column":11}},"6":{"start":{"line":95,"column":4},"end":{"line":95,"column":24}}},"fnMap":{"0":{"name":"(anonymous_0)","decl":{"start":{"line":2,"column":17},"end":{"line":2,"column":18}},"loc":{"start":{"line":2,"column":43},"end":{"line":96,"column":1}},"line":2},"1":{"name":"(anonymous_1)","decl":{"start":{"line":80,"column":29},"end":{"line":80,"column":30}},"loc":{"start":{"line":80,"column":41},"end":{"line":93,"column":5}},"line":80}},"branchMap":{},"s":{"0":8,"1":8,"2":8,"3":8,"4":8,"5":8,"6":8},"f":{"0":8,"1":8},"b":{},"_coverageSchema":"1a1c01bbd47fc00a2c39e90264f33305004495a9","hash":"1d157d3f8184d48806c33f392f2ffe657920ea34"}
,"C:\\PROYECTOS\\INNOVA_PRO+\\INNOVA_PRO+\\backend\\src\\models\\empresa_producto.js": {"path":"C:\\PROYECTOS\\INNOVA_PRO+\\INNOVA_PRO+\\backend\\src\\models\\empresa_producto.js","statementMap":{"0":{"start":{"line":1,"column":0},"end":{"line":30,"column":4}},"1":{"start":{"line":2,"column":28},"end":{"line":27,"column":6}},"2":{"start":{"line":29,"column":4},"end":{"line":29,"column":27}}},"fnMap":{"0":{"name":"(anonymous_0)","decl":{"start":{"line":1,"column":17},"end":{"line":1,"column":18}},"loc":{"start":{"line":1,"column":43},"end":{"line":30,"column":3}},"line":1}},"branchMap":{},"s":{"0":8,"1":8,"2":8},"f":{"0":8},"b":{},"_coverageSchema":"1a1c01bbd47fc00a2c39e90264f33305004495a9","hash":"a5d91243b2a49f0e8ab832b4b549ba3912e54709"}
,"C:\\PROYECTOS\\INNOVA_PRO+\\INNOVA_PRO+\\backend\\src\\models\\index.js": {"path":"C:\\PROYECTOS\\INNOVA_PRO+\\INNOVA_PRO+\\backend\\src\\models\\index.js","statementMap":{"0":{"start":{"line":3,"column":11},"end":{"line":3,"column":13}},"1":{"start":{"line":4,"column":33},"end":{"line":4,"column":53}},"2":{"start":{"line":5,"column":18},"end":{"line":5,"column":41}},"3":{"start":{"line":7,"column":20},"end":{"line":7,"column":85}},"4":{"start":{"line":8,"column":0},"end":{"line":8,"column":22}},"5":{"start":{"line":10,"column":17},"end":{"line":10,"column":76}},"6":{"start":{"line":11,"column":0},"end":{"line":11,"column":16}},"7":{"start":{"line":13,"column":19},"end":{"line":13,"column":83}},"8":{"start":{"line":14,"column":0},"end":{"line":14,"column":33}},"9":{"start":{"line":16,"column":20},"end":{"line":16,"column":85}},"10":{"start":{"line":17,"column":0},"end":{"line":17,"column":22}},"11":{"start":{"line":21,"column":21},"end":{"line":21,"column":88}},"12":{"start":{"line":22,"column":0},"end":{"line":22,"column":23}},"13":{"start":{"line":26,"column":0},"end":{"line":26,"column":66}},"14":{"start":{"line":27,"column":0},"end":{"line":27,"column":80}},"15":{"start":{"line":30,"column":0},"end":{"line":30,"column":77}},"16":{"start":{"line":31,"column":0},"end":{"line":31,"column":73}},"17":{"start":{"line":34,"column":0},"end":{"line":34,"column":54}},"18":{"start":{"line":37,"column":0},"end":{"line":37,"column":68}},"19":{"start":{"line":40,"column":0},"end":{"line":40,"column":76}},"20":{"start":{"line":41,"column":0},"end":{"line":41,"column":70}},"21":{"start":{"line":44,"column":0},"end":{"line":44,"column":64}},"22":{"start":{"line":45,"column":0},"end":{"line":45,"column":56}},"23":{"start":{"line":48,"column":0},"end":{"line":48,"column":53}},"24":{"start":{"line":48,"column":27},"end":{"line":48,"column":53}},"25":{"start":{"line":49,"column":0},"end":{"line":49,"column":55}},"26":{"start":{"line":49,"column":28},"end":{"line":49,"column":55}},"27":{"start":{"line":50,"column":0},"end":{"line":50,"column":47}},"28":{"start":{"line":50,"column":24},"end":{"line":50,"column":47}},"29":{"start":{"line":51,"column":0},"end":{"line":51,"column":69}},"30":{"start":{"line":51,"column":35},"end":{"line":51,"column":69}},"31":{"start":{"line":52,"column":0},"end":{"line":52,"column":67}},"32":{"start":{"line":52,"column":34},"end":{"line":52,"column":67}},"33":{"start":{"line":53,"column":0},"end":{"line":53,"column":77}},"34":{"start":{"line":53,"column":39},"end":{"line":53,"column":77}},"35":{"start":{"line":54,"column":0},"end":{"line":54,"column":61}},"36":{"start":{"line":54,"column":31},"end":{"line":54,"column":61}},"37":{"start":{"line":55,"column":0},"end":{"line":55,"column":75}},"38":{"start":{"line":55,"column":38},"end":{"line":55,"column":75}},"39":{"start":{"line":56,"column":0},"end":{"line":56,"column":49}},"40":{"start":{"line":56,"column":25},"end":{"line":56,"column":49}},"41":{"start":{"line":57,"column":0},"end":{"line":57,"column":65}},"42":{"start":{"line":57,"column":33},"end":{"line":57,"column":65}},"43":{"start":{"line":60,"column":0},"end":{"line":60,"column":25}},"44":{"start":{"line":61,"column":0},"end":{"line":61,"column":25}},"45":{"start":{"line":63,"column":0},"end":{"line":63,"column":20}}},"fnMap":{},"branchMap":{"0":{"loc":{"start":{"line":48,"column":0},"end":{"line":48,"column":53}},"type":"if","locations":[{"start":{"line":48,"column":0},"end":{"line":48,"column":53}},{"start":{},"end":{}}],"line":48},"1":{"loc":{"start":{"line":49,"column":0},"end":{"line":49,"column":55}},"type":"if","locations":[{"start":{"line":49,"column":0},"end":{"line":49,"column":55}},{"start":{},"end":{}}],"line":49},"2":{"loc":{"start":{"line":50,"column":0},"end":{"line":50,"column":47}},"type":"if","locations":[{"start":{"line":50,"column":0},"end":{"line":50,"column":47}},{"start":{},"end":{}}],"line":50},"3":{"loc":{"start":{"line":51,"column":0},"end":{"line":51,"column":69}},"type":"if","locations":[{"start":{"line":51,"column":0},"end":{"line":51,"column":69}},{"start":{},"end":{}}],"line":51},"4":{"loc":{"start":{"line":52,"column":0},"end":{"line":52,"column":67}},"type":"if","locations":[{"start":{"line":52,"column":0},"end":{"line":52,"column":67}},{"start":{},"end":{}}],"line":52},"5":{"loc":{"start":{"line":53,"column":0},"end":{"line":53,"column":77}},"type":"if","locations":[{"start":{"line":53,"column":0},"end":{"line":53,"column":77}},{"start":{},"end":{}}],"line":53},"6":{"loc":{"start":{"line":54,"column":0},"end":{"line":54,"column":61}},"type":"if","locations":[{"start":{"line":54,"column":0},"end":{"line":54,"column":61}},{"start":{},"end":{}}],"line":54},"7":{"loc":{"start":{"line":55,"column":0},"end":{"line":55,"column":75}},"type":"if","locations":[{"start":{"line":55,"column":0},"end":{"line":55,"column":75}},{"start":{},"end":{}}],"line":55},"8":{"loc":{"start":{"line":56,"column":0},"end":{"line":56,"column":49}},"type":"if","locations":[{"start":{"line":56,"column":0},"end":{"line":56,"column":49}},{"start":{},"end":{}}],"line":56},"9":{"loc":{"start":{"line":57,"column":0},"end":{"line":57,"column":65}},"type":"if","locations":[{"start":{"line":57,"column":0},"end":{"line":57,"column":65}},{"start":{},"end":{}}],"line":57}},"s":{"0":8,"1":8,"2":8,"3":8,"4":8,"5":8,"6":8,"7":8,"8":8,"9":8,"10":8,"11":8,"12":8,"13":8,"14":8,"15":8,"16":8,"17":8,"18":8,"19":8,"20":8,"21":8,"22":8,"23":8,"24":8,"25":8,"26":8,"27":8,"28":8,"29":8,"30":8,"31":8,"32":0,"33":8,"34":0,"35":8,"36":8,"37":8,"38":0,"39":8,"40":8,"41":8,"42":8,"43":8,"44":8,"45":8},"f":{},"b":{"0":[8,0],"1":[8,0],"2":[8,0],"3":[8,0],"4":[0,8],"5":[0,8],"6":[8,0],"7":[0,8],"8":[8,0],"9":[8,0]},"_coverageSchema":"1a1c01bbd47fc00a2c39e90264f33305004495a9","hash":"dfeff2f523526dd89d901884112814eb46d7330b"}
,"C:\\PROYECTOS\\INNOVA_PRO+\\INNOVA_PRO+\\backend\\src\\models\\notificacion.js": {"path":"C:\\PROYECTOS\\INNOVA_PRO+\\INNOVA_PRO+\\backend\\src\\models\\notificacion.js","statementMap":{"0":{"start":{"line":1,"column":0},"end":{"line":29,"column":2}},"1":{"start":{"line":2,"column":23},"end":{"line":20,"column":4}},"2":{"start":{"line":22,"column":2},"end":{"line":26,"column":4}},"3":{"start":{"line":23,"column":6},"end":{"line":25,"column":25}},"4":{"start":{"line":28,"column":2},"end":{"line":28,"column":22}}},"fnMap":{"0":{"name":"(anonymous_0)","decl":{"start":{"line":1,"column":17},"end":{"line":1,"column":18}},"loc":{"start":{"line":1,"column":43},"end":{"line":29,"column":1}},"line":1},"1":{"name":"(anonymous_1)","decl":{"start":{"line":22,"column":27},"end":{"line":22,"column":28}},"loc":{"start":{"line":22,"column":39},"end":{"line":26,"column":3}},"line":22}},"branchMap":{},"s":{"0":8,"1":8,"2":8,"3":8,"4":8},"f":{"0":8,"1":8},"b":{},"_coverageSchema":"1a1c01bbd47fc00a2c39e90264f33305004495a9","hash":"e0c9583d875de52a405475ac416a4e98e6f2267f"}
,"C:\\PROYECTOS\\INNOVA_PRO+\\INNOVA_PRO+\\backend\\src\\models\\productos_servicios.js": {"path":"C:\\PROYECTOS\\INNOVA_PRO+\\INNOVA_PRO+\\backend\\src\\models\\productos_servicios.js","statementMap":{"0":{"start":{"line":1,"column":0},"end":{"line":40,"column":4}},"1":{"start":{"line":2,"column":29},"end":{"line":27,"column":6}},"2":{"start":{"line":30,"column":4},"end":{"line":37,"column":6}},"3":{"start":{"line":31,"column":6},"end":{"line":36,"column":9}},"4":{"start":{"line":39,"column":4},"end":{"line":39,"column":28}}},"fnMap":{"0":{"name":"(anonymous_0)","decl":{"start":{"line":1,"column":17},"end":{"line":1,"column":18}},"loc":{"start":{"line":1,"column":43},"end":{"line":40,"column":3}},"line":1},"1":{"name":"(anonymous_1)","decl":{"start":{"line":30,"column":33},"end":{"line":30,"column":34}},"loc":{"start":{"line":30,"column":45},"end":{"line":37,"column":5}},"line":30}},"branchMap":{},"s":{"0":8,"1":8,"2":8,"3":8,"4":8},"f":{"0":8,"1":8},"b":{},"_coverageSchema":"1a1c01bbd47fc00a2c39e90264f33305004495a9","hash":"095668426b130fcc02b2056667bb22ad133e37f4"}
,"C:\\PROYECTOS\\INNOVA_PRO+\\INNOVA_PRO+\\backend\\src\\models\\tareas.js": {"path":"C:\\PROYECTOS\\INNOVA_PRO+\\INNOVA_PRO+\\backend\\src\\models\\tareas.js","statementMap":{"0":{"start":{"line":1,"column":0},"end":{"line":103,"column":2}},"1":{"start":{"line":2,"column":18},"end":{"line":77,"column":5}},"2":{"start":{"line":79,"column":4},"end":{"line":100,"column":6}},"3":{"start":{"line":80,"column":8},"end":{"line":83,"column":11}},"4":{"start":{"line":84,"column":8},"end":{"line":87,"column":11}},"5":{"start":{"line":88,"column":8},"end":{"line":91,"column":11}},"6":{"start":{"line":92,"column":8},"end":{"line":95,"column":11}},"7":{"start":{"line":96,"column":8},"end":{"line":99,"column":11}},"8":{"start":{"line":102,"column":4},"end":{"line":102,"column":17}}},"fnMap":{"0":{"name":"(anonymous_0)","decl":{"start":{"line":1,"column":17},"end":{"line":1,"column":18}},"loc":{"start":{"line":1,"column":43},"end":{"line":103,"column":1}},"line":1},"1":{"name":"(anonymous_1)","decl":{"start":{"line":79,"column":22},"end":{"line":79,"column":23}},"loc":{"start":{"line":79,"column":34},"end":{"line":100,"column":5}},"line":79}},"branchMap":{},"s":{"0":8,"1":8,"2":8,"3":8,"4":8,"5":8,"6":8,"7":8,"8":8},"f":{"0":8,"1":8},"b":{},"_coverageSchema":"1a1c01bbd47fc00a2c39e90264f33305004495a9","hash":"16be22fc49c2ca4a00fb135a9e0985413eb2e91f"}
,"C:\\PROYECTOS\\INNOVA_PRO+\\INNOVA_PRO+\\backend\\src\\models\\ubigeos.js": {"path":"C:\\PROYECTOS\\INNOVA_PRO+\\INNOVA_PRO+\\backend\\src\\models\\ubigeos.js","statementMap":{"0":{"start":{"line":1,"column":0},"end":{"line":16,"column":4}},"1":{"start":{"line":2,"column":19},"end":{"line":13,"column":6}},"2":{"start":{"line":15,"column":4},"end":{"line":15,"column":18}}},"fnMap":{"0":{"name":"(anonymous_0)","decl":{"start":{"line":1,"column":17},"end":{"line":1,"column":18}},"loc":{"start":{"line":1,"column":43},"end":{"line":16,"column":3}},"line":1}},"branchMap":{},"s":{"0":8,"1":8,"2":8},"f":{"0":8},"b":{},"_coverageSchema":"1a1c01bbd47fc00a2c39e90264f33305004495a9","hash":"be8d1aeee72989588c0b5d4ddd2223db21b5e8e8"}
,"C:\\PROYECTOS\\INNOVA_PRO+\\INNOVA_PRO+\\backend\\src\\modules\\clientes\\application\\useCases\\actualizarCliente.js": {"path":"C:\\PROYECTOS\\INNOVA_PRO+\\INNOVA_PRO+\\backend\\src\\modules\\clientes\\application\\useCases\\actualizarCliente.js","statementMap":{"0":{"start":{"line":1,"column":16},"end":{"line":1,"column":56}},"1":{"start":{"line":3,"column":0},"end":{"line":20,"column":1}},"2":{"start":{"line":4,"column":20},"end":{"line":4,"column":60}},"3":{"start":{"line":5,"column":4},"end":{"line":5,"column":89}},"4":{"start":{"line":5,"column":18},"end":{"line":5,"column":89}},"5":{"start":{"line":7,"column":24},"end":{"line":7,"column":80}},"6":{"start":{"line":8,"column":4},"end":{"line":8,"column":84}},"7":{"start":{"line":8,"column":23},"end":{"line":8,"column":82}},"8":{"start":{"line":10,"column":22},"end":{"line":10,"column":61}},"9":{"start":{"line":11,"column":4},"end":{"line":11,"column":78}},"10":{"start":{"line":11,"column":21},"end":{"line":11,"column":78}},"11":{"start":{"line":13,"column":22},"end":{"line":13,"column":109}},"12":{"start":{"line":14,"column":4},"end":{"line":14,"column":78}},"13":{"start":{"line":14,"column":21},"end":{"line":14,"column":78}},"14":{"start":{"line":16,"column":30},"end":{"line":16,"column":72}},"15":{"start":{"line":17,"column":31},"end":{"line":17,"column":95}},"16":{"start":{"line":19,"column":4},"end":{"line":19,"column":115}}},"fnMap":{"0":{"name":"(anonymous_0)","decl":{"start":{"line":3,"column":17},"end":{"line":3,"column":18}},"loc":{"start":{"line":3,"column":79},"end":{"line":20,"column":1}},"line":3}},"branchMap":{"0":{"loc":{"start":{"line":5,"column":4},"end":{"line":5,"column":89}},"type":"if","locations":[{"start":{"line":5,"column":4},"end":{"line":5,"column":89}},{"start":{},"end":{}}],"line":5},"1":{"loc":{"start":{"line":8,"column":4},"end":{"line":8,"column":84}},"type":"if","locations":[{"start":{"line":8,"column":4},"end":{"line":8,"column":84}},{"start":{},"end":{}}],"line":8},"2":{"loc":{"start":{"line":11,"column":4},"end":{"line":11,"column":78}},"type":"if","locations":[{"start":{"line":11,"column":4},"end":{"line":11,"column":78}},{"start":{},"end":{}}],"line":11},"3":{"loc":{"start":{"line":14,"column":4},"end":{"line":14,"column":78}},"type":"if","locations":[{"start":{"line":14,"column":4},"end":{"line":14,"column":78}},{"start":{},"end":{}}],"line":14}},"s":{"0":1,"1":1,"2":1,"3":1,"4":0,"5":1,"6":1,"7":0,"8":1,"9":1,"10":0,"11":1,"12":1,"13":0,"14":1,"15":1,"16":1},"f":{"0":1},"b":{"0":[0,1],"1":[0,1],"2":[0,1],"3":[0,1]},"_coverageSchema":"1a1c01bbd47fc00a2c39e90264f33305004495a9","hash":"14fc39cad8f1cbb118f10cb8504f73f427282253"}
,"C:\\PROYECTOS\\INNOVA_PRO+\\INNOVA_PRO+\\backend\\src\\modules\\clientes\\application\\useCases\\crearCliente.js": {"path":"C:\\PROYECTOS\\INNOVA_PRO+\\INNOVA_PRO+\\backend\\src\\modules\\clientes\\application\\useCases\\crearCliente.js","statementMap":{"0":{"start":{"line":1,"column":16},"end":{"line":1,"column":56}},"1":{"start":{"line":3,"column":0},"end":{"line":17,"column":1}},"2":{"start":{"line":4,"column":24},"end":{"line":4,"column":79}},"3":{"start":{"line":5,"column":4},"end":{"line":5,"column":82}},"4":{"start":{"line":5,"column":23},"end":{"line":5,"column":82}},"5":{"start":{"line":7,"column":22},"end":{"line":7,"column":61}},"6":{"start":{"line":8,"column":4},"end":{"line":8,"column":78}},"7":{"start":{"line":8,"column":21},"end":{"line":8,"column":78}},"8":{"start":{"line":10,"column":22},"end":{"line":10,"column":105}},"9":{"start":{"line":11,"column":4},"end":{"line":11,"column":78}},"10":{"start":{"line":11,"column":21},"end":{"line":11,"column":78}},"11":{"start":{"line":13,"column":29},"end":{"line":13,"column":71}},"12":{"start":{"line":14,"column":25},"end":{"line":14,"column":72}},"13":{"start":{"line":16,"column":4},"end":{"line":16,"column":104}}},"fnMap":{"0":{"name":"(anonymous_0)","decl":{"start":{"line":3,"column":17},"end":{"line":3,"column":18}},"loc":{"start":{"line":3,"column":75},"end":{"line":17,"column":1}},"line":3}},"branchMap":{"0":{"loc":{"start":{"line":5,"column":4},"end":{"line":5,"column":82}},"type":"if","locations":[{"start":{"line":5,"column":4},"end":{"line":5,"column":82}},{"start":{},"end":{}}],"line":5},"1":{"loc":{"start":{"line":8,"column":4},"end":{"line":8,"column":78}},"type":"if","locations":[{"start":{"line":8,"column":4},"end":{"line":8,"column":78}},{"start":{},"end":{}}],"line":8},"2":{"loc":{"start":{"line":11,"column":4},"end":{"line":11,"column":78}},"type":"if","locations":[{"start":{"line":11,"column":4},"end":{"line":11,"column":78}},{"start":{},"end":{}}],"line":11}},"s":{"0":3,"1":3,"2":4,"3":4,"4":1,"5":3,"6":3,"7":0,"8":3,"9":3,"10":0,"11":3,"12":3,"13":3},"f":{"0":4},"b":{"0":[1,3],"1":[0,3],"2":[0,3]},"_coverageSchema":"1a1c01bbd47fc00a2c39e90264f33305004495a9","hash":"f42235049fb25e3dac579f5c0b52b90400716af3"}
,"C:\\PROYECTOS\\INNOVA_PRO+\\INNOVA_PRO+\\backend\\src\\modules\\clientes\\application\\useCases\\eliminarCliente.js": {"path":"C:\\PROYECTOS\\INNOVA_PRO+\\INNOVA_PRO+\\backend\\src\\modules\\clientes\\application\\useCases\\eliminarCliente.js","statementMap":{"0":{"start":{"line":1,"column":0},"end":{"line":7,"column":1}},"1":{"start":{"line":2,"column":20},"end":{"line":2,"column":60}},"2":{"start":{"line":3,"column":4},"end":{"line":3,"column":89}},"3":{"start":{"line":3,"column":18},"end":{"line":3,"column":89}},"4":{"start":{"line":5,"column":4},"end":{"line":5,"column":48}},"5":{"start":{"line":6,"column":4},"end":{"line":6,"column":84}}},"fnMap":{"0":{"name":"(anonymous_0)","decl":{"start":{"line":1,"column":17},"end":{"line":1,"column":18}},"loc":{"start":{"line":1,"column":50},"end":{"line":7,"column":1}},"line":1}},"branchMap":{"0":{"loc":{"start":{"line":3,"column":4},"end":{"line":3,"column":89}},"type":"if","locations":[{"start":{"line":3,"column":4},"end":{"line":3,"column":89}},{"start":{},"end":{}}],"line":3}},"s":{"0":1,"1":1,"2":1,"3":0,"4":1,"5":1},"f":{"0":1},"b":{"0":[0,1]},"_coverageSchema":"1a1c01bbd47fc00a2c39e90264f33305004495a9","hash":"3bd8f907022adbee6806bc4609f98b3faf055434"}
,"C:\\PROYECTOS\\INNOVA_PRO+\\INNOVA_PRO+\\backend\\src\\modules\\clientes\\application\\useCases\\obtenerClientes.js": {"path":"C:\\PROYECTOS\\INNOVA_PRO+\\INNOVA_PRO+\\backend\\src\\modules\\clientes\\application\\useCases\\obtenerClientes.js","statementMap":{"0":{"start":{"line":1,"column":0},"end":{"line":4,"column":1}},"1":{"start":{"line":2,"column":21},"end":{"line":2,"column":62}},"2":{"start":{"line":3,"column":4},"end":{"line":3,"column":47}}},"fnMap":{"0":{"name":"(anonymous_0)","decl":{"start":{"line":1,"column":17},"end":{"line":1,"column":18}},"loc":{"start":{"line":1,"column":46},"end":{"line":4,"column":1}},"line":1}},"branchMap":{},"s":{"0":1,"1":1,"2":1},"f":{"0":1},"b":{},"_coverageSchema":"1a1c01bbd47fc00a2c39e90264f33305004495a9","hash":"21af50e6d469a810ffa8825871e9eb56b7b7f579"}
,"C:\\PROYECTOS\\INNOVA_PRO+\\INNOVA_PRO+\\backend\\src\\modules\\clientes\\domain\\entities\\cliente.js": {"path":"C:\\PROYECTOS\\INNOVA_PRO+\\INNOVA_PRO+\\backend\\src\\modules\\clientes\\domain\\entities\\cliente.js","statementMap":{"0":{"start":{"line":3,"column":8},"end":{"line":3,"column":41}},"1":{"start":{"line":4,"column":8},"end":{"line":4,"column":25}},"2":{"start":{"line":5,"column":8},"end":{"line":5,"column":23}},"3":{"start":{"line":6,"column":8},"end":{"line":6,"column":23}},"4":{"start":{"line":7,"column":8},"end":{"line":7,"column":33}},"5":{"start":{"line":8,"column":8},"end":{"line":8,"column":27}},"6":{"start":{"line":9,"column":8},"end":{"line":9,"column":49}},"7":{"start":{"line":10,"column":8},"end":{"line":10,"column":55}},"8":{"start":{"line":11,"column":8},"end":{"line":11,"column":51}},"9":{"start":{"line":12,"column":8},"end":{"line":12,"column":37}},"10":{"start":{"line":16,"column":30},"end":{"line":19,"column":9}},"11":{"start":{"line":20,"column":8},"end":{"line":20,"column":35}},"12":{"start":{"line":21,"column":8},"end":{"line":29,"column":9}},"13":{"start":{"line":22,"column":12},"end":{"line":25,"column":13}},"14":{"start":{"line":23,"column":16},"end":{"line":23,"column":37}},"15":{"start":{"line":24,"column":16},"end":{"line":24,"column":74}},"16":{"start":{"line":26,"column":12},"end":{"line":28,"column":13}},"17":{"start":{"line":27,"column":16},"end":{"line":27,"column":94}},"18":{"start":{"line":31,"column":8},"end":{"line":39,"column":9}},"19":{"start":{"line":32,"column":46},"end":{"line":34,"column":14}},"20":{"start":{"line":33,"column":16},"end":{"line":33,"column":98}},"21":{"start":{"line":36,"column":12},"end":{"line":38,"column":13}},"22":{"start":{"line":37,"column":16},"end":{"line":37,"column":85}},"23":{"start":{"line":41,"column":8},"end":{"line":41,"column":20}},"24":{"start":{"line":45,"column":93},"end":{"line":45,"column":98}},"25":{"start":{"line":47,"column":8},"end":{"line":57,"column":9}},"26":{"start":{"line":48,"column":12},"end":{"line":50,"column":13}},"27":{"start":{"line":49,"column":16},"end":{"line":49,"column":76}},"28":{"start":{"line":51,"column":15},"end":{"line":57,"column":9}},"29":{"start":{"line":52,"column":12},"end":{"line":54,"column":13}},"30":{"start":{"line":53,"column":16},"end":{"line":53,"column":72}},"31":{"start":{"line":56,"column":12},"end":{"line":56,"column":96}},"32":{"start":{"line":59,"column":8},"end":{"line":59,"column":20}},"33":{"start":{"line":63,"column":21},"end":{"line":69,"column":9}},"34":{"start":{"line":71,"column":8},"end":{"line":71,"column":50}},"35":{"start":{"line":71,"column":32},"end":{"line":71,"column":50}},"36":{"start":{"line":73,"column":8},"end":{"line":82,"column":9}},"37":{"start":{"line":74,"column":12},"end":{"line":81,"column":13}},"38":{"start":{"line":84,"column":8},"end":{"line":93,"column":9}},"39":{"start":{"line":85,"column":12},"end":{"line":92,"column":13}},"40":{"start":{"line":95,"column":8},"end":{"line":95,"column":20}},"41":{"start":{"line":99,"column":0},"end":{"line":99,"column":25}}},"fnMap":{"0":{"name":"(anonymous_0)","decl":{"start":{"line":2,"column":4},"end":{"line":2,"column":5}},"loc":{"start":{"line":2,"column":133},"end":{"line":13,"column":5}},"line":2},"1":{"name":"(anonymous_1)","decl":{"start":{"line":15,"column":4},"end":{"line":15,"column":5}},"loc":{"start":{"line":15,"column":60},"end":{"line":42,"column":5}},"line":15},"2":{"name":"(anonymous_2)","decl":{"start":{"line":32,"column":65},"end":{"line":32,"column":66}},"loc":{"start":{"line":32,"column":74},"end":{"line":34,"column":13}},"line":32},"3":{"name":"(anonymous_3)","decl":{"start":{"line":44,"column":4},"end":{"line":44,"column":5}},"loc":{"start":{"line":44,"column":37},"end":{"line":60,"column":5}},"line":44},"4":{"name":"(anonymous_4)","decl":{"start":{"line":62,"column":4},"end":{"line":62,"column":5}},"loc":{"start":{"line":62,"column":40},"end":{"line":96,"column":5}},"line":62}},"branchMap":{"0":{"loc":{"start":{"line":15,"column":44},"end":{"line":15,"column":58}},"type":"default-arg","locations":[{"start":{"line":15,"column":51},"end":{"line":15,"column":58}}],"line":15},"1":{"loc":{"start":{"line":21,"column":8},"end":{"line":29,"column":9}},"type":"if","locations":[{"start":{"line":21,"column":8},"end":{"line":29,"column":9}},{"start":{},"end":{}}],"line":21},"2":{"loc":{"start":{"line":22,"column":12},"end":{"line":25,"column":13}},"type":"if","locations":[{"start":{"line":22,"column":12},"end":{"line":25,"column":13}},{"start":{},"end":{}}],"line":22},"3":{"loc":{"start":{"line":22,"column":16},"end":{"line":22,"column":50}},"type":"binary-expr","locations":[{"start":{"line":22,"column":16},"end":{"line":22,"column":35}},{"start":{"line":22,"column":39},"end":{"line":22,"column":50}}],"line":22},"4":{"loc":{"start":{"line":26,"column":12},"end":{"line":28,"column":13}},"type":"if","locations":[{"start":{"line":26,"column":12},"end":{"line":28,"column":13}},{"start":{},"end":{}}],"line":26},"5":{"loc":{"start":{"line":31,"column":8},"end":{"line":39,"column":9}},"type":"if","locations":[{"start":{"line":31,"column":8},"end":{"line":39,"column":9}},{"start":{},"end":{}}],"line":31},"6":{"loc":{"start":{"line":33,"column":23},"end":{"line":33,"column":97}},"type":"binary-expr","locations":[{"start":{"line":33,"column":23},"end":{"line":33,"column":49}},{"start":{"line":33,"column":53},"end":{"line":33,"column":74}},{"start":{"line":33,"column":78},"end":{"line":33,"column":97}}],"line":33},"7":{"loc":{"start":{"line":36,"column":12},"end":{"line":38,"column":13}},"type":"if","locations":[{"start":{"line":36,"column":12},"end":{"line":38,"column":13}},{"start":{},"end":{}}],"line":36},"8":{"loc":{"start":{"line":47,"column":8},"end":{"line":57,"column":9}},"type":"if","locations":[{"start":{"line":47,"column":8},"end":{"line":57,"column":9}},{"start":{"line":51,"column":15},"end":{"line":57,"column":9}}],"line":47},"9":{"loc":{"start":{"line":48,"column":12},"end":{"line":50,"column":13}},"type":"if","locations":[{"start":{"line":48,"column":12},"end":{"line":50,"column":13}},{"start":{},"end":{}}],"line":48},"10":{"loc":{"start":{"line":48,"column":16},"end":{"line":48,"column":87}},"type":"binary-expr","locations":[{"start":{"line":48,"column":16},"end":{"line":48,"column":20}},{"start":{"line":48,"column":24},"end":{"line":48,"column":41}},{"start":{"line":48,"column":45},"end":{"line":48,"column":65}},{"start":{"line":48,"column":69},"end":{"line":48,"column":87}}],"line":48},"11":{"loc":{"start":{"line":51,"column":15},"end":{"line":57,"column":9}},"type":"if","locations":[{"start":{"line":51,"column":15},"end":{"line":57,"column":9}},{"start":{"line":55,"column":15},"end":{"line":57,"column":9}}],"line":51},"12":{"loc":{"start":{"line":52,"column":12},"end":{"line":54,"column":13}},"type":"if","locations":[{"start":{"line":52,"column":12},"end":{"line":54,"column":13}},{"start":{},"end":{}}],"line":52},"13":{"loc":{"start":{"line":66,"column":22},"end":{"line":66,"column":42}},"type":"binary-expr","locations":[{"start":{"line":66,"column":22},"end":{"line":66,"column":36}},{"start":{"line":66,"column":40},"end":{"line":66,"column":42}}],"line":66},"14":{"loc":{"start":{"line":67,"column":19},"end":{"line":67,"column":36}},"type":"binary-expr","locations":[{"start":{"line":67,"column":19},"end":{"line":67,"column":30}},{"start":{"line":67,"column":34},"end":{"line":67,"column":36}}],"line":67},"15":{"loc":{"start":{"line":71,"column":8},"end":{"line":71,"column":50}},"type":"if","locations":[{"start":{"line":71,"column":8},"end":{"line":71,"column":50}},{"start":{},"end":{}}],"line":71},"16":{"loc":{"start":{"line":73,"column":8},"end":{"line":82,"column":9}},"type":"if","locations":[{"start":{"line":73,"column":8},"end":{"line":82,"column":9}},{"start":{},"end":{}}],"line":73},"17":{"loc":{"start":{"line":80,"column":20},"end":{"line":80,"column":70}},"type":"cond-expr","locations":[{"start":{"line":80,"column":40},"end":{"line":80,"column":65}},{"start":{"line":80,"column":68},"end":{"line":80,"column":70}}],"line":80},"18":{"loc":{"start":{"line":84,"column":8},"end":{"line":93,"column":9}},"type":"if","locations":[{"start":{"line":84,"column":8},"end":{"line":93,"column":9}},{"start":{},"end":{}}],"line":84}},"s":{"0":1,"1":1,"2":1,"3":1,"4":1,"5":1,"6":1,"7":1,"8":1,"9":1,"10":9,"11":9,"12":9,"13":6,"14":2,"15":2,"16":4,"17":0,"18":7,"19":3,"20":16,"21":3,"22":1,"23":6,"24":9,"25":9,"26":6,"27":1,"28":3,"29":2,"30":1,"31":1,"32":6,"33":6,"34":6,"35":1,"36":6,"37":5,"38":1,"39":1,"40":0,"41":4},"f":{"0":1,"1":9,"2":16,"3":9,"4":6},"b":{"0":[0],"1":[6,3],"2":[2,4],"3":[6,4],"4":[0,4],"5":[3,4],"6":[16,2,2],"7":[1,2],"8":[6,3],"9":[1,5],"10":[6,5,5,5],"11":[2,1],"12":[1,1],"13":[6,0],"14":[6,1],"15":[1,5],"16":[5,1],"17":[0,5],"18":[1,0]},"_coverageSchema":"1a1c01bbd47fc00a2c39e90264f33305004495a9","hash":"d185afd20b2f6023f4a289037a43eefc521e486d"}
,"C:\\PROYECTOS\\INNOVA_PRO+\\INNOVA_PRO+\\backend\\src\\modules\\clientes\\infrastructure\\models\\clienteModel.js": {"path":"C:\\PROYECTOS\\INNOVA_PRO+\\INNOVA_PRO+\\backend\\src\\modules\\clientes\\infrastructure\\models\\clienteModel.js","statementMap":{"0":{"start":{"line":1,"column":22},"end":{"line":1,"column":42}},"1":{"start":{"line":2,"column":18},"end":{"line":2,"column":50}},"2":{"start":{"line":4,"column":16},"end":{"line":55,"column":2}},"3":{"start":{"line":57,"column":0},"end":{"line":64,"column":2}},"4":{"start":{"line":58,"column":4},"end":{"line":63,"column":7}},"5":{"start":{"line":66,"column":0},"end":{"line":66,"column":29}}},"fnMap":{"0":{"name":"(anonymous_0)","decl":{"start":{"line":57,"column":20},"end":{"line":57,"column":21}},"loc":{"start":{"line":57,"column":32},"end":{"line":64,"column":1}},"line":57}},"branchMap":{},"s":{"0":8,"1":8,"2":8,"3":8,"4":8,"5":8},"f":{"0":8},"b":{},"_coverageSchema":"1a1c01bbd47fc00a2c39e90264f33305004495a9","hash":"408b07c906e13dc669a0a12fd56add4d0d11dd85"}
,"C:\\PROYECTOS\\INNOVA_PRO+\\INNOVA_PRO+\\backend\\src\\modules\\clientes\\infrastructure\\repositories\\sequelizeClienteRepository.js": {"path":"C:\\PROYECTOS\\INNOVA_PRO+\\INNOVA_PRO+\\backend\\src\\modules\\clientes\\infrastructure\\repositories\\sequelizeClienteRepository.js","statementMap":{"0":{"start":{"line":1,"column":20},"end":{"line":1,"column":53}},"1":{"start":{"line":2,"column":11},"end":{"line":2,"column":40}},"2":{"start":{"line":6,"column":8},"end":{"line":6,"column":57}},"3":{"start":{"line":10,"column":10},"end":{"line":10,"column":51}},"4":{"start":{"line":15,"column":8},"end":{"line":27,"column":11}},"5":{"start":{"line":31,"column":8},"end":{"line":31,"column":42}},"6":{"start":{"line":35,"column":24},"end":{"line":35,"column":50}},"7":{"start":{"line":36,"column":8},"end":{"line":39,"column":9}},"8":{"start":{"line":37,"column":10},"end":{"line":37,"column":49}},"9":{"start":{"line":38,"column":10},"end":{"line":38,"column":22}},"10":{"start":{"line":40,"column":8},"end":{"line":40,"column":42}},"11":{"start":{"line":41,"column":8},"end":{"line":41,"column":23}},"12":{"start":{"line":45,"column":24},"end":{"line":45,"column":51}},"13":{"start":{"line":46,"column":8},"end":{"line":46,"column":34}},"14":{"start":{"line":46,"column":22},"end":{"line":46,"column":34}},"15":{"start":{"line":47,"column":8},"end":{"line":47,"column":39}},"16":{"start":{"line":51,"column":0},"end":{"line":51,"column":44}}},"fnMap":{"0":{"name":"(anonymous_0)","decl":{"start":{"line":5,"column":4},"end":{"line":5,"column":5}},"loc":{"start":{"line":5,"column":15},"end":{"line":7,"column":5}},"line":5},"1":{"name":"(anonymous_1)","decl":{"start":{"line":9,"column":4},"end":{"line":9,"column":5}},"loc":{"start":{"line":9,"column":29},"end":{"line":11,"column":7}},"line":9},"2":{"name":"(anonymous_2)","decl":{"start":{"line":14,"column":4},"end":{"line":14,"column":5}},"loc":{"start":{"line":14,"column":28},"end":{"line":28,"column":5}},"line":14},"3":{"name":"(anonymous_3)","decl":{"start":{"line":30,"column":4},"end":{"line":30,"column":5}},"loc":{"start":{"line":30,"column":27},"end":{"line":32,"column":5}},"line":30},"4":{"name":"(anonymous_4)","decl":{"start":{"line":34,"column":4},"end":{"line":34,"column":5}},"loc":{"start":{"line":34,"column":45},"end":{"line":42,"column":7}},"line":34},"5":{"name":"(anonymous_5)","decl":{"start":{"line":44,"column":4},"end":{"line":44,"column":5}},"loc":{"start":{"line":44,"column":30},"end":{"line":48,"column":5}},"line":44}},"branchMap":{"0":{"loc":{"start":{"line":36,"column":8},"end":{"line":39,"column":9}},"type":"if","locations":[{"start":{"line":36,"column":8},"end":{"line":39,"column":9}},{"start":{},"end":{}}],"line":36},"1":{"loc":{"start":{"line":46,"column":8},"end":{"line":46,"column":34}},"type":"if","locations":[{"start":{"line":46,"column":8},"end":{"line":46,"column":34}},{"start":{},"end":{}}],"line":46}},"s":{"0":5,"1":5,"2":4,"3":4,"4":2,"5":4,"6":3,"7":3,"8":1,"9":1,"10":2,"11":2,"12":3,"13":3,"14":1,"15":2,"16":5},"f":{"0":4,"1":4,"2":2,"3":4,"4":3,"5":3},"b":{"0":[1,2],"1":[1,2]},"_coverageSchema":"1a1c01bbd47fc00a2c39e90264f33305004495a9","hash":"f62b19c27f1c51ea6bc7572af0ea450159fda060"}
,"C:\\PROYECTOS\\INNOVA_PRO+\\INNOVA_PRO+\\backend\\src\\modules\\clientes\\infrastructure\\services\\entidadService.js": {"path":"C:\\PROYECTOS\\INNOVA_PRO+\\INNOVA_PRO+\\backend\\src\\modules\\clientes\\infrastructure\\services\\entidadService.js","statementMap":{"0":{"start":{"line":1,"column":15},"end":{"line":1,"column":35}},"1":{"start":{"line":5,"column":4},"end":{"line":7,"column":5}},"2":{"start":{"line":6,"column":6},"end":{"line":6,"column":75}},"3":{"start":{"line":9,"column":24},"end":{"line":9,"column":26}},"4":{"start":{"line":11,"column":4},"end":{"line":11,"column":83}},"5":{"start":{"line":11,"column":39},"end":{"line":11,"column":83}},"6":{"start":{"line":12,"column":4},"end":{"line":12,"column":83}},"7":{"start":{"line":12,"column":39},"end":{"line":12,"column":83}},"8":{"start":{"line":13,"column":4},"end":{"line":13,"column":139}},"9":{"start":{"line":13,"column":67},"end":{"line":13,"column":139}},"10":{"start":{"line":14,"column":4},"end":{"line":14,"column":91}},"11":{"start":{"line":14,"column":43},"end":{"line":14,"column":91}},"12":{"start":{"line":17,"column":4},"end":{"line":19,"column":5}},"13":{"start":{"line":18,"column":8},"end":{"line":18,"column":20}},"14":{"start":{"line":21,"column":18},"end":{"line":21,"column":42}},"15":{"start":{"line":22,"column":4},"end":{"line":24,"column":5}},"16":{"start":{"line":23,"column":6},"end":{"line":23,"column":40}},"17":{"start":{"line":26,"column":22},"end":{"line":26,"column":53}},"18":{"start":{"line":27,"column":4},"end":{"line":27,"column":32}},"19":{"start":{"line":27,"column":20},"end":{"line":27,"column":32}},"20":{"start":{"line":29,"column":18},"end":{"line":29,"column":27}},"21":{"start":{"line":31,"column":4},"end":{"line":32,"column":57}},"22":{"start":{"line":32,"column":6},"end":{"line":32,"column":57}},"23":{"start":{"line":34,"column":4},"end":{"line":35,"column":65}},"24":{"start":{"line":35,"column":6},"end":{"line":35,"column":65}},"25":{"start":{"line":37,"column":4},"end":{"line":38,"column":57}},"26":{"start":{"line":38,"column":6},"end":{"line":38,"column":57}},"27":{"start":{"line":40,"column":4},"end":{"line":41,"column":60}},"28":{"start":{"line":41,"column":6},"end":{"line":41,"column":60}},"29":{"start":{"line":43,"column":4},"end":{"line":43,"column":26}},"30":{"start":{"line":46,"column":0},"end":{"line":46,"column":41}}},"fnMap":{"0":{"name":"verificarDuplicados","decl":{"start":{"line":3,"column":15},"end":{"line":3,"column":34}},"loc":{"start":{"line":3,"column":73},"end":{"line":44,"column":3}},"line":3}},"branchMap":{"0":{"loc":{"start":{"line":3,"column":43},"end":{"line":3,"column":53}},"type":"default-arg","locations":[{"start":{"line":3,"column":51},"end":{"line":3,"column":53}}],"line":3},"1":{"loc":{"start":{"line":3,"column":55},"end":{"line":3,"column":71}},"type":"default-arg","locations":[{"start":{"line":3,"column":67},"end":{"line":3,"column":71}}],"line":3},"2":{"loc":{"start":{"line":5,"column":4},"end":{"line":7,"column":5}},"type":"if","locations":[{"start":{"line":5,"column":4},"end":{"line":7,"column":5}},{"start":{},"end":{}}],"line":5},"3":{"loc":{"start":{"line":5,"column":8},"end":{"line":5,"column":55}},"type":"binary-expr","locations":[{"start":{"line":5,"column":8},"end":{"line":5,"column":15}},{"start":{"line":5,"column":19},"end":{"line":5,"column":55}}],"line":5},"4":{"loc":{"start":{"line":11,"column":4},"end":{"line":11,"column":83}},"type":"if","locations":[{"start":{"line":11,"column":4},"end":{"line":11,"column":83}},{"start":{},"end":{}}],"line":11},"5":{"loc":{"start":{"line":11,"column":8},"end":{"line":11,"column":37}},"type":"binary-expr","locations":[{"start":{"line":11,"column":8},"end":{"line":11,"column":17}},{"start":{"line":11,"column":21},"end":{"line":11,"column":37}}],"line":11},"6":{"loc":{"start":{"line":12,"column":4},"end":{"line":12,"column":83}},"type":"if","locations":[{"start":{"line":12,"column":4},"end":{"line":12,"column":83}},{"start":{},"end":{}}],"line":12},"7":{"loc":{"start":{"line":12,"column":8},"end":{"line":12,"column":37}},"type":"binary-expr","locations":[{"start":{"line":12,"column":8},"end":{"line":12,"column":17}},{"start":{"line":12,"column":21},"end":{"line":12,"column":37}}],"line":12},"8":{"loc":{"start":{"line":13,"column":4},"end":{"line":13,"column":139}},"type":"if","locations":[{"start":{"line":13,"column":4},"end":{"line":13,"column":139}},{"start":{},"end":{}}],"line":13},"9":{"loc":{"start":{"line":13,"column":8},"end":{"line":13,"column":65}},"type":"binary-expr","locations":[{"start":{"line":13,"column":8},"end":{"line":13,"column":31}},{"start":{"line":13,"column":35},"end":{"line":13,"column":65}}],"line":13},"10":{"loc":{"start":{"line":14,"column":4},"end":{"line":14,"column":91}},"type":"if","locations":[{"start":{"line":14,"column":4},"end":{"line":14,"column":91}},{"start":{},"end":{}}],"line":14},"11":{"loc":{"start":{"line":14,"column":8},"end":{"line":14,"column":41}},"type":"binary-expr","locations":[{"start":{"line":14,"column":8},"end":{"line":14,"column":19}},{"start":{"line":14,"column":23},"end":{"line":14,"column":41}}],"line":14},"12":{"loc":{"start":{"line":17,"column":4},"end":{"line":19,"column":5}},"type":"if","locations":[{"start":{"line":17,"column":4},"end":{"line":19,"column":5}},{"start":{},"end":{}}],"line":17},"13":{"loc":{"start":{"line":22,"column":4},"end":{"line":24,"column":5}},"type":"if","locations":[{"start":{"line":22,"column":4},"end":{"line":24,"column":5}},{"start":{},"end":{}}],"line":22},"14":{"loc":{"start":{"line":27,"column":4},"end":{"line":27,"column":32}},"type":"if","locations":[{"start":{"line":27,"column":4},"end":{"line":27,"column":32}},{"start":{},"end":{}}],"line":27},"15":{"loc":{"start":{"line":31,"column":4},"end":{"line":32,"column":57}},"type":"if","locations":[{"start":{"line":31,"column":4},"end":{"line":32,"column":57}},{"start":{},"end":{}}],"line":31},"16":{"loc":{"start":{"line":31,"column":8},"end":{"line":31,"column":48}},"type":"binary-expr","locations":[{"start":{"line":31,"column":8},"end":{"line":31,"column":17}},{"start":{"line":31,"column":21},"end":{"line":31,"column":48}}],"line":31},"17":{"loc":{"start":{"line":34,"column":4},"end":{"line":35,"column":65}},"type":"if","locations":[{"start":{"line":34,"column":4},"end":{"line":35,"column":65}},{"start":{},"end":{}}],"line":34},"18":{"loc":{"start":{"line":34,"column":8},"end":{"line":34,"column":90}},"type":"binary-expr","locations":[{"start":{"line":34,"column":8},"end":{"line":34,"column":31}},{"start":{"line":34,"column":35},"end":{"line":34,"column":90}}],"line":34},"19":{"loc":{"start":{"line":37,"column":4},"end":{"line":38,"column":57}},"type":"if","locations":[{"start":{"line":37,"column":4},"end":{"line":38,"column":57}},{"start":{},"end":{}}],"line":37},"20":{"loc":{"start":{"line":37,"column":8},"end":{"line":37,"column":48}},"type":"binary-expr","locations":[{"start":{"line":37,"column":8},"end":{"line":37,"column":17}},{"start":{"line":37,"column":21},"end":{"line":37,"column":48}}],"line":37},"21":{"loc":{"start":{"line":40,"column":4},"end":{"line":41,"column":60}},"type":"if","locations":[{"start":{"line":40,"column":4},"end":{"line":41,"column":60}},{"start":{},"end":{}}],"line":40},"22":{"loc":{"start":{"line":40,"column":8},"end":{"line":40,"column":54}},"type":"binary-expr","locations":[{"start":{"line":40,"column":8},"end":{"line":40,"column":19}},{"start":{"line":40,"column":23},"end":{"line":40,"column":54}}],"line":40}},"s":{"0":4,"1":10,"2":1,"3":9,"4":9,"5":5,"6":9,"7":0,"8":9,"9":5,"10":9,"11":6,"12":9,"13":1,"14":8,"15":8,"16":2,"17":8,"18":8,"19":6,"20":2,"21":2,"22":0,"23":2,"24":1,"25":2,"26":1,"27":2,"28":0,"29":2,"30":4},"f":{"0":10},"b":{"0":[0],"1":[8],"2":[1,9],"3":[10,10],"4":[5,4],"5":[9,5],"6":[0,9],"7":[9,0],"8":[5,4],"9":[9,5],"10":[6,3],"11":[9,6],"12":[1,8],"13":[2,6],"14":[6,2],"15":[0,2],"16":[2,0],"17":[1,1],"18":[2,1],"19":[1,1],"20":[2,1],"21":[0,2],"22":[2,0]},"_coverageSchema":"1a1c01bbd47fc00a2c39e90264f33305004495a9","hash":"66cb1b8dacbdb13b7a2f14257025f13c8b9a2876"}
,"C:\\PROYECTOS\\INNOVA_PRO+\\INNOVA_PRO+\\backend\\src\\modules\\contactos\\application\\useCases\\actualizarContacto.js": {"path":"C:\\PROYECTOS\\INNOVA_PRO+\\INNOVA_PRO+\\backend\\src\\modules\\contactos\\application\\useCases\\actualizarContacto.js","statementMap":{"0":{"start":{"line":1,"column":17},"end":{"line":1,"column":58}},"1":{"start":{"line":3,"column":0},"end":{"line":15,"column":1}},"2":{"start":{"line":4,"column":21},"end":{"line":4,"column":62}},"3":{"start":{"line":5,"column":4},"end":{"line":5,"column":91}},"4":{"start":{"line":5,"column":19},"end":{"line":5,"column":91}},"5":{"start":{"line":7,"column":24},"end":{"line":7,"column":82}},"6":{"start":{"line":8,"column":4},"end":{"line":8,"column":84}},"7":{"start":{"line":8,"column":23},"end":{"line":8,"column":82}},"8":{"start":{"line":10,"column":30},"end":{"line":10,"column":75}},"9":{"start":{"line":11,"column":32},"end":{"line":11,"column":98}},"10":{"start":{"line":14,"column":4},"end":{"line":14,"column":118}}},"fnMap":{"0":{"name":"(anonymous_0)","decl":{"start":{"line":3,"column":17},"end":{"line":3,"column":18}},"loc":{"start":{"line":3,"column":81},"end":{"line":15,"column":1}},"line":3}},"branchMap":{"0":{"loc":{"start":{"line":5,"column":4},"end":{"line":5,"column":91}},"type":"if","locations":[{"start":{"line":5,"column":4},"end":{"line":5,"column":91}},{"start":{},"end":{}}],"line":5},"1":{"loc":{"start":{"line":8,"column":4},"end":{"line":8,"column":84}},"type":"if","locations":[{"start":{"line":8,"column":4},"end":{"line":8,"column":84}},{"start":{},"end":{}}],"line":8}},"s":{"0":1,"1":1,"2":2,"3":2,"4":1,"5":1,"6":1,"7":0,"8":1,"9":1,"10":1},"f":{"0":2},"b":{"0":[1,1],"1":[0,1]},"_coverageSchema":"1a1c01bbd47fc00a2c39e90264f33305004495a9","hash":"394fc00c8c48004ae0c83a7e2a19a5ec1bd6992b"}
,"C:\\PROYECTOS\\INNOVA_PRO+\\INNOVA_PRO+\\backend\\src\\modules\\contactos\\application\\useCases\\crearContacto.js": {"path":"C:\\PROYECTOS\\INNOVA_PRO+\\INNOVA_PRO+\\backend\\src\\modules\\contactos\\application\\useCases\\crearContacto.js","statementMap":{"0":{"start":{"line":1,"column":17},"end":{"line":1,"column":58}},"1":{"start":{"line":3,"column":0},"end":{"line":11,"column":1}},"2":{"start":{"line":4,"column":24},"end":{"line":4,"column":81}},"3":{"start":{"line":5,"column":4},"end":{"line":5,"column":82}},"4":{"start":{"line":5,"column":23},"end":{"line":5,"column":82}},"5":{"start":{"line":7,"column":30},"end":{"line":7,"column":75}},"6":{"start":{"line":8,"column":26},"end":{"line":8,"column":75}},"7":{"start":{"line":10,"column":4},"end":{"line":10,"column":107}}},"fnMap":{"0":{"name":"(anonymous_0)","decl":{"start":{"line":3,"column":17},"end":{"line":3,"column":18}},"loc":{"start":{"line":3,"column":77},"end":{"line":11,"column":1}},"line":3}},"branchMap":{"0":{"loc":{"start":{"line":5,"column":4},"end":{"line":5,"column":82}},"type":"if","locations":[{"start":{"line":5,"column":4},"end":{"line":5,"column":82}},{"start":{},"end":{}}],"line":5}},"s":{"0":4,"1":4,"2":5,"3":5,"4":1,"5":4,"6":4,"7":4},"f":{"0":5},"b":{"0":[1,4]},"_coverageSchema":"1a1c01bbd47fc00a2c39e90264f33305004495a9","hash":"b092a3a1a467a862cef6915710c8ce39bb4f084f"}
,"C:\\PROYECTOS\\INNOVA_PRO+\\INNOVA_PRO+\\backend\\src\\modules\\contactos\\application\\useCases\\eliminarContacto.js": {"path":"C:\\PROYECTOS\\INNOVA_PRO+\\INNOVA_PRO+\\backend\\src\\modules\\contactos\\application\\useCases\\eliminarContacto.js","statementMap":{"0":{"start":{"line":1,"column":0},"end":{"line":7,"column":1}},"1":{"start":{"line":2,"column":21},"end":{"line":2,"column":62}},"2":{"start":{"line":3,"column":4},"end":{"line":3,"column":91}},"3":{"start":{"line":3,"column":19},"end":{"line":3,"column":91}},"4":{"start":{"line":5,"column":4},"end":{"line":5,"column":50}},"5":{"start":{"line":6,"column":4},"end":{"line":6,"column":85}}},"fnMap":{"0":{"name":"(anonymous_0)","decl":{"start":{"line":1,"column":17},"end":{"line":1,"column":18}},"loc":{"start":{"line":1,"column":51},"end":{"line":7,"column":1}},"line":1}},"branchMap":{"0":{"loc":{"start":{"line":3,"column":4},"end":{"line":3,"column":91}},"type":"if","locations":[{"start":{"line":3,"column":4},"end":{"line":3,"column":91}},{"start":{},"end":{}}],"line":3}},"s":{"0":1,"1":2,"2":2,"3":1,"4":1,"5":1},"f":{"0":2},"b":{"0":[1,1]},"_coverageSchema":"1a1c01bbd47fc00a2c39e90264f33305004495a9","hash":"ec92c53487bf9d59399d9701a2300167eba78884"}
,"C:\\PROYECTOS\\INNOVA_PRO+\\INNOVA_PRO+\\backend\\src\\modules\\contactos\\application\\useCases\\obtenerContactos.js": {"path":"C:\\PROYECTOS\\INNOVA_PRO+\\INNOVA_PRO+\\backend\\src\\modules\\contactos\\application\\useCases\\obtenerContactos.js","statementMap":{"0":{"start":{"line":1,"column":0},"end":{"line":4,"column":1}},"1":{"start":{"line":2,"column":22},"end":{"line":2,"column":65}},"2":{"start":{"line":3,"column":4},"end":{"line":3,"column":48}}},"fnMap":{"0":{"name":"(anonymous_0)","decl":{"start":{"line":1,"column":17},"end":{"line":1,"column":18}},"loc":{"start":{"line":1,"column":47},"end":{"line":4,"column":1}},"line":1}},"branchMap":{},"s":{"0":1,"1":1,"2":1},"f":{"0":1},"b":{},"_coverageSchema":"1a1c01bbd47fc00a2c39e90264f33305004495a9","hash":"38e826f656242fd4b5ac58da5021322744e345a1"}
,"C:\\PROYECTOS\\INNOVA_PRO+\\INNOVA_PRO+\\backend\\src\\modules\\contactos\\domain\\entities\\contacto.js": {"path":"C:\\PROYECTOS\\INNOVA_PRO+\\INNOVA_PRO+\\backend\\src\\modules\\contactos\\domain\\entities\\contacto.js","statementMap":{"0":{"start":{"line":3,"column":4},"end":{"line":3,"column":25}},"1":{"start":{"line":4,"column":4},"end":{"line":4,"column":23}},"2":{"start":{"line":5,"column":4},"end":{"line":5,"column":29}},"3":{"start":{"line":6,"column":4},"end":{"line":6,"column":23}},"4":{"start":{"line":7,"column":4},"end":{"line":7,"column":29}},"5":{"start":{"line":8,"column":4},"end":{"line":8,"column":23}},"6":{"start":{"line":12,"column":26},"end":{"line":12,"column":87}},"7":{"start":{"line":14,"column":4},"end":{"line":18,"column":5}},"8":{"start":{"line":15,"column":6},"end":{"line":17,"column":7}},"9":{"start":{"line":16,"column":8},"end":{"line":16,"column":49}},"10":{"start":{"line":19,"column":4},"end":{"line":31,"column":5}},"11":{"start":{"line":20,"column":40},"end":{"line":26,"column":8}},"12":{"start":{"line":21,"column":8},"end":{"line":25,"column":10}},"13":{"start":{"line":28,"column":6},"end":{"line":30,"column":7}},"14":{"start":{"line":29,"column":8},"end":{"line":29,"column":77}},"15":{"start":{"line":33,"column":4},"end":{"line":33,"column":16}},"16":{"start":{"line":37,"column":17},"end":{"line":44,"column":5}},"17":{"start":{"line":46,"column":4},"end":{"line":46,"column":16}},"18":{"start":{"line":50,"column":0},"end":{"line":50,"column":25}}},"fnMap":{"0":{"name":"(anonymous_0)","decl":{"start":{"line":2,"column":2},"end":{"line":2,"column":3}},"loc":{"start":{"line":2,"column":63},"end":{"line":9,"column":3}},"line":2},"1":{"name":"(anonymous_1)","decl":{"start":{"line":11,"column":2},"end":{"line":11,"column":3}},"loc":{"start":{"line":11,"column":58},"end":{"line":34,"column":3}},"line":11},"2":{"name":"(anonymous_2)","decl":{"start":{"line":20,"column":59},"end":{"line":20,"column":60}},"loc":{"start":{"line":20,"column":70},"end":{"line":26,"column":7}},"line":20},"3":{"name":"(anonymous_3)","decl":{"start":{"line":36,"column":2},"end":{"line":36,"column":3}},"loc":{"start":{"line":36,"column":39},"end":{"line":47,"column":1}},"line":36}},"branchMap":{"0":{"loc":{"start":{"line":11,"column":42},"end":{"line":11,"column":56}},"type":"default-arg","locations":[{"start":{"line":11,"column":49},"end":{"line":11,"column":56}}],"line":11},"1":{"loc":{"start":{"line":14,"column":4},"end":{"line":18,"column":5}},"type":"if","locations":[{"start":{"line":14,"column":4},"end":{"line":18,"column":5}},{"start":{},"end":{}}],"line":14},"2":{"loc":{"start":{"line":15,"column":6},"end":{"line":17,"column":7}},"type":"if","locations":[{"start":{"line":15,"column":6},"end":{"line":17,"column":7}},{"start":{},"end":{}}],"line":15},"3":{"loc":{"start":{"line":15,"column":10},"end":{"line":15,"column":39}},"type":"binary-expr","locations":[{"start":{"line":15,"column":10},"end":{"line":15,"column":23}},{"start":{"line":15,"column":27},"end":{"line":15,"column":39}}],"line":15},"4":{"loc":{"start":{"line":19,"column":4},"end":{"line":31,"column":5}},"type":"if","locations":[{"start":{"line":19,"column":4},"end":{"line":31,"column":5}},{"start":{},"end":{}}],"line":19},"5":{"loc":{"start":{"line":22,"column":10},"end":{"line":24,"column":29}},"type":"binary-expr","locations":[{"start":{"line":22,"column":10},"end":{"line":22,"column":36}},{"start":{"line":23,"column":10},"end":{"line":23,"column":31}},{"start":{"line":24,"column":10},"end":{"line":24,"column":29}}],"line":22},"6":{"loc":{"start":{"line":28,"column":6},"end":{"line":30,"column":7}},"type":"if","locations":[{"start":{"line":28,"column":6},"end":{"line":30,"column":7}},{"start":{},"end":{}}],"line":28}},"s":{"0":1,"1":1,"2":1,"3":1,"4":1,"5":1,"6":10,"7":10,"8":7,"9":2,"10":8,"11":3,"12":12,"13":3,"14":1,"15":7,"16":6,"17":6,"18":5},"f":{"0":1,"1":10,"2":12,"3":6},"b":{"0":[0],"1":[7,3],"2":[2,5],"3":[7,6],"4":[3,5],"5":[12,2,2],"6":[1,2]},"_coverageSchema":"1a1c01bbd47fc00a2c39e90264f33305004495a9","hash":"0e0cfdad38346f702b26999827729f259b922903"}
,"C:\\PROYECTOS\\INNOVA_PRO+\\INNOVA_PRO+\\backend\\src\\modules\\contactos\\infrastructure\\models\\contactoModel.js": {"path":"C:\\PROYECTOS\\INNOVA_PRO+\\INNOVA_PRO+\\backend\\src\\modules\\contactos\\infrastructure\\models\\contactoModel.js","statementMap":{"0":{"start":{"line":1,"column":22},"end":{"line":1,"column":42}},"1":{"start":{"line":2,"column":18},"end":{"line":2,"column":50}},"2":{"start":{"line":4,"column":17},"end":{"line":33,"column":1}},"3":{"start":{"line":35,"column":0},"end":{"line":49,"column":2}},"4":{"start":{"line":36,"column":2},"end":{"line":41,"column":5}},"5":{"start":{"line":43,"column":2},"end":{"line":48,"column":5}},"6":{"start":{"line":51,"column":0},"end":{"line":51,"column":30}}},"fnMap":{"0":{"name":"(anonymous_0)","decl":{"start":{"line":35,"column":21},"end":{"line":35,"column":22}},"loc":{"start":{"line":35,"column":33},"end":{"line":49,"column":1}},"line":35}},"branchMap":{},"s":{"0":8,"1":8,"2":8,"3":8,"4":8,"5":8,"6":8},"f":{"0":8},"b":{},"_coverageSchema":"1a1c01bbd47fc00a2c39e90264f33305004495a9","hash":"3bfbda47102ae0bfb459315b6a6535f04969b07d"}
,"C:\\PROYECTOS\\INNOVA_PRO+\\INNOVA_PRO+\\backend\\src\\modules\\contactos\\infrastructure\\repositories\\sequelizeContactoRepository.js": {"path":"C:\\PROYECTOS\\INNOVA_PRO+\\INNOVA_PRO+\\backend\\src\\modules\\contactos\\infrastructure\\repositories\\sequelizeContactoRepository.js","statementMap":{"0":{"start":{"line":1,"column":21},"end":{"line":1,"column":55}},"1":{"start":{"line":2,"column":11},"end":{"line":2,"column":40}},"2":{"start":{"line":6,"column":4},"end":{"line":6,"column":55}},"3":{"start":{"line":11,"column":24},"end":{"line":11,"column":56}},"4":{"start":{"line":13,"column":26},"end":{"line":13,"column":78}},"5":{"start":{"line":16,"column":4},"end":{"line":29,"column":5}},"6":{"start":{"line":17,"column":35},"end":{"line":20,"column":8}},"7":{"start":{"line":22,"column":6},"end":{"line":28,"column":7}},"8":{"start":{"line":23,"column":33},"end":{"line":26,"column":11}},"9":{"start":{"line":23,"column":72},"end":{"line":26,"column":9}},"10":{"start":{"line":27,"column":8},"end":{"line":27,"column":79}},"11":{"start":{"line":32,"column":4},"end":{"line":45,"column":5}},"12":{"start":{"line":33,"column":32},"end":{"line":36,"column":8}},"13":{"start":{"line":38,"column":6},"end":{"line":44,"column":7}},"14":{"start":{"line":39,"column":30},"end":{"line":42,"column":11}},"15":{"start":{"line":39,"column":63},"end":{"line":42,"column":9}},"16":{"start":{"line":43,"column":8},"end":{"line":43,"column":75}},"17":{"start":{"line":47,"column":4},"end":{"line":47,"column":31}},"18":{"start":{"line":49,"column":4},"end":{"line":49,"column":25}},"19":{"start":{"line":53,"column":4},"end":{"line":68,"column":7}},"20":{"start":{"line":73,"column":4},"end":{"line":78,"column":7}},"21":{"start":{"line":82,"column":21},"end":{"line":82,"column":48}},"22":{"start":{"line":83,"column":4},"end":{"line":87,"column":5}},"23":{"start":{"line":85,"column":6},"end":{"line":85,"column":46}},"24":{"start":{"line":86,"column":6},"end":{"line":86,"column":18}},"25":{"start":{"line":88,"column":4},"end":{"line":88,"column":40}},"26":{"start":{"line":91,"column":4},"end":{"line":93,"column":5}},"27":{"start":{"line":92,"column":8},"end":{"line":92,"column":71}},"28":{"start":{"line":95,"column":4},"end":{"line":97,"column":5}},"29":{"start":{"line":96,"column":8},"end":{"line":96,"column":65}},"30":{"start":{"line":99,"column":4},"end":{"line":99,"column":20}},"31":{"start":{"line":103,"column":21},"end":{"line":103,"column":48}},"32":{"start":{"line":104,"column":4},"end":{"line":104,"column":31}},"33":{"start":{"line":104,"column":19},"end":{"line":104,"column":31}},"34":{"start":{"line":105,"column":4},"end":{"line":105,"column":36}},"35":{"start":{"line":110,"column":0},"end":{"line":110,"column":45}}},"fnMap":{"0":{"name":"(anonymous_0)","decl":{"start":{"line":5,"column":2},"end":{"line":5,"column":3}},"loc":{"start":{"line":5,"column":13},"end":{"line":7,"column":3}},"line":5},"1":{"name":"(anonymous_1)","decl":{"start":{"line":9,"column":2},"end":{"line":9,"column":3}},"loc":{"start":{"line":9,"column":28},"end":{"line":50,"column":3}},"line":9},"2":{"name":"(anonymous_2)","decl":{"start":{"line":23,"column":58},"end":{"line":23,"column":59}},"loc":{"start":{"line":23,"column":72},"end":{"line":26,"column":9}},"line":23},"3":{"name":"(anonymous_3)","decl":{"start":{"line":39,"column":52},"end":{"line":39,"column":53}},"loc":{"start":{"line":39,"column":63},"end":{"line":42,"column":9}},"line":39},"4":{"name":"(anonymous_4)","decl":{"start":{"line":52,"column":2},"end":{"line":52,"column":3}},"loc":{"start":{"line":52,"column":27},"end":{"line":69,"column":3}},"line":52},"5":{"name":"(anonymous_5)","decl":{"start":{"line":71,"column":2},"end":{"line":71,"column":3}},"loc":{"start":{"line":71,"column":25},"end":{"line":79,"column":3}},"line":71},"6":{"name":"(anonymous_6)","decl":{"start":{"line":81,"column":2},"end":{"line":81,"column":3}},"loc":{"start":{"line":81,"column":45},"end":{"line":100,"column":3}},"line":81},"7":{"name":"(anonymous_7)","decl":{"start":{"line":102,"column":2},"end":{"line":102,"column":3}},"loc":{"start":{"line":102,"column":29},"end":{"line":106,"column":3}},"line":102}},"branchMap":{"0":{"loc":{"start":{"line":16,"column":4},"end":{"line":29,"column":5}},"type":"if","locations":[{"start":{"line":16,"column":4},"end":{"line":29,"column":5}},{"start":{},"end":{}}],"line":16},"1":{"loc":{"start":{"line":16,"column":8},"end":{"line":16,"column":71}},"type":"binary-expr","locations":[{"start":{"line":16,"column":8},"end":{"line":16,"column":32}},{"start":{"line":16,"column":36},"end":{"line":16,"column":71}}],"line":16},"2":{"loc":{"start":{"line":22,"column":6},"end":{"line":28,"column":7}},"type":"if","locations":[{"start":{"line":22,"column":6},"end":{"line":28,"column":7}},{"start":{},"end":{}}],"line":22},"3":{"loc":{"start":{"line":32,"column":4},"end":{"line":45,"column":5}},"type":"if","locations":[{"start":{"line":32,"column":4},"end":{"line":45,"column":5}},{"start":{},"end":{}}],"line":32},"4":{"loc":{"start":{"line":32,"column":8},"end":{"line":32,"column":65}},"type":"binary-expr","locations":[{"start":{"line":32,"column":8},"end":{"line":32,"column":29}},{"start":{"line":32,"column":33},"end":{"line":32,"column":65}}],"line":32},"5":{"loc":{"start":{"line":38,"column":6},"end":{"line":44,"column":7}},"type":"if","locations":[{"start":{"line":38,"column":6},"end":{"line":44,"column":7}},{"start":{},"end":{}}],"line":38},"6":{"loc":{"start":{"line":83,"column":4},"end":{"line":87,"column":5}},"type":"if","locations":[{"start":{"line":83,"column":4},"end":{"line":87,"column":5}},{"start":{},"end":{}}],"line":83},"7":{"loc":{"start":{"line":91,"column":4},"end":{"line":93,"column":5}},"type":"if","locations":[{"start":{"line":91,"column":4},"end":{"line":93,"column":5}},{"start":{},"end":{}}],"line":91},"8":{"loc":{"start":{"line":95,"column":4},"end":{"line":97,"column":5}},"type":"if","locations":[{"start":{"line":95,"column":4},"end":{"line":97,"column":5}},{"start":{},"end":{}}],"line":95},"9":{"loc":{"start":{"line":104,"column":4},"end":{"line":104,"column":31}},"type":"if","locations":[{"start":{"line":104,"column":4},"end":{"line":104,"column":31}},{"start":{},"end":{}}],"line":104}},"s":{"0":5,"1":5,"2":0,"3":5,"4":5,"5":5,"6":2,"7":2,"8":2,"9":3,"10":2,"11":5,"12":2,"13":2,"14":2,"15":2,"16":2,"17":5,"18":5,"19":2,"20":6,"21":2,"22":2,"23":0,"24":0,"25":2,"26":2,"27":1,"28":2,"29":1,"30":2,"31":3,"32":3,"33":1,"34":2,"35":5},"f":{"0":0,"1":5,"2":3,"3":2,"4":2,"5":6,"6":2,"7":3},"b":{"0":[2,3],"1":[5,5],"2":[2,0],"3":[2,3],"4":[5,5],"5":[2,0],"6":[0,2],"7":[1,1],"8":[1,1],"9":[1,2]},"_coverageSchema":"1a1c01bbd47fc00a2c39e90264f33305004495a9","hash":"8d5cc5f48c86dde85025162801c324150bbf3286"}
,"C:\\PROYECTOS\\INNOVA_PRO+\\INNOVA_PRO+\\backend\\src\\modules\\filiales\\application\\useCases\\actualizarFilial.js": {"path":"C:\\PROYECTOS\\INNOVA_PRO+\\INNOVA_PRO+\\backend\\src\\modules\\filiales\\application\\useCases\\actualizarFilial.js","statementMap":{"0":{"start":{"line":1,"column":15},"end":{"line":1,"column":54}},"1":{"start":{"line":3,"column":0},"end":{"line":16,"column":1}},"2":{"start":{"line":4,"column":19},"end":{"line":4,"column":58}},"3":{"start":{"line":5,"column":4},"end":{"line":5,"column":87}},"4":{"start":{"line":5,"column":17},"end":{"line":5,"column":87}},"5":{"start":{"line":7,"column":24},"end":{"line":7,"column":78}},"6":{"start":{"line":8,"column":4},"end":{"line":8,"column":84}},"7":{"start":{"line":8,"column":23},"end":{"line":8,"column":82}},"8":{"start":{"line":10,"column":22},"end":{"line":10,"column":110}},"9":{"start":{"line":11,"column":4},"end":{"line":11,"column":78}},"10":{"start":{"line":11,"column":21},"end":{"line":11,"column":78}},"11":{"start":{"line":13,"column":30},"end":{"line":13,"column":85}},"12":{"start":{"line":15,"column":4},"end":{"line":15,"column":113}}},"fnMap":{"0":{"name":"(anonymous_0)","decl":{"start":{"line":3,"column":17},"end":{"line":3,"column":18}},"loc":{"start":{"line":3,"column":77},"end":{"line":16,"column":1}},"line":3}},"branchMap":{"0":{"loc":{"start":{"line":5,"column":4},"end":{"line":5,"column":87}},"type":"if","locations":[{"start":{"line":5,"column":4},"end":{"line":5,"column":87}},{"start":{},"end":{}}],"line":5},"1":{"loc":{"start":{"line":8,"column":4},"end":{"line":8,"column":84}},"type":"if","locations":[{"start":{"line":8,"column":4},"end":{"line":8,"column":84}},{"start":{},"end":{}}],"line":8},"2":{"loc":{"start":{"line":11,"column":4},"end":{"line":11,"column":78}},"type":"if","locations":[{"start":{"line":11,"column":4},"end":{"line":11,"column":78}},{"start":{},"end":{}}],"line":11}},"s":{"0":1,"1":1,"2":3,"3":3,"4":1,"5":2,"6":2,"7":1,"8":1,"9":1,"10":0,"11":1,"12":1},"f":{"0":3},"b":{"0":[1,2],"1":[1,1],"2":[0,1]},"_coverageSchema":"1a1c01bbd47fc00a2c39e90264f33305004495a9","hash":"f9164fdab974baa5365356637109201902816edb"}
,"C:\\PROYECTOS\\INNOVA_PRO+\\INNOVA_PRO+\\backend\\src\\modules\\filiales\\application\\useCases\\crearFilial.js": {"path":"C:\\PROYECTOS\\INNOVA_PRO+\\INNOVA_PRO+\\backend\\src\\modules\\filiales\\application\\useCases\\crearFilial.js","statementMap":{"0":{"start":{"line":1,"column":15},"end":{"line":1,"column":54}},"1":{"start":{"line":3,"column":0},"end":{"line":16,"column":2}},"2":{"start":{"line":4,"column":22},"end":{"line":4,"column":75}},"3":{"start":{"line":5,"column":2},"end":{"line":5,"column":79}},"4":{"start":{"line":5,"column":19},"end":{"line":5,"column":79}},"5":{"start":{"line":7,"column":20},"end":{"line":7,"column":104}},"6":{"start":{"line":8,"column":2},"end":{"line":8,"column":76}},"7":{"start":{"line":8,"column":19},"end":{"line":8,"column":76}},"8":{"start":{"line":10,"column":26},"end":{"line":10,"column":48}},"9":{"start":{"line":12,"column":2},"end":{"line":12,"column":50}},"10":{"start":{"line":13,"column":22},"end":{"line":13,"column":67}},"11":{"start":{"line":15,"column":2},"end":{"line":15,"column":101}}},"fnMap":{"0":{"name":"(anonymous_0)","decl":{"start":{"line":3,"column":17},"end":{"line":3,"column":18}},"loc":{"start":{"line":3,"column":73},"end":{"line":16,"column":1}},"line":3}},"branchMap":{"0":{"loc":{"start":{"line":5,"column":2},"end":{"line":5,"column":79}},"type":"if","locations":[{"start":{"line":5,"column":2},"end":{"line":5,"column":79}},{"start":{},"end":{}}],"line":5},"1":{"loc":{"start":{"line":8,"column":2},"end":{"line":8,"column":76}},"type":"if","locations":[{"start":{"line":8,"column":2},"end":{"line":8,"column":76}},{"start":{},"end":{}}],"line":8}},"s":{"0":1,"1":1,"2":4,"3":4,"4":1,"5":3,"6":3,"7":1,"8":2,"9":2,"10":2,"11":2},"f":{"0":4},"b":{"0":[1,3],"1":[1,2]},"_coverageSchema":"1a1c01bbd47fc00a2c39e90264f33305004495a9","hash":"4bd51bde958ee1e6c191d64ccc8f765c4c9b86db"}
,"C:\\PROYECTOS\\INNOVA_PRO+\\INNOVA_PRO+\\backend\\src\\modules\\filiales\\application\\useCases\\eliminarFilial.js": {"path":"C:\\PROYECTOS\\INNOVA_PRO+\\INNOVA_PRO+\\backend\\src\\modules\\filiales\\application\\useCases\\eliminarFilial.js","statementMap":{"0":{"start":{"line":1,"column":0},"end":{"line":7,"column":1}},"1":{"start":{"line":2,"column":19},"end":{"line":2,"column":58}},"2":{"start":{"line":3,"column":4},"end":{"line":3,"column":87}},"3":{"start":{"line":3,"column":17},"end":{"line":3,"column":87}},"4":{"start":{"line":5,"column":4},"end":{"line":5,"column":46}},"5":{"start":{"line":6,"column":4},"end":{"line":6,"column":83}}},"fnMap":{"0":{"name":"(anonymous_0)","decl":{"start":{"line":1,"column":17},"end":{"line":1,"column":18}},"loc":{"start":{"line":1,"column":49},"end":{"line":7,"column":1}},"line":1}},"branchMap":{"0":{"loc":{"start":{"line":3,"column":4},"end":{"line":3,"column":87}},"type":"if","locations":[{"start":{"line":3,"column":4},"end":{"line":3,"column":87}},{"start":{},"end":{}}],"line":3}},"s":{"0":1,"1":2,"2":2,"3":1,"4":1,"5":1},"f":{"0":2},"b":{"0":[1,1]},"_coverageSchema":"1a1c01bbd47fc00a2c39e90264f33305004495a9","hash":"44d6d5b85020d45f2e4eef653f4780fff5f13d0b"}
,"C:\\PROYECTOS\\INNOVA_PRO+\\INNOVA_PRO+\\backend\\src\\modules\\filiales\\application\\useCases\\obtenerFiliales.js": {"path":"C:\\PROYECTOS\\INNOVA_PRO+\\INNOVA_PRO+\\backend\\src\\modules\\filiales\\application\\useCases\\obtenerFiliales.js","statementMap":{"0":{"start":{"line":1,"column":0},"end":{"line":4,"column":1}},"1":{"start":{"line":2,"column":21},"end":{"line":2,"column":61}},"2":{"start":{"line":3,"column":4},"end":{"line":3,"column":47}}},"fnMap":{"0":{"name":"(anonymous_0)","decl":{"start":{"line":1,"column":17},"end":{"line":1,"column":18}},"loc":{"start":{"line":1,"column":45},"end":{"line":4,"column":1}},"line":1}},"branchMap":{},"s":{"0":1,"1":1,"2":1},"f":{"0":1},"b":{},"_coverageSchema":"1a1c01bbd47fc00a2c39e90264f33305004495a9","hash":"d323dffa84bc08ef9ca9cfcf36e9639c8a0a2d6d"}
,"C:\\PROYECTOS\\INNOVA_PRO+\\INNOVA_PRO+\\backend\\src\\modules\\filiales\\domain\\entities\\filial.js": {"path":"C:\\PROYECTOS\\INNOVA_PRO+\\INNOVA_PRO+\\backend\\src\\modules\\filiales\\domain\\entities\\filial.js","statementMap":{"0":{"start":{"line":1,"column":22},"end":{"line":11,"column":1}},"1":{"start":{"line":25,"column":8},"end":{"line":25,"column":41}},"2":{"start":{"line":26,"column":8},"end":{"line":26,"column":23}},"3":{"start":{"line":27,"column":8},"end":{"line":27,"column":35}},"4":{"start":{"line":28,"column":8},"end":{"line":28,"column":55}},"5":{"start":{"line":29,"column":8},"end":{"line":29,"column":51}},"6":{"start":{"line":30,"column":8},"end":{"line":30,"column":55}},"7":{"start":{"line":31,"column":8},"end":{"line":31,"column":61}},"8":{"start":{"line":32,"column":8},"end":{"line":32,"column":49}},"9":{"start":{"line":33,"column":8},"end":{"line":33,"column":37}},"10":{"start":{"line":37,"column":8},"end":{"line":45,"column":9}},"11":{"start":{"line":38,"column":12},"end":{"line":40,"column":13}},"12":{"start":{"line":39,"column":16},"end":{"line":39,"column":117}},"13":{"start":{"line":42,"column":12},"end":{"line":44,"column":13}},"14":{"start":{"line":43,"column":16},"end":{"line":43,"column":83}},"15":{"start":{"line":47,"column":8},"end":{"line":58,"column":9}},"16":{"start":{"line":48,"column":46},"end":{"line":53,"column":13}},"17":{"start":{"line":50,"column":20},"end":{"line":52,"column":39}},"18":{"start":{"line":55,"column":12},"end":{"line":57,"column":13}},"19":{"start":{"line":56,"column":16},"end":{"line":56,"column":85}},"20":{"start":{"line":60,"column":8},"end":{"line":60,"column":19}},"21":{"start":{"line":65,"column":0},"end":{"line":65,"column":24}}},"fnMap":{"0":{"name":"(anonymous_0)","decl":{"start":{"line":14,"column":4},"end":{"line":14,"column":5}},"loc":{"start":{"line":24,"column":7},"end":{"line":34,"column":5}},"line":24},"1":{"name":"(anonymous_1)","decl":{"start":{"line":36,"column":4},"end":{"line":36,"column":5}},"loc":{"start":{"line":36,"column":60},"end":{"line":61,"column":5}},"line":36},"2":{"name":"(anonymous_2)","decl":{"start":{"line":49,"column":16},"end":{"line":49,"column":17}},"loc":{"start":{"line":50,"column":20},"end":{"line":52,"column":39}},"line":50}},"branchMap":{"0":{"loc":{"start":{"line":36,"column":44},"end":{"line":36,"column":58}},"type":"default-arg","locations":[{"start":{"line":36,"column":51},"end":{"line":36,"column":58}}],"line":36},"1":{"loc":{"start":{"line":37,"column":8},"end":{"line":45,"column":9}},"type":"if","locations":[{"start":{"line":37,"column":8},"end":{"line":45,"column":9}},{"start":{},"end":{}}],"line":37},"2":{"loc":{"start":{"line":38,"column":12},"end":{"line":40,"column":13}},"type":"if","locations":[{"start":{"line":38,"column":12},"end":{"line":40,"column":13}},{"start":{},"end":{}}],"line":38},"3":{"loc":{"start":{"line":38,"column":16},"end":{"line":38,"column":107}},"type":"binary-expr","locations":[{"start":{"line":38,"column":16},"end":{"line":38,"column":35}},{"start":{"line":38,"column":39},"end":{"line":38,"column":49}},{"start":{"line":38,"column":53},"end":{"line":38,"column":79}},{"start":{"line":38,"column":83},"end":{"line":38,"column":107}}],"line":38},"4":{"loc":{"start":{"line":42,"column":12},"end":{"line":44,"column":13}},"type":"if","locations":[{"start":{"line":42,"column":12},"end":{"line":44,"column":13}},{"start":{},"end":{}}],"line":42},"5":{"loc":{"start":{"line":47,"column":8},"end":{"line":58,"column":9}},"type":"if","locations":[{"start":{"line":47,"column":8},"end":{"line":58,"column":9}},{"start":{},"end":{}}],"line":47},"6":{"loc":{"start":{"line":50,"column":20},"end":{"line":52,"column":39}},"type":"binary-expr","locations":[{"start":{"line":50,"column":20},"end":{"line":50,"column":46}},{"start":{"line":51,"column":20},"end":{"line":51,"column":41}},{"start":{"line":52,"column":20},"end":{"line":52,"column":39}}],"line":50},"7":{"loc":{"start":{"line":55,"column":12},"end":{"line":57,"column":13}},"type":"if","locations":[{"start":{"line":55,"column":12},"end":{"line":57,"column":13}},{"start":{},"end":{}}],"line":55}},"s":{"0":2,"1":2,"2":2,"3":2,"4":2,"5":2,"6":2,"7":2,"8":2,"9":2,"10":6,"11":4,"12":1,"13":3,"14":0,"15":5,"16":2,"17":12,"18":2,"19":1,"20":4,"21":2},"f":{"0":2,"1":6,"2":12},"b":{"0":[0],"1":[4,2],"2":[1,3],"3":[4,3,3,3],"4":[0,3],"5":[2,3],"6":[12,1,1],"7":[1,1]},"_coverageSchema":"1a1c01bbd47fc00a2c39e90264f33305004495a9","hash":"16e3c4dea0784f4190b10391747c78f86b126eba"}
,"C:\\PROYECTOS\\INNOVA_PRO+\\INNOVA_PRO+\\backend\\src\\modules\\filiales\\infrastructure\\models\\filialModel.js": {"path":"C:\\PROYECTOS\\INNOVA_PRO+\\INNOVA_PRO+\\backend\\src\\modules\\filiales\\infrastructure\\models\\filialModel.js","statementMap":{"0":{"start":{"line":1,"column":22},"end":{"line":1,"column":42}},"1":{"start":{"line":2,"column":18},"end":{"line":2,"column":50}},"2":{"start":{"line":4,"column":15},"end":{"line":55,"column":1}},"3":{"start":{"line":57,"column":0},"end":{"line":57,"column":28}}},"fnMap":{},"branchMap":{},"s":{"0":11,"1":11,"2":11,"3":11},"f":{},"b":{},"_coverageSchema":"1a1c01bbd47fc00a2c39e90264f33305004495a9","hash":"d44cfb3bc7b5f01baac79827c3cd02fdb170bd36"}
,"C:\\PROYECTOS\\INNOVA_PRO+\\INNOVA_PRO+\\backend\\src\\modules\\filiales\\infrastructure\\repositories\\sequelizeFilialRepository.js": {"path":"C:\\PROYECTOS\\INNOVA_PRO+\\INNOVA_PRO+\\backend\\src\\modules\\filiales\\infrastructure\\repositories\\sequelizeFilialRepository.js","statementMap":{"0":{"start":{"line":1,"column":19},"end":{"line":1,"column":51}},"1":{"start":{"line":5,"column":8},"end":{"line":5,"column":55}},"2":{"start":{"line":9,"column":8},"end":{"line":15,"column":9}},"3":{"start":{"line":10,"column":10},"end":{"line":10,"column":49}},"4":{"start":{"line":12,"column":10},"end":{"line":12,"column":67}},"5":{"start":{"line":13,"column":10},"end":{"line":13,"column":77}},"6":{"start":{"line":14,"column":10},"end":{"line":14,"column":22}},"7":{"start":{"line":21,"column":8},"end":{"line":21,"column":38}},"8":{"start":{"line":25,"column":8},"end":{"line":25,"column":41}},"9":{"start":{"line":29,"column":23},"end":{"line":29,"column":48}},"10":{"start":{"line":30,"column":8},"end":{"line":33,"column":9}},"11":{"start":{"line":31,"column":10},"end":{"line":31,"column":48}},"12":{"start":{"line":32,"column":10},"end":{"line":32,"column":22}},"13":{"start":{"line":34,"column":8},"end":{"line":34,"column":40}},"14":{"start":{"line":35,"column":8},"end":{"line":35,"column":22}},"15":{"start":{"line":39,"column":23},"end":{"line":39,"column":50}},"16":{"start":{"line":40,"column":8},"end":{"line":40,"column":33}},"17":{"start":{"line":40,"column":21},"end":{"line":40,"column":33}},"18":{"start":{"line":41,"column":8},"end":{"line":41,"column":38}},"19":{"start":{"line":45,"column":0},"end":{"line":45,"column":43}}},"fnMap":{"0":{"name":"(anonymous_0)","decl":{"start":{"line":4,"column":4},"end":{"line":4,"column":5}},"loc":{"start":{"line":4,"column":15},"end":{"line":6,"column":5}},"line":4},"1":{"name":"(anonymous_1)","decl":{"start":{"line":8,"column":4},"end":{"line":8,"column":5}},"loc":{"start":{"line":8,"column":28},"end":{"line":16,"column":7}},"line":8},"2":{"name":"(anonymous_2)","decl":{"start":{"line":20,"column":4},"end":{"line":20,"column":5}},"loc":{"start":{"line":20,"column":28},"end":{"line":22,"column":5}},"line":20},"3":{"name":"(anonymous_3)","decl":{"start":{"line":24,"column":4},"end":{"line":24,"column":5}},"loc":{"start":{"line":24,"column":27},"end":{"line":26,"column":5}},"line":24},"4":{"name":"(anonymous_4)","decl":{"start":{"line":28,"column":4},"end":{"line":28,"column":5}},"loc":{"start":{"line":28,"column":43},"end":{"line":36,"column":7}},"line":28},"5":{"name":"(anonymous_5)","decl":{"start":{"line":38,"column":4},"end":{"line":38,"column":5}},"loc":{"start":{"line":38,"column":29},"end":{"line":42,"column":5}},"line":38}},"branchMap":{"0":{"loc":{"start":{"line":13,"column":40},"end":{"line":13,"column":75}},"type":"binary-expr","locations":[{"start":{"line":13,"column":40},"end":{"line":13,"column":66}},{"start":{"line":13,"column":70},"end":{"line":13,"column":75}}],"line":13},"1":{"loc":{"start":{"line":30,"column":8},"end":{"line":33,"column":9}},"type":"if","locations":[{"start":{"line":30,"column":8},"end":{"line":33,"column":9}},{"start":{},"end":{}}],"line":30},"2":{"loc":{"start":{"line":40,"column":8},"end":{"line":40,"column":33}},"type":"if","locations":[{"start":{"line":40,"column":8},"end":{"line":40,"column":33}},{"start":{},"end":{}}],"line":40}},"s":{"0":4,"1":3,"2":4,"3":4,"4":0,"5":0,"6":0,"7":2,"8":4,"9":2,"10":2,"11":1,"12":1,"13":1,"14":1,"15":3,"16":3,"17":1,"18":2,"19":4},"f":{"0":3,"1":4,"2":2,"3":4,"4":2,"5":3},"b":{"0":[0,0],"1":[1,1],"2":[1,2]},"_coverageSchema":"1a1c01bbd47fc00a2c39e90264f33305004495a9","hash":"9a23cdd97b3d27525e39c97e6ef2702cfb2d6e00"}
,"C:\\PROYECTOS\\INNOVA_PRO+\\INNOVA_PRO+\\backend\\src\\modules\\filiales\\infrastructure\\services\\entidadService.js": {"path":"C:\\PROYECTOS\\INNOVA_PRO+\\INNOVA_PRO+\\backend\\src\\modules\\filiales\\infrastructure\\services\\entidadService.js","statementMap":{"0":{"start":{"line":1,"column":15},"end":{"line":1,"column":35}},"1":{"start":{"line":5,"column":2},"end":{"line":7,"column":3}},"2":{"start":{"line":6,"column":4},"end":{"line":6,"column":73}},"3":{"start":{"line":9,"column":2},"end":{"line":9,"column":30}},"4":{"start":{"line":9,"column":18},"end":{"line":9,"column":30}},"5":{"start":{"line":11,"column":27},"end":{"line":16,"column":4}},"6":{"start":{"line":18,"column":2},"end":{"line":18,"column":37}},"7":{"start":{"line":18,"column":25},"end":{"line":18,"column":37}},"8":{"start":{"line":20,"column":2},"end":{"line":20,"column":48}},"9":{"start":{"line":24,"column":0},"end":{"line":24,"column":44}}},"fnMap":{"0":{"name":"verificarDuplicadosRUC","decl":{"start":{"line":3,"column":15},"end":{"line":3,"column":37}},"loc":{"start":{"line":3,"column":76},"end":{"line":22,"column":1}},"line":3}},"branchMap":{"0":{"loc":{"start":{"line":3,"column":46},"end":{"line":3,"column":56}},"type":"default-arg","locations":[{"start":{"line":3,"column":54},"end":{"line":3,"column":56}}],"line":3},"1":{"loc":{"start":{"line":3,"column":58},"end":{"line":3,"column":74}},"type":"default-arg","locations":[{"start":{"line":3,"column":70},"end":{"line":3,"column":74}}],"line":3},"2":{"loc":{"start":{"line":5,"column":2},"end":{"line":7,"column":3}},"type":"if","locations":[{"start":{"line":5,"column":2},"end":{"line":7,"column":3}},{"start":{},"end":{}}],"line":5},"3":{"loc":{"start":{"line":5,"column":6},"end":{"line":5,"column":53}},"type":"binary-expr","locations":[{"start":{"line":5,"column":6},"end":{"line":5,"column":13}},{"start":{"line":5,"column":17},"end":{"line":5,"column":53}}],"line":5},"4":{"loc":{"start":{"line":9,"column":2},"end":{"line":9,"column":30}},"type":"if","locations":[{"start":{"line":9,"column":2},"end":{"line":9,"column":30}},{"start":{},"end":{}}],"line":9},"5":{"loc":{"start":{"line":18,"column":2},"end":{"line":18,"column":37}},"type":"if","locations":[{"start":{"line":18,"column":2},"end":{"line":18,"column":37}},{"start":{},"end":{}}],"line":18}},"s":{"0":1,"1":3,"2":0,"3":3,"4":0,"5":3,"6":3,"7":2,"8":1,"9":1},"f":{"0":3},"b":{"0":[0],"1":[3],"2":[0,3],"3":[3,3],"4":[0,3],"5":[2,1]},"_coverageSchema":"1a1c01bbd47fc00a2c39e90264f33305004495a9","hash":"5bc694c15dd0495ee904b2caa4607
[...]
rt":{"line":22,"column":8},"end":{"line":25,"column":9}},"7":{"start":{"line":23,"column":10},"end":{"line":23,"column":46}},"8":{"start":{"line":24,"column":10},"end":{"line":24,"column":22}},"9":{"start":{"line":26,"column":8},"end":{"line":26,"column":36}},"10":{"start":{"line":27,"column":8},"end":{"line":27,"column":20}},"11":{"start":{"line":31,"column":21},"end":{"line":31,"column":48}},"12":{"start":{"line":32,"column":8},"end":{"line":32,"column":31}},"13":{"start":{"line":32,"column":19},"end":{"line":32,"column":31}},"14":{"start":{"line":33,"column":8},"end":{"line":33,"column":36}},"15":{"start":{"line":37,"column":0},"end":{"line":37,"column":41}}},"fnMap":{"0":{"name":"(anonymous_0)","decl":{"start":{"line":4,"column":4},"end":{"line":4,"column":5}},"loc":{"start":{"line":4,"column":15},"end":{"line":6,"column":5}},"line":4},"1":{"name":"(anonymous_1)","decl":{"start":{"line":8,"column":4},"end":{"line":8,"column":5}},"loc":{"start":{"line":8,"column":26},"end":{"line":10,"column":7}},"line":8},"2":{"name":"(anonymous_2)","decl":{"start":{"line":12,"column":4},"end":{"line":12,"column":5}},"loc":{"start":{"line":12,"column":25},"end":{"line":14,"column":5}},"line":12},"3":{"name":"(anonymous_3)","decl":{"start":{"line":16,"column":4},"end":{"line":16,"column":5}},"loc":{"start":{"line":16,"column":27},"end":{"line":18,"column":5}},"line":16},"4":{"name":"(anonymous_4)","decl":{"start":{"line":20,"column":4},"end":{"line":20,"column":5}},"loc":{"start":{"line":20,"column":39},"end":{"line":28,"column":7}},"line":20},"5":{"name":"(anonymous_5)","decl":{"start":{"line":30,"column":4},"end":{"line":30,"column":5}},"loc":{"start":{"line":30,"column":27},"end":{"line":34,"column":5}},"line":30}},"branchMap":{"0":{"loc":{"start":{"line":22,"column":8},"end":{"line":25,"column":9}},"type":"if","locations":[{"start":{"line":22,"column":8},"end":{"line":25,"column":9}},{"start":{},"end":{}}],"line":22},"1":{"loc":{"start":{"line":32,"column":8},"end":{"line":32,"column":31}},"type":"if","locations":[{"start":{"line":32,"column":8},"end":{"line":32,"column":31}},{"start":{},"end":{}}],"line":32}},"s":{"0":5,"1":0,"2":5,"3":2,"4":6,"5":3,"6":3,"7":1,"8":1,"9":2,"10":2,"11":3,"12":3,"13":1,"14":2,"15":5},"f":{"0":0,"1":5,"2":2,"3":6,"4":3,"5":3},"b":{"0":[1,2],"1":[1,2]},"_coverageSchema":"1a1c01bbd47fc00a2c39e90264f33305004495a9","hash":"6fc356595983441fe6e85ac95177530256206d3d"}
,"C:\\PROYECTOS\\INNOVA_PRO+\\INNOVA_PRO+\\backend\\src\\modules\\usuarios\\application\\useCases\\actualizarUsuario.js": {"path":"C:\\PROYECTOS\\INNOVA_PRO+\\INNOVA_PRO+\\backend\\src\\modules\\usuarios\\application\\useCases\\actualizarUsuario.js","statementMap":{"0":{"start":{"line":1,"column":16},"end":{"line":1,"column":57}},"1":{"start":{"line":3,"column":0},"end":{"line":19,"column":1}},"2":{"start":{"line":4,"column":29},"end":{"line":4,"column":69}},"3":{"start":{"line":5,"column":4},"end":{"line":5,"column":98}},"4":{"start":{"line":5,"column":27},"end":{"line":5,"column":98}},"5":{"start":{"line":7,"column":24},"end":{"line":7,"column":62}},"6":{"start":{"line":8,"column":4},"end":{"line":8,"column":84}},"7":{"start":{"line":8,"column":23},"end":{"line":8,"column":82}},"8":{"start":{"line":11,"column":28},"end":{"line":11,"column":86}},"9":{"start":{"line":12,"column":4},"end":{"line":14,"column":5}},"10":{"start":{"line":13,"column":8},"end":{"line":13,"column":86}},"11":{"start":{"line":16,"column":31},"end":{"line":16,"column":89}},"12":{"start":{"line":18,"column":4},"end":{"line":18,"column":116}}},"fnMap":{"0":{"name":"(anonymous_0)","decl":{"start":{"line":3,"column":17},"end":{"line":3,"column":18}},"loc":{"start":{"line":3,"column":63},"end":{"line":19,"column":1}},"line":3}},"branchMap":{"0":{"loc":{"start":{"line":5,"column":4},"end":{"line":5,"column":98}},"type":"if","locations":[{"start":{"line":5,"column":4},"end":{"line":5,"column":98}},{"start":{},"end":{}}],"line":5},"1":{"loc":{"start":{"line":8,"column":4},"end":{"line":8,"column":84}},"type":"if","locations":[{"start":{"line":8,"column":4},"end":{"line":8,"column":84}},{"start":{},"end":{}}],"line":8},"2":{"loc":{"start":{"line":12,"column":4},"end":{"line":14,"column":5}},"type":"if","locations":[{"start":{"line":12,"column":4},"end":{"line":14,"column":5}},{"start":{},"end":{}}],"line":12}},"s":{"0":1,"1":1,"2":6,"3":6,"4":1,"5":5,"6":5,"7":3,"8":2,"9":2,"10":1,"11":1,"12":1},"f":{"0":6},"b":{"0":[1,5],"1":[3,2],"2":[1,1]},"_coverageSchema":"1a1c01bbd47fc00a2c39e90264f33305004495a9","hash":"00e40f86324f55730f45f88f212b5486f922de3c"}
,"C:\\PROYECTOS\\INNOVA_PRO+\\INNOVA_PRO+\\backend\\src\\modules\\usuarios\\application\\useCases\\crearUsuario.js": {"path":"C:\\PROYECTOS\\INNOVA_PRO+\\INNOVA_PRO+\\backend\\src\\modules\\usuarios\\application\\useCases\\crearUsuario.js","statementMap":{"0":{"start":{"line":1,"column":16},"end":{"line":1,"column":57}},"1":{"start":{"line":2,"column":39},"end":{"line":2,"column":95}},"2":{"start":{"line":4,"column":0},"end":{"line":20,"column":2}},"3":{"start":{"line":6,"column":16},"end":{"line":6,"column":53}},"4":{"start":{"line":7,"column":2},"end":{"line":7,"column":67}},"5":{"start":{"line":7,"column":13},"end":{"line":7,"column":67}},"6":{"start":{"line":10,"column":27},"end":{"line":10,"column":85}},"7":{"start":{"line":11,"column":2},"end":{"line":13,"column":3}},"8":{"start":{"line":12,"column":4},"end":{"line":12,"column":82}},"9":{"start":{"line":15,"column":30},"end":{"line":15,"column":75}},"10":{"start":{"line":16,"column":23},"end":{"line":16,"column":73}},"11":{"start":{"line":18,"column":2},"end":{"line":18,"column":102}}},"fnMap":{"0":{"name":"(anonymous_0)","decl":{"start":{"line":4,"column":17},"end":{"line":4,"column":18}},"loc":{"start":{"line":4,"column":59},"end":{"line":20,"column":1}},"line":4}},"branchMap":{"0":{"loc":{"start":{"line":7,"column":2},"end":{"line":7,"column":67}},"type":"if","locations":[{"start":{"line":7,"column":2},"end":{"line":7,"column":67}},{"start":{},"end":{}}],"line":7},"1":{"loc":{"start":{"line":11,"column":2},"end":{"line":13,"column":3}},"type":"if","locations":[{"start":{"line":11,"column":2},"end":{"line":13,"column":3}},{"start":{},"end":{}}],"line":11}},"s":{"0":1,"1":1,"2":1,"3":3,"4":3,"5":2,"6":1,"7":1,"8":0,"9":1,"10":1,"11":1},"f":{"0":3},"b":{"0":[2,1],"1":[0,1]},"_coverageSchema":"1a1c01bbd47fc00a2c39e90264f33305004495a9","hash":"962221c66d88b95b396097e97831b3d6fcb110d0"}
,"C:\\PROYECTOS\\INNOVA_PRO+\\INNOVA_PRO+\\backend\\src\\modules\\usuarios\\application\\useCases\\eliminarUsuario.js": {"path":"C:\\PROYECTOS\\INNOVA_PRO+\\INNOVA_PRO+\\backend\\src\\modules\\usuarios\\application\\useCases\\eliminarUsuario.js","statementMap":{"0":{"start":{"line":1,"column":0},"end":{"line":7,"column":1}},"1":{"start":{"line":2,"column":20},"end":{"line":2,"column":60}},"2":{"start":{"line":3,"column":4},"end":{"line":3,"column":89}},"3":{"start":{"line":3,"column":18},"end":{"line":3,"column":89}},"4":{"start":{"line":5,"column":4},"end":{"line":5,"column":48}},"5":{"start":{"line":6,"column":4},"end":{"line":6,"column":84}}},"fnMap":{"0":{"name":"(anonymous_0)","decl":{"start":{"line":1,"column":17},"end":{"line":1,"column":18}},"loc":{"start":{"line":1,"column":50},"end":{"line":7,"column":1}},"line":1}},"branchMap":{"0":{"loc":{"start":{"line":3,"column":4},"end":{"line":3,"column":89}},"type":"if","locations":[{"start":{"line":3,"column":4},"end":{"line":3,"column":89}},{"start":{},"end":{}}],"line":3}},"s":{"0":1,"1":2,"2":2,"3":1,"4":1,"5":1},"f":{"0":2},"b":{"0":[1,1]},"_coverageSchema":"1a1c01bbd47fc00a2c39e90264f33305004495a9","hash":"87490ff2350eba697e8076461bfecc8861afac59"}
,"C:\\PROYECTOS\\INNOVA_PRO+\\INNOVA_PRO+\\backend\\src\\modules\\usuarios\\application\\useCases\\loginUsuario.js": {"path":"C:\\PROYECTOS\\INNOVA_PRO+\\INNOVA_PRO+\\backend\\src\\modules\\usuarios\\application\\useCases\\loginUsuario.js","statementMap":{"0":{"start":{"line":1,"column":15},"end":{"line":1,"column":34}},"1":{"start":{"line":2,"column":12},"end":{"line":2,"column":35}},"2":{"start":{"line":3,"column":27},"end":{"line":3,"column":86}},"3":{"start":{"line":4,"column":16},"end":{"line":4,"column":56}},"4":{"start":{"line":6,"column":0},"end":{"line":35,"column":1}},"5":{"start":{"line":7,"column":18},"end":{"line":7,"column":50}},"6":{"start":{"line":8,"column":4},"end":{"line":8,"column":69}},"7":{"start":{"line":8,"column":15},"end":{"line":8,"column":69}},"8":{"start":{"line":10,"column":48},"end":{"line":10,"column":58}},"9":{"start":{"line":12,"column":26},"end":{"line":12,"column":62}},"10":{"start":{"line":13,"column":4},"end":{"line":15,"column":5}},"11":{"start":{"line":14,"column":8},"end":{"line":14,"column":75}},"12":{"start":{"line":17,"column":20},"end":{"line":17,"column":66}},"13":{"start":{"line":18,"column":4},"end":{"line":20,"column":5}},"14":{"start":{"line":19,"column":8},"end":{"line":19,"column":81}},"15":{"start":{"line":22,"column":29},"end":{"line":22,"column":77}},"16":{"start":{"line":23,"column":4},"end":{"line":25,"column":5}},"17":{"start":{"line":24,"column":8},"end":{"line":24,"column":81}},"18":{"start":{"line":27,"column":18},"end":{"line":31,"column":5}},"19":{"start":{"line":33,"column":4},"end":{"line":33,"column":142}}},"fnMap":{"0":{"name":"(anonymous_0)","decl":{"start":{"line":6,"column":17},"end":{"line":6,"column":18}},"loc":{"start":{"line":6,"column":59},"end":{"line":35,"column":1}},"line":6}},"branchMap":{"0":{"loc":{"start":{"line":8,"column":4},"end":{"line":8,"column":69}},"type":"if","locations":[{"start":{"line":8,"column":4},"end":{"line":8,"column":69}},{"start":{},"end":{}}],"line":8},"1":{"loc":{"start":{"line":13,"column":4},"end":{"line":15,"column":5}},"type":"if","locations":[{"start":{"line":13,"column":4},"end":{"line":15,"column":5}},{"start":{},"end":{}}],"line":13},"2":{"loc":{"start":{"line":18,"column":4},"end":{"line":20,"column":5}},"type":"if","locations":[{"start":{"line":18,"column":4},"end":{"line":20,"column":5}},{"start":{},"end":{}}],"line":18},"3":{"loc":{"start":{"line":23,"column":4},"end":{"line":25,"column":5}},"type":"if","locations":[{"start":{"line":23,"column":4},"end":{"line":25,"column":5}},{"start":{},"end":{}}],"line":23}},"s":{"0":1,"1":1,"2":1,"3":1,"4":1,"5":5,"6":5,"7":1,"8":4,"9":4,"10":4,"11":1,"12":3,"13":3,"14":1,"15":2,"16":2,"17":1,"18":1,"19":1},"f":{"0":5},"b":{"0":[1,4],"1":[1,3],"2":[1,2],"3":[1,1]},"_coverageSchema":"1a1c01bbd47fc00a2c39e90264f33305004495a9","hash":"259358dcd024bd2df4407a5e14769bb5c1544eda"}
,"C:\\PROYECTOS\\INNOVA_PRO+\\INNOVA_PRO+\\backend\\src\\modules\\usuarios\\application\\useCases\\obtenerUsuarioPorId.js": {"path":"C:\\PROYECTOS\\INNOVA_PRO+\\INNOVA_PRO+\\backend\\src\\modules\\usuarios\\application\\useCases\\obtenerUsuarioPorId.js","statementMap":{"0":{"start":{"line":1,"column":0},"end":{"line":6,"column":1}},"1":{"start":{"line":2,"column":20},"end":{"line":2,"column":60}},"2":{"start":{"line":3,"column":4},"end":{"line":3,"column":89}},"3":{"start":{"line":3,"column":18},"end":{"line":3,"column":89}},"4":{"start":{"line":5,"column":4},"end":{"line":5,"column":50}}},"fnMap":{"0":{"name":"(anonymous_0)","decl":{"start":{"line":1,"column":17},"end":{"line":1,"column":18}},"loc":{"start":{"line":1,"column":50},"end":{"line":6,"column":1}},"line":1}},"branchMap":{"0":{"loc":{"start":{"line":3,"column":4},"end":{"line":3,"column":89}},"type":"if","locations":[{"start":{"line":3,"column":4},"end":{"line":3,"column":89}},{"start":{},"end":{}}],"line":3}},"s":{"0":1,"1":2,"2":2,"3":1,"4":1},"f":{"0":2},"b":{"0":[1,1]},"_coverageSchema":"1a1c01bbd47fc00a2c39e90264f33305004495a9","hash":"30ebc5917123ee87480e60f5505ff672b62c78a0"}
,"C:\\PROYECTOS\\INNOVA_PRO+\\INNOVA_PRO+\\backend\\src\\modules\\usuarios\\application\\useCases\\obtenerUsuarios.js": {"path":"C:\\PROYECTOS\\INNOVA_PRO+\\INNOVA_PRO+\\backend\\src\\modules\\usuarios\\application\\useCases\\obtenerUsuarios.js","statementMap":{"0":{"start":{"line":1,"column":0},"end":{"line":4,"column":1}},"1":{"start":{"line":2,"column":21},"end":{"line":2,"column":62}},"2":{"start":{"line":3,"column":4},"end":{"line":3,"column":47}}},"fnMap":{"0":{"name":"(anonymous_0)","decl":{"start":{"line":1,"column":17},"end":{"line":1,"column":18}},"loc":{"start":{"line":1,"column":46},"end":{"line":4,"column":1}},"line":1}},"branchMap":{},"s":{"0":1,"1":2,"2":2},"f":{"0":2},"b":{},"_coverageSchema":"1a1c01bbd47fc00a2c39e90264f33305004495a9","hash":"ebe68979919d119b04f4dc9af30c5f11f0753e7d"}
,"C:\\PROYECTOS\\INNOVA_PRO+\\INNOVA_PRO+\\backend\\src\\modules\\usuarios\\domain\\entities\\usuario.js": {"path":"C:\\PROYECTOS\\INNOVA_PRO+\\INNOVA_PRO+\\backend\\src\\modules\\usuarios\\domain\\entities\\usuario.js","statementMap":{"0":{"start":{"line":3,"column":8},"end":{"line":3,"column":29}},"1":{"start":{"line":4,"column":8},"end":{"line":4,"column":27}},"2":{"start":{"line":5,"column":8},"end":{"line":5,"column":33}},"3":{"start":{"line":6,"column":8},"end":{"line":6,"column":23}},"4":{"start":{"line":10,"column":49},"end":{"line":10,"column":54}},"5":{"start":{"line":12,"column":8},"end":{"line":19,"column":9}},"6":{"start":{"line":13,"column":12},"end":{"line":13,"column":54}},"7":{"start":{"line":13,"column":27},"end":{"line":13,"column":54}},"8":{"start":{"line":15,"column":34},"end":{"line":15,"column":89}},"9":{"start":{"line":16,"column":12},"end":{"line":18,"column":13}},"10":{"start":{"line":17,"column":16},"end":{"line":17,"column":123}},"11":{"start":{"line":21,"column":8},"end":{"line":21,"column":82}},"12":{"start":{"line":21,"column":39},"end":{"line":21,"column":82}},"13":{"start":{"line":23,"column":28},"end":{"line":23,"column":54}},"14":{"start":{"line":24,"column":8},"end":{"line":24,"column":81}},"15":{"start":{"line":24,"column":39},"end":{"line":24,"column":81}},"16":{"start":{"line":26,"column":27},"end":{"line":26,"column":41}},"17":{"start":{"line":27,"column":8},"end":{"line":27,"column":73}},"18":{"start":{"line":27,"column":37},"end":{"line":27,"column":73}},"19":{"start":{"line":29,"column":32},"end":{"line":36,"column":9}},"20":{"start":{"line":38,"column":8},"end":{"line":38,"column":70}},"21":{"start":{"line":38,"column":44},"end":{"line":38,"column":70}},"22":{"start":{"line":40,"column":8},"end":{"line":40,"column":20}},"23":{"start":{"line":44,"column":8},"end":{"line":46,"column":9}},"24":{"start":{"line":45,"column":10},"end":{"line":45,"column":78}},"25":{"start":{"line":48,"column":27},"end":{"line":48,"column":41}},"26":{"start":{"line":49,"column":8},"end":{"line":51,"column":9}},"27":{"start":{"line":50,"column":10},"end":{"line":50,"column":46}},"28":{"start":{"line":53,"column":8},"end":{"line":53,"column":20}},"29":{"start":{"line":57,"column":0},"end":{"line":57,"column":25}}},"fnMap":{"0":{"name":"(anonymous_0)","decl":{"start":{"line":2,"column":4},"end":{"line":2,"column":5}},"loc":{"start":{"line":2,"column":46},"end":{"line":7,"column":5}},"line":2},"1":{"name":"(anonymous_1)","decl":{"start":{"line":9,"column":4},"end":{"line":9,"column":5}},"loc":{"start":{"line":9,"column":42},"end":{"line":41,"column":5}},"line":9},"2":{"name":"(anonymous_2)","decl":{"start":{"line":43,"column":4},"end":{"line":43,"column":5}},"loc":{"start":{"line":43,"column":62},"end":{"line":54,"column":7}},"line":43}},"branchMap":{"0":{"loc":{"start":{"line":9,"column":26},"end":{"line":9,"column":40}},"type":"default-arg","locations":[{"start":{"line":9,"column":33},"end":{"line":9,"column":40}}],"line":9},"1":{"loc":{"start":{"line":12,"column":8},"end":{"line":19,"column":9}},"type":"if","locations":[{"start":{"line":12,"column":8},"end":{"line":19,"column":9}},{"start":{},"end":{}}],"line":12},"2":{"loc":{"start":{"line":13,"column":12},"end":{"line":13,"column":54}},"type":"if","locations":[{"start":{"line":13,"column":12},"end":{"line":13,"column":54}},{"start":{},"end":{}}],"line":13},"3":{"loc":{"start":{"line":16,"column":12},"end":{"line":18,"column":13}},"type":"if","locations":[{"start":{"line":16,"column":12},"end":{"line":18,"column":13}},{"start":{},"end":{}}],"line":16},"4":{"loc":{"start":{"line":21,"column":8},"end":{"line":21,"column":82}},"type":"if","locations":[{"start":{"line":21,"column":8},"end":{"line":21,"column":82}},{"start":{},"end":{}}],"line":21},"5":{"loc":{"start":{"line":21,"column":12},"end":{"line":21,"column":37}},"type":"binary-expr","locations":[{"start":{"line":21,"column":12},"end":{"line":21,"column":19}},{"start":{"line":21,"column":23},"end":{"line":21,"column":29}},{"start":{"line":21,"column":33},"end":{"line":21,"column":37}}],"line":21},"6":{"loc":{"start":{"line":24,"column":8},"end":{"line":24,"column":81}},"type":"if","locations":[{"start":{"line":24,"column":8},"end":{"line":24,"column":81}},{"start":{},"end":{}}],"line":24},"7":{"loc":{"start":{"line":27,"column":8},"end":{"line":27,"column":73}},"type":"if","locations":[{"start":{"line":27,"column":8},"end":{"line":27,"column":73}},{"start":{},"end":{}}],"line":27},"8":{"loc":{"start":{"line":38,"column":8},"end":{"line":38,"column":70}},"type":"if","locations":[{"start":{"line":38,"column":8},"end":{"line":38,"column":70}},{"start":{},"end":{}}],"line":38},"9":{"loc":{"start":{"line":44,"column":8},"end":{"line":46,"column":9}},"type":"if","locations":[{"start":{"line":44,"column":8},"end":{"line":46,"column":9}},{"start":{},"end":{}}],"line":44},"10":{"loc":{"start":{"line":44,"column":12},"end":{"line":44,"column":50}},"type":"binary-expr","locations":[{"start":{"line":44,"column":12},"end":{"line":44,"column":18}},{"start":{"line":44,"column":22},"end":{"line":44,"column":31}},{"start":{"line":44,"column":35},"end":{"line":44,"column":50}}],"line":44},"11":{"loc":{"start":{"line":49,"column":8},"end":{"line":51,"column":9}},"type":"if","locations":[{"start":{"line":49,"column":8},"end":{"line":51,"column":9}},{"start":{},"end":{}}],"line":49}},"s":{"0":0,"1":0,"2":0,"3":0,"4":8,"5":8,"6":3,"7":1,"8":2,"9":2,"10":1,"11":6,"12":1,"13":5,"14":5,"15":0,"16":5,"17":5,"18":1,"19":4,"20":4,"21":1,"22":3,"23":5,"24":1,"25":4,"26":4,"27":0,"28":4,"29":3},"f":{"0":0,"1":8,"2":5},"b":{"0":[0],"1":[3,5],"2":[1,2],"3":[1,1],"4":[1,5],"5":[6,5,5],"6":[0,5],"7":[1,4],"8":[1,3],"9":[1,4],"10":[5,4,4],"11":[0,4]},"_coverageSchema":"1a1c01bbd47fc00a2c39e90264f33305004495a9","hash":"79add554fce75abc36ce7d03e558b846a66ae3a7"}
,"C:\\PROYECTOS\\INNOVA_PRO+\\INNOVA_PRO+\\backend\\src\\modules\\usuarios\\infrastructure\\models\\usuarioModel.js": {"path":"C:\\PROYECTOS\\INNOVA_PRO+\\INNOVA_PRO+\\backend\\src\\modules\\usuarios\\infrastructure\\models\\usuarioModel.js","statementMap":{"0":{"start":{"line":1,"column":22},"end":{"line":1,"column":42}},"1":{"start":{"line":2,"column":18},"end":{"line":2,"column":50}},"2":{"start":{"line":4,"column":16},"end":{"line":41,"column":1}},"3":{"start":{"line":43,"column":0},"end":{"line":43,"column":29}}},"fnMap":{},"branchMap":{},"s":{"0":8,"1":8,"2":8,"3":8},"f":{},"b":{},"_coverageSchema":"1a1c01bbd47fc00a2c39e90264f33305004495a9","hash":"bf9425a4cf0b0f6591e5bc35544db505e278aa70"}
,"C:\\PROYECTOS\\INNOVA_PRO+\\INNOVA_PRO+\\backend\\src\\modules\\usuarios\\infrastructure\\services\\entidadService.js": {"path":"C:\\PROYECTOS\\INNOVA_PRO+\\INNOVA_PRO+\\backend\\src\\modules\\usuarios\\infrastructure\\services\\entidadService.js","statementMap":{"0":{"start":{"line":1,"column":15},"end":{"line":1,"column":34}},"1":{"start":{"line":8,"column":25},"end":{"line":8,"column":62}},"2":{"start":{"line":9,"column":2},"end":{"line":14,"column":4}},"3":{"start":{"line":17,"column":0},"end":{"line":19,"column":2}}},"fnMap":{"0":{"name":"prepararUsuarioParaGuardar","decl":{"start":{"line":7,"column":15},"end":{"line":7,"column":41}},"loc":{"start":{"line":7,"column":49},"end":{"line":15,"column":1}},"line":7}},"branchMap":{},"s":{"0":1,"1":1,"2":1,"3":1},"f":{"0":1},"b":{},"_coverageSchema":"1a1c01bbd47fc00a2c39e90264f33305004495a9","hash":"cb601a57e30c7c794f8584e0b30a2e3606631cf8"}
}
