TN:
SF:src\config\db.js
FNF:0
FNH:0
DA:1,15
DA:2,15
DA:5,15
DA:8,15
DA:29,15
LF:5
LH:5
BRDA:14,0,0,15
BRDA:14,0,1,0
BRDA:21,1,0,0
BRDA:21,1,1,15
BRF:4
BRH:2
end_of_record
TN:
SF:src\models\contacto_clientes.js
FN:1,(anonymous_0)
FN:19,(anonymous_1)
FNF:2
FNH:1
FNDA:8,(anonymous_0)
FNDA:0,(anonymous_1)
DA:1,8
DA:2,8
DA:19,8
DA:20,0
DA:21,0
DA:24,8
LF:6
LH:4
BRF:0
BRH:0
end_of_record
TN:
SF:src\models\contacto_obras.js
FN:1,(anonymous_0)
FN:19,(anonymous_1)
FNF:2
FNH:1
FNDA:8,(anonymous_0)
FNDA:0,(anonymous_1)
DA:1,8
DA:2,8
DA:19,8
DA:20,0
DA:21,0
DA:24,8
LF:6
LH:4
BRF:0
BRH:0
end_of_record
TN:
SF:src\models\contrisunat.js
FN:1,(anonymous_0)
FNF:1
FNH:1
FNDA:8,(anonymous_0)
DA:1,8
DA:2,8
DA:23,8
LF:3
LH:3
BRF:0
BRH:0
end_of_record
TN:
SF:src\models\cotizacion_detalles.js
FN:2,(anonymous_0)
FNF:1
FNH:1
FNDA:8,(anonymous_0)
DA:2,8
DA:3,8
DA:60,8
LF:3
LH:3
BRF:0
BRH:0
end_of_record
TN:
SF:src\models\cotizaciones.js
FN:2,(anonymous_0)
FN:80,(anonymous_1)
FNF:2
FNH:2
FNDA:8,(anonymous_0)
FNDA:8,(anonymous_1)
DA:2,8
DA:3,8
DA:80,8
DA:81,8
DA:85,8
DA:89,8
DA:95,8
LF:7
LH:7
BRF:0
BRH:0
end_of_record
TN:
SF:src\models\empresa_producto.js
FN:1,(anonymous_0)
FNF:1
FNH:1
FNDA:8,(anonymous_0)
DA:1,8
DA:2,8
DA:29,8
LF:3
LH:3
BRF:0
BRH:0
end_of_record
TN:
SF:src\models\index.js
FNF:0
FNH:0
DA:3,8
DA:4,8
DA:5,8
DA:7,8
DA:8,8
DA:10,8
DA:11,8
DA:13,8
DA:14,8
DA:16,8
DA:17,8
DA:21,8
DA:22,8
DA:26,8
DA:27,8
DA:30,8
DA:31,8
DA:34,8
DA:37,8
DA:40,8
DA:41,8
DA:44,8
DA:45,8
DA:48,8
DA:49,8
DA:50,8
DA:51,8
DA:52,8
DA:53,8
DA:54,8
DA:55,8
DA:56,8
DA:57,8
DA:60,8
DA:61,8
DA:63,8
LF:36
LH:36
BRDA:48,0,0,8
BRDA:48,0,1,0
BRDA:49,1,0,8
BRDA:49,1,1,0
BRDA:50,2,0,8
BRDA:50,2,1,0
BRDA:51,3,0,8
BRDA:51,3,1,0
BRDA:52,4,0,0
BRDA:52,4,1,8
BRDA:53,5,0,0
BRDA:53,5,1,8
BRDA:54,6,0,8
BRDA:54,6,1,0
BRDA:55,7,0,0
BRDA:55,7,1,8
BRDA:56,8,0,8
BRDA:56,8,1,0
BRDA:57,9,0,8
BRDA:57,9,1,0
BRF:20
BRH:10
end_of_record
TN:
SF:src\models\notificacion.js
FN:1,(anonymous_0)
FN:22,(anonymous_1)
FNF:2
FNH:2
FNDA:8,(anonymous_0)
FNDA:8,(anonymous_1)
DA:1,8
DA:2,8
DA:22,8
DA:23,8
DA:28,8
LF:5
LH:5
BRF:0
BRH:0
end_of_record
TN:
SF:src\models\productos_servicios.js
FN:1,(anonymous_0)
FN:30,(anonymous_1)
FNF:2
FNH:2
FNDA:8,(anonymous_0)
FNDA:8,(anonymous_1)
DA:1,8
DA:2,8
DA:30,8
DA:31,8
DA:39,8
LF:5
LH:5
BRF:0
BRH:0
end_of_record
TN:
SF:src\models\tareas.js
FN:1,(anonymous_0)
FN:79,(anonymous_1)
FNF:2
FNH:2
FNDA:8,(anonymous_0)
FNDA:8,(anonymous_1)
DA:1,8
DA:2,8
DA:79,8
DA:80,8
DA:84,8
DA:88,8
DA:92,8
DA:96,8
DA:102,8
LF:9
LH:9
BRF:0
BRH:0
end_of_record
TN:
SF:src\models\ubigeos.js
FN:1,(anonymous_0)
FNF:1
FNH:1
FNDA:8,(anonymous_0)
DA:1,8
DA:2,8
DA:15,8
LF:3
LH:3
BRF:0
BRH:0
end_of_record
TN:
SF:src\modules\clientes\application\useCases\actualizarCliente.js
FN:3,(anonymous_0)
FNF:1
FNH:1
FNDA:1,(anonymous_0)
DA:1,1
DA:3,1
DA:4,1
DA:5,1
DA:7,1
DA:8,1
DA:10,1
DA:11,1
DA:13,1
DA:14,1
DA:16,1
DA:17,1
DA:19,1
LF:13
LH:13
BRDA:5,0,0,0
BRDA:5,0,1,1
BRDA:8,1,0,0
BRDA:8,1,1,1
BRDA:11,2,0,0
BRDA:11,2,1,1
BRDA:14,3,0,0
BRDA:14,3,1,1
BRF:8
BRH:4
end_of_record
TN:
SF:src\modules\clientes\application\useCases\crearCliente.js
FN:3,(anonymous_0)
FNF:1
FNH:1
FNDA:4,(anonymous_0)
DA:1,3
DA:3,3
DA:4,4
DA:5,4
DA:7,3
DA:8,3
DA:10,3
DA:11,3
DA:13,3
DA:14,3
DA:16,3
LF:11
LH:11
BRDA:5,0,0,1
BRDA:5,0,1,3
BRDA:8,1,0,0
BRDA:8,1,1,3
BRDA:11,2,0,0
BRDA:11,2,1,3
BRF:6
BRH:4
end_of_record
TN:
SF:src\modules\clientes\application\useCases\eliminarCliente.js
FN:1,(anonymous_0)
FNF:1
FNH:1
FNDA:1,(anonymous_0)
DA:1,1
DA:2,1
DA:3,1
DA:5,1
DA:6,1
LF:5
LH:5
BRDA:3,0,0,0
BRDA:3,0,1,1
BRF:2
BRH:1
end_of_record
TN:
SF:src\modules\clientes\application\useCases\obtenerClientes.js
FN:1,(anonymous_0)
FNF:1
FNH:1
FNDA:1,(anonymous_0)
DA:1,1
DA:2,1
DA:3,1
LF:3
LH:3
BRF:0
BRH:0
end_of_record
TN:
SF:src\modules\clientes\domain\entities\cliente.js
FN:2,(anonymous_0)
FN:15,(anonymous_1)
FN:32,(anonymous_2)
FN:44,(anonymous_3)
FN:62,(anonymous_4)
FNF:5
FNH:5
FNDA:1,(anonymous_0)
FNDA:9,(anonymous_1)
FNDA:16,(anonymous_2)
FNDA:9,(anonymous_3)
FNDA:6,(anonymous_4)
DA:3,1
DA:4,1
DA:5,1
DA:6,1
DA:7,1
DA:8,1
DA:9,1
DA:10,1
DA:11,1
DA:12,1
DA:16,9
DA:20,9
DA:21,9
DA:22,6
DA:23,2
DA:24,2
DA:26,4
DA:27,0
DA:31,7
DA:32,3
DA:33,16
DA:36,3
DA:37,1
DA:41,6
DA:45,9
DA:47,9
DA:48,6
DA:49,1
DA:51,3
DA:52,2
DA:53,1
DA:56,1
DA:59,6
DA:63,6
DA:71,6
DA:73,6
DA:74,5
DA:84,1
DA:85,1
DA:95,0
DA:99,4
LF:41
LH:39
BRDA:15,0,0,0
BRDA:21,1,0,6
BRDA:21,1,1,3
BRDA:22,2,0,2
BRDA:22,2,1,4
BRDA:22,3,0,6
BRDA:22,3,1,4
BRDA:26,4,0,0
BRDA:26,4,1,4
BRDA:31,5,0,3
BRDA:31,5,1,4
BRDA:33,6,0,16
BRDA:33,6,1,2
BRDA:33,6,2,2
BRDA:36,7,0,1
BRDA:36,7,1,2
BRDA:47,8,0,6
BRDA:47,8,1,3
BRDA:48,9,0,1
BRDA:48,9,1,5
BRDA:48,10,0,6
BRDA:48,10,1,5
BRDA:48,10,2,5
BRDA:48,10,3,5
BRDA:51,11,0,2
BRDA:51,11,1,1
BRDA:52,12,0,1
BRDA:52,12,1,1
BRDA:66,13,0,6
BRDA:66,13,1,0
BRDA:67,14,0,6
BRDA:67,14,1,1
BRDA:71,15,0,1
BRDA:71,15,1,5
BRDA:73,16,0,5
BRDA:73,16,1,1
BRDA:80,17,0,0
BRDA:80,17,1,5
BRDA:84,18,0,1
BRDA:84,18,1,0
BRF:40
BRH:35
end_of_record
TN:
SF:src\modules\clientes\infrastructure\models\clienteModel.js
FN:57,(anonymous_0)
FNF:1
FNH:1
FNDA:8,(anonymous_0)
DA:1,8
DA:2,8
DA:4,8
DA:57,8
DA:58,8
DA:66,8
LF:6
LH:6
BRF:0
BRH:0
end_of_record
TN:
SF:src\modules\clientes\infrastructure\repositories\sequelizeClienteRepository.js
FN:5,(anonymous_0)
FN:9,(anonymous_1)
FN:14,(anonymous_2)
FN:30,(anonymous_3)
FN:34,(anonymous_4)
FN:44,(anonymous_5)
FNF:6
FNH:6
FNDA:4,(anonymous_0)
FNDA:4,(anonymous_1)
FNDA:2,(anonymous_2)
FNDA:4,(anonymous_3)
FNDA:3,(anonymous_4)
FNDA:3,(anonymous_5)
DA:1,5
DA:2,5
DA:6,4
DA:10,4
DA:15,2
DA:31,4
DA:35,3
DA:36,3
DA:37,1
DA:38,1
DA:40,2
DA:41,2
DA:45,3
DA:46,3
DA:47,2
DA:51,5
LF:16
LH:16
BRDA:36,0,0,1
BRDA:36,0,1,2
BRDA:46,1,0,1
BRDA:46,1,1,2
BRF:4
BRH:4
end_of_record
TN:
SF:src\modules\clientes\infrastructure\services\entidadService.js
FN:3,verificarDuplicados
FNF:1
FNH:1
FNDA:10,verificarDuplicados
DA:1,4
DA:5,10
DA:6,1
DA:9,9
DA:11,9
DA:12,9
DA:13,9
DA:14,9
DA:17,9
DA:18,1
DA:21,8
DA:22,8
DA:23,2
DA:26,8
DA:27,8
DA:29,2
DA:31,2
DA:32,0
DA:34,2
DA:35,1
DA:37,2
DA:38,1
DA:40,2
DA:41,0
DA:43,2
DA:46,4
LF:26
LH:24
BRDA:3,0,0,0
BRDA:3,1,0,8
BRDA:5,2,0,1
BRDA:5,2,1,9
BRDA:5,3,0,10
BRDA:5,3,1,10
BRDA:11,4,0,5
BRDA:11,4,1,4
BRDA:11,5,0,9
BRDA:11,5,1,5
BRDA:12,6,0,0
BRDA:12,6,1,9
BRDA:12,7,0,9
BRDA:12,7,1,0
BRDA:13,8,0,5
BRDA:13,8,1,4
BRDA:13,9,0,9
BRDA:13,9,1,5
BRDA:14,10,0,6
BRDA:14,10,1,3
BRDA:14,11,0,9
BRDA:14,11,1,6
BRDA:17,12,0,1
BRDA:17,12,1,8
BRDA:22,13,0,2
BRDA:22,13,1,6
BRDA:27,14,0,6
BRDA:27,14,1,2
BRDA:31,15,0,0
BRDA:31,15,1,2
BRDA:31,16,0,2
BRDA:31,16,1,0
BRDA:34,17,0,1
BRDA:34,17,1,1
BRDA:34,18,0,2
BRDA:34,18,1,1
BRDA:37,19,0,1
BRDA:37,19,1,1
BRDA:37,20,0,2
BRDA:37,20,1,1
BRDA:40,21,0,0
BRDA:40,21,1,2
BRDA:40,22,0,2
BRDA:40,22,1,0
BRF:44
BRH:37
end_of_record
TN:
SF:src\modules\contactos\application\useCases\actualizarContacto.js
FN:3,(anonymous_0)
FNF:1
FNH:1
FNDA:2,(anonymous_0)
DA:1,1
DA:3,1
DA:4,2
DA:5,2
DA:7,1
DA:8,1
DA:10,1
DA:11,1
DA:14,1
LF:9
LH:9
BRDA:5,0,0,1
BRDA:5,0,1,1
BRDA:8,1,0,0
BRDA:8,1,1,1
BRF:4
BRH:3
end_of_record
TN:
SF:src\modules\contactos\application\useCases\crearContacto.js
FN:3,(anonymous_0)
FNF:1
FNH:1
FNDA:5,(anonymous_0)
DA:1,4
DA:3,4
DA:4,5
DA:5,5
DA:7,4
DA:8,4
DA:10,4
LF:7
LH:7
BRDA:5,0,0,1
BRDA:5,0,1,4
BRF:2
BRH:2
end_of_record
TN:
SF:src\modules\contactos\application\useCases\eliminarContacto.js
FN:1,(anonymous_0)
FNF:1
FNH:1
FNDA:2,(anonymous_0)
DA:1,1
DA:2,2
DA:3,2
DA:5,1
DA:6,1
LF:5
LH:5
BRDA:3,0,0,1
BRDA:3,0,1,1
BRF:2
BRH:2
end_of_record
TN:
SF:src\modules\contactos\application\useCases\obtenerContactos.js
FN:1,(anonymous_0)
FNF:1
FNH:1
FNDA:1,(anonymous_0)
DA:1,1
DA:2,1
DA:3,1
LF:3
LH:3
BRF:0
BRH:0
end_of_record
TN:
SF:src\modules\contactos\domain\entities\contacto.js
FN:2,(anonymous_0)
FN:11,(anonymous_1)
FN:20,(anonymous_2)
FN:36,(anonymous_3)
FNF:4
FNH:4
FNDA:1,(anonymous_0)
FNDA:10,(anonymous_1)
FNDA:12,(anonymous_2)
FNDA:6,(anonymous_3)
DA:3,1
DA:4,1
DA:5,1
DA:6,1
DA:7,1
DA:8,1
DA:12,10
DA:14,10
DA:15,7
DA:16,2
DA:19,8
DA:20,3
DA:21,12
DA:28,3
DA:29,1
DA:33,7
DA:37,6
DA:46,6
DA:50,5
LF:19
LH:19
BRDA:11,0,0,0
BRDA:14,1,0,7
BRDA:14,1,1,3
BRDA:15,2,0,2
BRDA:15,2,1,5
BRDA:15,3,0,7
BRDA:15,3,1,6
BRDA:19,4,0,3
BRDA:19,4,1,5
BRDA:22,5,0,12
BRDA:22,5,1,2
BRDA:22,5,2,2
BRDA:28,6,0,1
BRDA:28,6,1,2
BRF:14
BRH:13
end_of_record
TN:
SF:src\modules\contactos\infrastructure\models\contactoModel.js
FN:35,(anonymous_0)
FNF:1
FNH:1
FNDA:8,(anonymous_0)
DA:1,8
DA:2,8
DA:4,8
DA:35,8
DA:36,8
DA:43,8
DA:51,8
LF:7
LH:7
BRF:0
BRH:0
end_of_record
TN:
SF:src\modules\contactos\infrastructure\repositories\sequelizeContactoRepository.js
FN:5,(anonymous_0)
FN:9,(anonymous_1)
FN:23,(anonymous_2)
FN:39,(anonymous_3)
FN:52,(anonymous_4)
FN:71,(anonymous_5)
FN:81,(anonymous_6)
FN:102,(anonymous_7)
FNF:8
FNH:7
FNDA:0,(anonymous_0)
FNDA:5,(anonymous_1)
FNDA:3,(anonymous_2)
FNDA:2,(anonymous_3)
FNDA:2,(anonymous_4)
FNDA:6,(anonymous_5)
FNDA:2,(anonymous_6)
FNDA:3,(anonymous_7)
DA:1,5
DA:2,5
DA:6,0
DA:11,5
DA:13,5
DA:16,5
DA:17,2
DA:22,2
DA:23,3
DA:27,2
DA:32,5
DA:33,2
DA:38,2
DA:39,2
DA:43,2
DA:47,5
DA:49,5
DA:53,2
DA:73,6
DA:82,2
DA:83,2
DA:85,0
DA:86,0
DA:88,2
DA:91,2
DA:92,1
DA:95,2
DA:96,1
DA:99,2
DA:103,3
DA:104,3
DA:105,2
DA:110,5
LF:33
LH:30
BRDA:16,0,0,2
BRDA:16,0,1,3
BRDA:16,1,0,5
BRDA:16,1,1,5
BRDA:22,2,0,2
BRDA:22,2,1,0
BRDA:32,3,0,2
BRDA:32,3,1,3
BRDA:32,4,0,5
BRDA:32,4,1,5
BRDA:38,5,0,2
BRDA:38,5,1,0
BRDA:83,6,0,0
BRDA:83,6,1,2
BRDA:91,7,0,1
BRDA:91,7,1,1
BRDA:95,8,0,1
BRDA:95,8,1,1
BRDA:104,9,0,1
BRDA:104,9,1,2
BRF:20
BRH:17
end_of_record
TN:
SF:src\modules\filiales\application\useCases\actualizarFilial.js
FN:3,(anonymous_0)
FNF:1
FNH:1
FNDA:3,(anonymous_0)
DA:1,1
DA:3,1
DA:4,3
DA:5,3
DA:7,2
DA:8,2
DA:10,1
DA:11,1
DA:13,1
DA:15,1
LF:10
LH:10
BRDA:5,0,0,1
BRDA:5,0,1,2
BRDA:8,1,0,1
BRDA:8,1,1,1
BRDA:11,2,0,0
BRDA:11,2,1,1
BRF:6
BRH:5
end_of_record
TN:
SF:src\modules\filiales\application\useCases\crearFilial.js
FN:3,(anonymous_0)
FNF:1
FNH:1
FNDA:4,(anonymous_0)
DA:1,1
DA:3,1
DA:4,4
DA:5,4
DA:7,3
DA:8,3
DA:10,2
DA:12,2
DA:13,2
DA:15,2
LF:10
LH:10
BRDA:5,0,0,1
BRDA:5,0,1,3
BRDA:8,1,0,1
BRDA:8,1,1,2
BRF:4
BRH:4
end_of_record
TN:
SF:src\modules\filiales\application\useCases\eliminarFilial.js
FN:1,(anonymous_0)
FNF:1
FNH:1
FNDA:2,(anonymous_0)
DA:1,1
DA:2,2
DA:3,2
DA:5,1
DA:6,1
LF:5
LH:5
BRDA:3,0,0,1
BRDA:3,0,1,1
BRF:2
BRH:2
end_of_record
TN:
SF:src\modules\filiales\application\useCases\obtenerFiliales.js
FN:1,(anonymous_0)
FNF:1
FNH:1
FNDA:1,(anonymous_0)
DA:1,1
DA:2,1
DA:3,1
LF:3
LH:3
BRF:0
BRH:0
end_of_record
TN:
SF:src\modules\filiales\domain\entities\filial.js
FN:14,(anonymous_0)
FN:36,(anonymous_1)
FN:49,(anonymous_2)
FNF:3
FNH:3
FNDA:2,(anonymous_0)
FNDA:6,(anonymous_1)
FNDA:12,(anonymous_2)
DA:1,2
DA:25,2
DA:26,2
DA:27,2
DA:28,2
DA:29,2
DA:30,2
DA:31,2
DA:32,2
DA:33,2
DA:37,6
DA:38,4
DA:39,1
DA:42,3
DA:43,0
DA:47,5
DA:48,2
DA:50,12
DA:55,2
DA:56,1
DA:60,4
DA:65,2
LF:22
LH:21
BRDA:36,0,0,0
BRDA:37,1,0,4
BRDA:37,1,1,2
BRDA:38,2,0,1
BRDA:38,2,1,3
BRDA:38,3,0,4
BRDA:38,3,1,3
BRDA:38,3,2,3
BRDA:38,3,3,3
BRDA:42,4,0,0
BRDA:42,4,1,3
BRDA:47,5,0,2
BRDA:47,5,1,3
BRDA:50,6,0,12
BRDA:50,6,1,1
BRDA:50,6,2,1
BRDA:55,7,0,1
BRDA:55,7,1,1
BRF:18
BRH:16
end_of_record
TN:
SF:src\modules\filiales\infrastructure\models\filialModel.js
FNF:0
FNH:0
DA:1,11
DA:2,11
DA:4,11
DA:57,11
LF:4
LH:4
BRF:0
BRH:0
end_of_record
TN:
SF:src\modules\filiales\infrastructure\repositories\sequelizeFilialRepository.js
FN:4,(anonymous_0)
FN:8,(anonymous_1)
FN:20,(anonymous_2)
FN:24,(anonymous_3)
FN:28,(anonymous_4)
FN:38,(anonymous_5)
FNF:6
FNH:6
FNDA:3,(anonymous_0)
FNDA:4,(anonymous_1)
FNDA:2,(anonymous_2)
FNDA:4,(anonymous_3)
FNDA:2,(anonymous_4)
FNDA:3,(anonymous_5)
DA:1,4
DA:5,3
DA:9,4
DA:10,4
DA:12,0
DA:13,0
DA:14,0
DA:21,2
DA:25,4
DA:29,2
DA:30,2
DA:31,1
DA:32,1
DA:34,1
DA:35,1
DA:39,3
DA:40,3
DA:41,2
DA:45,4
LF:19
LH:16
BRDA:13,0,0,0
BRDA:13,0,1,0
BRDA:30,1,0,1
BRDA:30,1,1,1
BRDA:40,2,0,1
BRDA:40,2,1,2
BRF:6
BRH:4
end_of_record
TN:
SF:src\modules\filiales\infrastructure\services\entidadService.js
FN:3,verificarDuplicadosRUC
FNF:1
FNH:1
FNDA:3,verificarDuplicadosRUC
DA:1,1
DA:5,3
DA:6,0
DA:9,3
DA:11,3
DA:18,3
DA:20,1
DA:24,1
LF:8
LH:7
BRDA:3,0,0,0
BRDA:3,1,0,3
BRDA:5,2,0,0
BRDA:5,2,1,3
BRDA:5,3,0,3
BRDA:5,3,1,3
BRDA:9,4,0,0
BRDA:9,4,1,3
BRDA:18,5,0,2
BRDA:18,5,1,1
BRF:10
BRH:7
end_of_record
TN:
SF:src\modules\obras\application\useCases\actualizarObra.js
FN:3,(anonymous_0)
FNF:1
FNH:1
FNDA:2,(anonymous_0)
DA:1,1
DA:3,1
DA:4,2
DA:5,2
DA:7,1
DA:8,1
DA:10,1
DA:12,1
LF:8
LH:8
BRDA:5,0,0,1
BRDA:5,0,1,1
BRDA:8,1,0,0
BRDA:8,1,1,1
BRF:4
BRH:3
end_of_record
TN:
SF:src\modules\obras\application\useCases\crearObra.js
FN:3,(anonymous_0)
FNF:1
FNH:1
FNDA:5,(anonymous_0)
DA:1,4
DA:3,4
DA:4,5
DA:5,5
DA:7,4
DA:8,4
DA:10,4
LF:7
LH:7
BRDA:5,0,0,1
BRDA:5,0,1,4
BRF:2
BRH:2
end_of_record
TN:
SF:src\modules\obras\application\useCases\eliminarObra.js
FN:1,(anonymous_0)
FNF:1
FNH:1
FNDA:2,(anonymous_0)
DA:1,1
DA:2,2
DA:3,2
DA:5,1
DA:6,1
LF:5
LH:5
BRDA:3,0,0,1
BRDA:3,0,1,1
BRF:2
BRH:2
end_of_record
TN:
SF:src\modules\obras\application\useCases\obtenerObras.js
FN:1,(anonymous_0)
FNF:1
FNH:1
FNDA:1,(anonymous_0)
DA:1,1
DA:2,1
DA:3,1
LF:3
LH:3
BRF:0
BRH:0
end_of_record
TN:
SF:src\modules\obras\domain\entities\obra.js
FN:2,(anonymous_0)
FN:20,(anonymous_1)
FN:33,(anonymous_2)
FNF:3
FNH:3
FNDA:4,(anonymous_0)
FNDA:6,(anonymous_1)
FNDA:3,(anonymous_2)
DA:11,4
DA:12,4
DA:13,4
DA:14,4
DA:15,4
DA:16,4
DA:17,4
DA:21,6
DA:22,5
DA:23,1
DA:26,4
DA:27,0
DA:31,5
DA:32,1
DA:34,3
DA:39,1
DA:40,0
DA:44,5
DA:49,4
LF:19
LH:17
BRDA:20,0,0,0
BRDA:21,1,0,5
BRDA:21,1,1,1
BRDA:22,2,0,1
BRDA:22,2,1,4
BRDA:22,3,0,5
BRDA:22,3,1,5
BRDA:22,3,2,4
BRDA:22,3,3,4
BRDA:26,4,0,0
BRDA:26,4,1,4
BRDA:31,5,0,1
BRDA:31,5,1,4
BRDA:34,6,0,3
BRDA:34,6,1,1
BRDA:34,6,2,1
BRDA:39,7,0,0
BRDA:39,7,1,1
BRF:18
BRH:15
end_of_record
TN:
SF:src\modules\obras\infrastructure\models\obraModel.js
FN:56,(anonymous_0)
FNF:1
FNH:1
FNDA:8,(anonymous_0)
DA:1,12
DA:2,12
DA:4,12
DA:56,12
DA:57,8
DA:65,12
LF:6
LH:6
BRF:0
BRH:0
end_of_record
TN:
SF:src\modules\obras\infrastructure\repositories\sequelizeObraRepository.js
FN:4,(anonymous_0)
FN:8,(anonymous_1)
FN:12,(anonymous_2)
FN:16,(anonymous_3)
FN:20,(anonymous_4)
FN:30,(anonymous_5)
FNF:6
FNH:5
FNDA:0,(anonymous_0)
FNDA:5,(anonymous_1)
FNDA:2,(anonymous_2)
FNDA:6,(anonymous_3)
FNDA:3,(anonymous_4)
FNDA:3,(anonymous_5)
DA:1,5
DA:5,0
DA:9,5
DA:13,2
DA:17,6
DA:21,3
DA:22,3
DA:23,1
DA:24,1
DA:26,2
DA:27,2
DA:31,3
DA:32,3
DA:33,2
DA:37,5
LF:15
LH:14
BRDA:22,0,0,1
BRDA:22,0,1,2
BRDA:32,1,0,1
BRDA:32,1,1,2
BRF:4
BRH:4
end_of_record
TN:
SF:src\modules\usuarios\application\useCases\actualizarUsuario.js
FN:3,(anonymous_0)
FNF:1
FNH:1
FNDA:6,(anonymous_0)
DA:1,1
DA:3,1
DA:4,6
DA:5,6
DA:7,5
DA:8,5
DA:11,2
DA:12,2
DA:13,1
DA:16,1
DA:18,1
LF:11
LH:11
BRDA:5,0,0,1
BRDA:5,0,1,5
BRDA:8,1,0,3
BRDA:8,1,1,2
BRDA:12,2,0,1
BRDA:12,2,1,1
BRF:6
BRH:6
end_of_record
TN:
SF:src\modules\usuarios\application\useCases\crearUsuario.js
FN:4,(anonymous_0)
FNF:1
FNH:1
FNDA:3,(anonymous_0)
DA:1,1
DA:2,1
DA:4,1
DA:6,3
DA:7,3
DA:10,1
DA:11,1
DA:12,0
DA:15,1
DA:16,1
DA:18,1
LF:11
LH:10
BRDA:7,0,0,2
BRDA:7,0,1,1
BRDA:11,1,0,0
BRDA:11,1,1,1
BRF:4
BRH:3
end_of_record
TN:
SF:src\modules\usuarios\application\useCases\eliminarUsuario.js
FN:1,(anonymous_0)
FNF:1
FNH:1
FNDA:2,(anonymous_0)
DA:1,1
DA:2,2
DA:3,2
DA:5,1
DA:6,1
LF:5
LH:5
BRDA:3,0,0,1
BRDA:3,0,1,1
BRF:2
BRH:2
end_of_record
TN:
SF:src\modules\usuarios\application\useCases\loginUsuario.js
FN:6,(anonymous_0)
FNF:1
FNH:1
FNDA:5,(anonymous_0)
DA:1,1
DA:2,1
DA:3,1
DA:4,1
DA:6,1
DA:7,5
DA:8,5
DA:10,4
DA:12,4
DA:13,4
DA:14,1
DA:17,3
DA:18,3
DA:19,1
DA:22,2
DA:23,2
DA:24,1
DA:27,1
DA:33,1
LF:19
LH:19
BRDA:8,0,0,1
BRDA:8,0,1,4
BRDA:13,1,0,1
BRDA:13,1,1,3
BRDA:18,2,0,1
BRDA:18,2,1,2
BRDA:23,3,0,1
BRDA:23,3,1,1
BRF:8
BRH:8
end_of_record
TN:
SF:src\modules\usuarios\application\useCases\obtenerUsuarioPorId.js
FN:1,(anonymous_0)
FNF:1
FNH:1
FNDA:2,(anonymous_0)
DA:1,1
DA:2,2
DA:3,2
DA:5,1
LF:4
LH:4
BRDA:3,0,0,1
BRDA:3,0,1,1
BRF:2
BRH:2
end_of_record
TN:
SF:src\modules\usuarios\application\useCases\obtenerUsuarios.js
FN:1,(anonymous_0)
FNF:1
FNH:1
FNDA:2,(anonymous_0)
DA:1,1
DA:2,2
DA:3,2
LF:3
LH:3
BRF:0
BRH:0
end_of_record
TN:
SF:src\modules\usuarios\domain\entities\usuario.js
FN:2,(anonymous_0)
FN:9,(anonymous_1)
FN:43,(anonymous_2)
FNF:3
FNH:2
FNDA:0,(anonymous_0)
FNDA:8,(anonymous_1)
FNDA:5,(anonymous_2)
DA:3,0
DA:4,0
DA:5,0
DA:6,0
DA:10,8
DA:12,8
DA:13,3
DA:15,2
DA:16,2
DA:17,1
DA:21,6
DA:23,5
DA:24,5
DA:26,5
DA:27,5
DA:29,4
DA:38,4
DA:40,3
DA:44,5
DA:45,1
DA:48,4
DA:49,4
DA:50,0
DA:53,4
DA:57,3
LF:25
LH:20
BRDA:9,0,0,0
BRDA:12,1,0,3
BRDA:12,1,1,5
BRDA:13,2,0,1
BRDA:13,2,1,2
BRDA:16,3,0,1
BRDA:16,3,1,1
BRDA:21,4,0,1
BRDA:21,4,1,5
BRDA:21,5,0,6
BRDA:21,5,1,5
BRDA:21,5,2,5
BRDA:24,6,0,0
BRDA:24,6,1,5
BRDA:27,7,0,1
BRDA:27,7,1,4
BRDA:38,8,0,1
BRDA:38,8,1,3
BRDA:44,9,0,1
BRDA:44,9,1,4
BRDA:44,10,0,5
BRDA:44,10,1,4
BRDA:44,10,2,4
BRDA:49,11,0,0
BRDA:49,11,1,4
BRF:25
BRH:22
end_of_record
TN:
SF:src\modules\usuarios\infrastructure\models\usuarioModel.js
FNF:0
FNH:0
DA:1,8
DA:2,8
DA:4,8
DA:43,8
LF:4
LH:4
BRF:0
BRH:0
end_of_record
TN:
SF:src\modules\usuarios\infrastructure\services\entidadService.js
FN:7,prepararUsuarioParaGuardar
FNF:1
FNH:1
FNDA:1,prepararUsuarioParaGuardar
DA:1,1
DA:8,1
DA:9,1
DA:17,1
LF:4
LH:4
BRF:0
BRH:0
end_of_record
